13.3466 	WARNING 	User requested fullscreen with size [1536  864], but screen is actually [1920, 1080]. Using actual size
15.7247 	EXP 	Created window1 = Window(allowGUI=True, allowStencil=False, autoLog=True, backendConf=UNKNOWN, backgroundFit=<method-wrapper '__getattribute__' of attributeSetter object at 0x00000223F022E0D0>, backgroundImage=<method-wrapper '__getattribute__' of attributeSetter object at 0x00000223F022E070>, bitsMode=UNKNOWN, blendMode='avg', bpc=(8, 8, 8), color=array([0, 0, 0]), colorSpace='rgb', depthBits=8, fullscr=<method-wrapper '__getattribute__' of attributeSetter object at 0x00000223F0199F10>, gamma=None, gammaErrorPolicy='raise', lms=UNKNOWN, monitor=<psychopy.monitors.calibTools.Monitor object at 0x00000223F0579070>, multiSample=False, name='window1', numSamples=2, pos=(0, 0), screen=0, size=array([1920, 1080]), stencilBits=0, stereo=False, title='PsychoPy', units='height', useFBO=True, useRetina=False, viewOri=0.0, viewPos=None, viewScale=None, waitBlanking=True, winType='pyglet')
15.7248 	EXP 	window1: mouseVisible = True
15.7248 	EXP 	window1: backgroundImage = ''
15.7248 	EXP 	window1: backgroundFit = 'none'
15.7274 	EXP 	window1: Attempting to measure frame rate of screen (0) ...
15.7274 	EXP 	window1: recordFrameIntervals = False
15.8909 	EXP 	window1: recordFrameIntervals = True
16.0766 	EXP 	Screen (0) actual frame rate measured at 59.42Hz
16.0767 	EXP 	window1: recordFrameIntervals = False
16.0769 	EXP 	window1: mouseVisible = False
20.7367 	EXP 	con_exp: status = STARTED
20.7380 	EXP 	window1: mouseVisible = True
20.9941 	EXP 	Created text_instr_1 = TextStim(__class__=<class 'psychopy.visual.text.TextStim'>, alignHoriz=method-wrapper(...), alignText='center', alignVert=method-wrapper(...), anchorHoriz='center', anchorVert='center', antialias=True, autoDraw=False, autoLog=True, bold=False, color=array([1., 1., 1.]), colorSpace='rgb', contrast=1.0, depth=0.0, draggable=False, flipHoriz=False, flipVert=False, font='Open Sans', fontFiles=[], height=0.05, italic=False, languageStyle='LTR', name='text_instr_1', opacity=1.0, ori=0.0, pos=array([0., 0.]), rgb=UNKNOWN, text=str(...), units='height', win=Window(...), wrapWidth=1)
20.9944 	EXP 	window1: mouseVisible = True
20.9961 	EXP 	Created text = TextStim(__class__=<class 'psychopy.visual.text.TextStim'>, alignHoriz=method-wrapper(...), alignText='center', alignVert=method-wrapper(...), anchorHoriz='center', anchorVert='center', antialias=True, autoDraw=False, autoLog=True, bold=False, color=array([1., 1., 1.]), colorSpace='rgb', contrast=1.0, depth=0.0, draggable=False, flipHoriz=False, flipVert=False, font='Open Sans', fontFiles=[], height=0.05, italic=False, languageStyle='LTR', name='text', opacity=1.0, ori=0.0, pos=array([0., 0.]), rgb=UNKNOWN, text='', units='height', win=Window(...), wrapWidth=1)
20.9963 	EXP 	window1: mouseVisible = True
21.0066 	EXP 	Created text_2 = TextStim(__class__=<class 'psychopy.visual.text.TextStim'>, alignHoriz=method-wrapper(...), alignText='center', alignVert=method-wrapper(...), anchorHoriz='center', anchorVert='center', antialias=True, autoDraw=False, autoLog=True, bold=False, color=array([1., 1., 1.]), colorSpace='rgb', contrast=1.0, depth=-1.0, draggable=False, flipHoriz=False, flipVert=False, font='Open Sans', fontFiles=[], height=0.05, italic=False, languageStyle='LTR', name='text_2', opacity=1.0, ori=0.0, pos=array([ 0. , -0.2]), rgb=UNKNOWN, text=str(...), units='height', win=Window(...), wrapWidth=1)
21.0067 	EXP 	window1: mouseVisible = True
21.0428 	EXP 	Created image_1 = ImageStim(__class__=<class 'psychopy.visual.image.ImageStim'>, anchor=('center', 'center'), autoLog=True, color=array([1., 1., 1.]), colorSpace='rgb', contrast=1.0, depth=0.0, draggable=False, flipHoriz=False, flipVert=False, image='default.png', interpolate=True, mask=None, maskParams=None, name='image_1', opacity=1.0, ori=0.0, pos=array([0., 0.]), size=array([0.4, 0.4]), texRes=128.0, units='height', win=Window(...))
21.0430 	EXP 	window1: mouseVisible = True
21.0447 	EXP 	Created text_label_1 = TextStim(__class__=<class 'psychopy.visual.text.TextStim'>, alignHoriz=method-wrapper(...), alignText='center', alignVert=method-wrapper(...), anchorHoriz='center', anchorVert='center', antialias=True, autoDraw=False, autoLog=True, bold=False, color=array([1., 1., 1.]), colorSpace='rgb', contrast=1.0, depth=-1.0, draggable=False, flipHoriz=False, flipVert=False, font='Open Sans', fontFiles=[], height=0.05, italic=False, languageStyle='LTR', name='text_label_1', opacity=1.0, ori=0.0, pos=array([ 0. , -0.3]), rgb=UNKNOWN, text='', units='height', win=Window(...), wrapWidth=1)
21.0449 	EXP 	window1: mouseVisible = True
21.0618 	EXP 	Created text_ans_quest_right = TextStim(__class__=<class 'psychopy.visual.text.TextStim'>, alignHoriz=method-wrapper(...), alignText='center', alignVert=method-wrapper(...), anchorHoriz='center', anchorVert='center', antialias=True, autoDraw=False, autoLog=True, bold=False, color=array([1., 1., 1.]), colorSpace='rgb', contrast=1.0, depth=0.0, draggable=False, flipHoriz=False, flipVert=False, font='Open Sans', fontFiles=[], height=0.04, italic=False, languageStyle='LTR', name='text_ans_quest_right', opacity=1.0, ori=0.0, pos=array([0.3, 0. ]), rgb=UNKNOWN, text='стрелка вправо - ответ "да"', units='height', win=Window(...), wrapWidth=1)
21.0619 	EXP 	window1: mouseVisible = True
21.0686 	EXP 	Created text_ans_quest_left = TextStim(__class__=<class 'psychopy.visual.text.TextStim'>, alignHoriz=method-wrapper(...), alignText='center', alignVert=method-wrapper(...), anchorHoriz='center', anchorVert='center', antialias=True, autoDraw=False, autoLog=True, bold=False, color=array([1., 1., 1.]), colorSpace='rgb', contrast=1.0, depth=-1.0, draggable=False, flipHoriz=False, flipVert=False, font='Open Sans', fontFiles=[], height=0.04, italic=False, languageStyle='LTR', name='text_ans_quest_left', opacity=1.0, ori=0.0, pos=array([-0.3,  0. ]), rgb=UNKNOWN, text='стрелка влево - ответ "нет"', units='height', win=Window(...), wrapWidth=1)
21.0688 	EXP 	window1: mouseVisible = True
21.0993 	EXP 	Created text_3 = TextStim(__class__=<class 'psychopy.visual.text.TextStim'>, alignHoriz=method-wrapper(...), alignText='center', alignVert=method-wrapper(...), anchorHoriz='center', anchorVert='center', antialias=True, autoDraw=False, autoLog=True, bold=False, color=array([1., 1., 1.]), colorSpace='rgb', contrast=1.0, depth=0.0, draggable=False, flipHoriz=False, flipVert=False, font='Open Sans', fontFiles=[], height=0.05, italic=False, languageStyle='LTR', name='text_3', opacity=1.0, ori=0.0, pos=array([0., 0.]), rgb=UNKNOWN, text=str(...), units='height', win=Window(...), wrapWidth=1)
21.0995 	EXP 	window1: mouseVisible = True
21.1184 	EXP 	Created image_2 = ImageStim(__class__=<class 'psychopy.visual.image.ImageStim'>, anchor=('center', 'center'), autoLog=True, color=array([1., 1., 1.]), colorSpace='rgb', contrast=1.0, depth=0.0, draggable=False, flipHoriz=False, flipVert=False, image='default.png', interpolate=True, mask=None, maskParams=None, name='image_2', opacity=1.0, ori=0.0, pos=array([0., 0.]), size=array([0.4, 0.4]), texRes=128.0, units='height', win=Window(...))
21.1186 	EXP 	window1: mouseVisible = True
21.1203 	EXP 	Created text_label_2 = TextStim(__class__=<class 'psychopy.visual.text.TextStim'>, alignHoriz=method-wrapper(...), alignText='center', alignVert=method-wrapper(...), anchorHoriz='center', anchorVert='center', antialias=True, autoDraw=False, autoLog=True, bold=False, color=array([1., 1., 1.]), colorSpace='rgb', contrast=1.0, depth=-1.0, draggable=False, flipHoriz=False, flipVert=False, font='Open Sans', fontFiles=[], height=0.05, italic=False, languageStyle='LTR', name='text_label_2', opacity=1.0, ori=0.0, pos=array([ 0. , -0.3]), rgb=UNKNOWN, text='', units='height', win=Window(...), wrapWidth=1)
21.1204 	EXP 	window1: mouseVisible = True
21.1433 	EXP 	Created text_instr_3 = TextStim(__class__=<class 'psychopy.visual.text.TextStim'>, alignHoriz=method-wrapper(...), alignText='center', alignVert=method-wrapper(...), anchorHoriz='center', anchorVert='center', antialias=True, autoDraw=False, autoLog=True, bold=False, color=array([1., 1., 1.]), colorSpace='rgb', contrast=1.0, depth=-3.0, draggable=False, flipHoriz=False, flipVert=False, font='Open Sans', fontFiles=[], height=0.02, italic=False, languageStyle='LTR', name='text_instr_3', opacity=1.0, ori=0.0, pos=array([ 0. , -0.4]), rgb=UNKNOWN, text=str(...), units='height', win=Window(...), wrapWidth=1)
0.0295 	EXP 	text_instr_1: autoDraw = True
1.3485 	EXP 	Imported con_stim.xlsx as conditions, 24 conditions, 5 params
1.3516 	EXP 	Created sequence: random, trialTypes=24, nReps=1, seed=None
1.3520 	EXP 	New trial (rep=0, index=0): {'ImageFile': 'img21.png', 'LabelText': 'туалетто-кенгуретто', 'QuestionType': 'Самоотнесенный', 'QuestionText': 'Ассоциируете ли Вы себя с этим словом?', 'CorrectAnswer_congr': 'right'}
1.3743 	DATA 	Keypress: space
1.3788 	EXP 	text_instr_1: autoDraw = False
1.3788 	EXP 	text: height = 0.05
1.3788 	EXP 	text: height = 0.05
1.3788 	EXP 	text: height = 0.05
1.3788 	EXP 	text: text = 'Ассоциируете ли Вы себя с этим словом?'
1.3788 	EXP 	text: autoDraw = True
1.3788 	EXP 	text_2: autoDraw = True
2.7157 	DATA 	Keypress: space
2.7208 	EXP 	text: autoDraw = False
2.7208 	EXP 	text_2: autoDraw = False
2.7208 	EXP 	image_1: image = 'img21.png'
2.7208 	EXP 	text_label_1: height = 0.05
2.7208 	EXP 	text_label_1: height = 0.05
2.7208 	EXP 	text_label_1: height = 0.05
2.7208 	EXP 	text_label_1: text = 'туалетто-кенгуретто'
2.7208 	EXP 	image_1: autoDraw = True
2.7208 	EXP 	text_label_1: autoDraw = True
5.1474 	EXP 	image_1: autoDraw = False
5.1474 	EXP 	text_label_1: autoDraw = False
5.1474 	EXP 	text_ans_quest_right: autoDraw = True
5.1474 	EXP 	text_ans_quest_left: autoDraw = True
6.2330 	EXP 	New trial (rep=0, index=1): {'ImageFile': 'img3.png', 'LabelText': 'барахлоро-коалоро', 'QuestionType': 'Самоотнесенный', 'QuestionText': 'Ассоциируете ли Вы себя с этим словом?', 'CorrectAnswer_congr': 'right'}
6.2360 	DATA 	Keypress: right
6.2475 	EXP 	text_ans_quest_right: autoDraw = False
6.2475 	EXP 	text_ans_quest_left: autoDraw = False
6.2475 	EXP 	text: text = 'Ассоциируете ли Вы себя с этим словом?'
6.2475 	EXP 	text: autoDraw = True
6.2475 	EXP 	text_2: autoDraw = True
9.0170 	DATA 	Keypress: space
9.0215 	EXP 	text: autoDraw = False
9.0215 	EXP 	text_2: autoDraw = False
9.0215 	EXP 	image_1: image = 'img3.png'
9.0215 	EXP 	text_label_1: height = 0.05
9.0215 	EXP 	text_label_1: height = 0.05
9.0215 	EXP 	text_label_1: height = 0.05
9.0215 	EXP 	text_label_1: text = 'барахлоро-коалоро'
9.0215 	EXP 	image_1: autoDraw = True
9.0215 	EXP 	text_label_1: autoDraw = True
11.5142 	EXP 	image_1: autoDraw = False
11.5142 	EXP 	text_label_1: autoDraw = False
11.5142 	EXP 	text_ans_quest_right: autoDraw = True
11.5142 	EXP 	text_ans_quest_left: autoDraw = True
11.9991 	EXP 	New trial (rep=0, index=2): {'ImageFile': 'img6.png', 'LabelText': 'КАРТОШЕЛЛО-КУКУШЕЛЛО', 'QuestionType': 'Самоотнесенный', 'QuestionText': 'Ассоциируете ли Вы себя с этим словом?', 'CorrectAnswer_congr': 'right'}
12.0023 	DATA 	Keypress: right
12.0142 	EXP 	text_ans_quest_right: autoDraw = False
12.0142 	EXP 	text_ans_quest_left: autoDraw = False
12.0142 	EXP 	text: text = 'Ассоциируете ли Вы себя с этим словом?'
12.0142 	EXP 	text: autoDraw = True
12.0142 	EXP 	text_2: autoDraw = True
13.5434 	DATA 	Keypress: space
13.5484 	EXP 	text: autoDraw = False
13.5484 	EXP 	text_2: autoDraw = False
13.5484 	EXP 	image_1: image = 'img6.png'
13.5484 	EXP 	text_label_1: height = 0.05
13.5484 	EXP 	text_label_1: height = 0.05
13.5484 	EXP 	text_label_1: height = 0.05
13.5484 	EXP 	text_label_1: text = 'КАРТОШЕЛЛО-КУКУШЕЛЛО'
13.5484 	EXP 	image_1: autoDraw = True
13.5484 	EXP 	text_label_1: autoDraw = True
16.0309 	EXP 	image_1: autoDraw = False
16.0309 	EXP 	text_label_1: autoDraw = False
16.0309 	EXP 	text_ans_quest_right: autoDraw = True
16.0309 	EXP 	text_ans_quest_left: autoDraw = True
16.5658 	EXP 	New trial (rep=0, index=3): {'ImageFile': 'img18.png', 'LabelText': 'РУБИНОРО-ДЕЛЬФИНОРО', 'QuestionType': 'Самоотнесенный', 'QuestionText': 'Ассоциируете ли Вы себя с этим словом?', 'CorrectAnswer_congr': 'right'}
16.5688 	DATA 	Keypress: right
16.5811 	EXP 	text_ans_quest_right: autoDraw = False
16.5811 	EXP 	text_ans_quest_left: autoDraw = False
16.5811 	EXP 	text: text = 'Ассоциируете ли Вы себя с этим словом?'
16.5811 	EXP 	text: autoDraw = True
16.5811 	EXP 	text_2: autoDraw = True
17.3367 	DATA 	Keypress: space
17.3414 	EXP 	text: autoDraw = False
17.3414 	EXP 	text_2: autoDraw = False
17.3414 	EXP 	image_1: image = 'img18.png'
17.3414 	EXP 	text_label_1: height = 0.05
17.3414 	EXP 	text_label_1: height = 0.05
17.3414 	EXP 	text_label_1: height = 0.05
17.3414 	EXP 	text_label_1: text = 'РУБИНОРО-ДЕЛЬФИНОРО'
17.3414 	EXP 	image_1: autoDraw = True
17.3414 	EXP 	text_label_1: autoDraw = True
19.8309 	EXP 	image_1: autoDraw = False
19.8309 	EXP 	text_label_1: autoDraw = False
19.8309 	EXP 	text_ans_quest_right: autoDraw = True
19.8309 	EXP 	text_ans_quest_left: autoDraw = True
20.1328 	EXP 	New trial (rep=0, index=4): {'ImageFile': 'img15.png', 'LabelText': 'огурцони-акулони', 'QuestionType': 'Самоотнесенный', 'QuestionText': 'Ассоциируете ли Вы себя с этим словом?', 'CorrectAnswer_congr': 'right'}
20.1358 	DATA 	Keypress: right
20.1477 	EXP 	text_ans_quest_right: autoDraw = False
20.1477 	EXP 	text_ans_quest_left: autoDraw = False
20.1477 	EXP 	text: text = 'Ассоциируете ли Вы себя с этим словом?'
20.1477 	EXP 	text: autoDraw = True
20.1477 	EXP 	text_2: autoDraw = True
20.8931 	DATA 	Keypress: space
20.8990 	EXP 	text: autoDraw = False
20.8990 	EXP 	text_2: autoDraw = False
20.8990 	EXP 	image_1: image = 'img15.png'
20.8990 	EXP 	text_label_1: height = 0.05
20.8990 	EXP 	text_label_1: height = 0.05
20.8990 	EXP 	text_label_1: height = 0.05
20.8990 	EXP 	text_label_1: text = 'огурцони-акулони'
20.8990 	EXP 	image_1: autoDraw = True
20.8990 	EXP 	text_label_1: autoDraw = True
23.3975 	EXP 	image_1: autoDraw = False
23.3975 	EXP 	text_label_1: autoDraw = False
23.3975 	EXP 	text_ans_quest_right: autoDraw = True
23.3975 	EXP 	text_ans_quest_left: autoDraw = True
23.7826 	EXP 	New trial (rep=0, index=5): {'ImageFile': 'img11.png', 'LabelText': 'лавашетто-лягушето', 'QuestionType': 'Фонологический', 'QuestionText': 'Слово рифмуется с "туманетто"?', 'CorrectAnswer_congr': 'right'}
23.7972 	DATA 	Keypress: right
23.8014 	EXP 	text_ans_quest_right: autoDraw = False
23.8014 	EXP 	text_ans_quest_left: autoDraw = False
23.8014 	EXP 	text: height = 0.05
23.8014 	EXP 	text: height = 0.05
23.8014 	EXP 	text: height = 0.05
23.8014 	EXP 	text: text = 'Слово рифмуется с "туманетто"?'
23.8014 	EXP 	text: autoDraw = True
23.8014 	EXP 	text_2: autoDraw = True
24.3182 	DATA 	Keypress: space
24.3863 	EXP 	text: autoDraw = False
24.3863 	EXP 	text_2: autoDraw = False
24.3863 	EXP 	image_1: image = 'img11.png'
24.3863 	EXP 	text_label_1: height = 0.05
24.3863 	EXP 	text_label_1: height = 0.05
24.3863 	EXP 	text_label_1: height = 0.05
24.3863 	EXP 	text_label_1: text = 'лавашетто-лягушето'
24.3863 	EXP 	image_1: autoDraw = True
24.3863 	EXP 	text_label_1: autoDraw = True
26.8641 	EXP 	image_1: autoDraw = False
26.8641 	EXP 	text_label_1: autoDraw = False
26.8641 	EXP 	text_ans_quest_right: autoDraw = True
26.8641 	EXP 	text_ans_quest_left: autoDraw = True
27.1827 	EXP 	New trial (rep=0, index=6): {'ImageFile': 'img9.png', 'LabelText': 'кокосело-медузело', 'QuestionType': 'Самоотнесенный', 'QuestionText': 'Ассоциируете ли Вы себя с этим словом?', 'CorrectAnswer_congr': 'right'}
27.1898 	DATA 	Keypress: right
27.1976 	EXP 	text_ans_quest_right: autoDraw = False
27.1976 	EXP 	text_ans_quest_left: autoDraw = False
27.1976 	EXP 	text: height = 0.05
27.1976 	EXP 	text: height = 0.05
27.1976 	EXP 	text: height = 0.05
27.1976 	EXP 	text: text = 'Ассоциируете ли Вы себя с этим словом?'
27.1976 	EXP 	text: autoDraw = True
27.1976 	EXP 	text_2: autoDraw = True
27.5508 	DATA 	Keypress: space
28.2323 	DATA 	Keypress: space
28.2369 	EXP 	text: autoDraw = False
28.2369 	EXP 	text_2: autoDraw = False
28.2369 	EXP 	image_1: image = 'img9.png'
28.2369 	EXP 	text_label_1: height = 0.05
28.2369 	EXP 	text_label_1: height = 0.05
28.2369 	EXP 	text_label_1: height = 0.05
28.2369 	EXP 	text_label_1: text = 'кокосело-медузело'
28.2369 	EXP 	image_1: autoDraw = True
28.2369 	EXP 	text_label_1: autoDraw = True
30.7142 	EXP 	image_1: autoDraw = False
30.7142 	EXP 	text_label_1: autoDraw = False
30.7142 	EXP 	text_ans_quest_right: autoDraw = True
30.7142 	EXP 	text_ans_quest_left: autoDraw = True
31.0494 	EXP 	New trial (rep=0, index=7): {'ImageFile': 'img8.png', 'LabelText': 'КЛУБНИЧИТТО-ХОМЯЧИТТО', 'QuestionType': 'Фонологический', 'QuestionText': 'Слово рифмуется с  "ветеритто"?', 'CorrectAnswer_congr': 'right'}
31.0596 	DATA 	Keypress: right
31.0652 	EXP 	text_ans_quest_right: autoDraw = False
31.0652 	EXP 	text_ans_quest_left: autoDraw = False
31.0652 	EXP 	text: height = 0.05
31.0652 	EXP 	text: height = 0.05
31.0652 	EXP 	text: height = 0.05
31.0652 	EXP 	text: text = 'Слово рифмуется с  "ветеритто"?'
31.0652 	EXP 	text: autoDraw = True
31.0652 	EXP 	text_2: autoDraw = True
31.8035 	DATA 	Keypress: space
31.8081 	EXP 	text: autoDraw = False
31.8081 	EXP 	text_2: autoDraw = False
31.8081 	EXP 	image_1: image = 'img8.png'
31.8081 	EXP 	text_label_1: height = 0.05
31.8081 	EXP 	text_label_1: height = 0.05
31.8081 	EXP 	text_label_1: height = 0.05
31.8081 	EXP 	text_label_1: text = 'КЛУБНИЧИТТО-ХОМЯЧИТТО'
31.8081 	EXP 	image_1: autoDraw = True
31.8081 	EXP 	text_label_1: autoDraw = True
34.2975 	EXP 	image_1: autoDraw = False
34.2975 	EXP 	text_label_1: autoDraw = False
34.2975 	EXP 	text_ans_quest_right: autoDraw = True
34.2975 	EXP 	text_ans_quest_left: autoDraw = True
34.6159 	EXP 	New trial (rep=0, index=8): {'ImageFile': 'img23.png', 'LabelText': 'чайничитто-кошачитто', 'QuestionType': 'Фонологический', 'QuestionText': 'Слово рифмуется с "туманетто"?', 'CorrectAnswer_congr': 'left'}
34.6237 	DATA 	Keypress: right
34.6309 	EXP 	text_ans_quest_right: autoDraw = False
34.6309 	EXP 	text_ans_quest_left: autoDraw = False
34.6309 	EXP 	text: height = 0.05
34.6309 	EXP 	text: height = 0.05
34.6309 	EXP 	text: height = 0.05
34.6309 	EXP 	text: text = 'Слово рифмуется с "туманетто"?'
34.6309 	EXP 	text: autoDraw = True
34.6309 	EXP 	text_2: autoDraw = True
35.3789 	DATA 	Keypress: space
35.3843 	EXP 	text: autoDraw = False
35.3843 	EXP 	text_2: autoDraw = False
35.3843 	EXP 	image_1: image = 'img23.png'
35.3843 	EXP 	text_label_1: height = 0.05
35.3843 	EXP 	text_label_1: height = 0.05
35.3843 	EXP 	text_label_1: height = 0.05
35.3843 	EXP 	text_label_1: text = 'чайничитто-кошачитто'
35.3843 	EXP 	image_1: autoDraw = True
35.3843 	EXP 	text_label_1: autoDraw = True
37.8642 	EXP 	image_1: autoDraw = False
37.8642 	EXP 	text_label_1: autoDraw = False
37.8642 	EXP 	text_ans_quest_right: autoDraw = True
37.8642 	EXP 	text_ans_quest_left: autoDraw = True
38.2661 	EXP 	New trial (rep=0, index=9): {'ImageFile': 'img24.png', 'LabelText': 'ШАМПИНЬОРО-ОСЬМИНОРО', 'QuestionType': 'Самоотнесенный', 'QuestionText': 'Ассоциируете ли Вы себя с этим словом?', 'CorrectAnswer_congr': 'right'}
38.2740 	DATA 	Keypress: right
38.2809 	EXP 	text_ans_quest_right: autoDraw = False
38.2809 	EXP 	text_ans_quest_left: autoDraw = False
38.2809 	EXP 	text: height = 0.05
38.2809 	EXP 	text: height = 0.05
38.2809 	EXP 	text: height = 0.05
38.2809 	EXP 	text: text = 'Ассоциируете ли Вы себя с этим словом?'
38.2809 	EXP 	text: autoDraw = True
38.2809 	EXP 	text_2: autoDraw = True
38.8957 	DATA 	Keypress: space
38.9003 	EXP 	text: autoDraw = False
38.9003 	EXP 	text_2: autoDraw = False
38.9003 	EXP 	image_1: image = 'img24.png'
38.9003 	EXP 	text_label_1: height = 0.05
38.9003 	EXP 	text_label_1: height = 0.05
38.9003 	EXP 	text_label_1: height = 0.05
38.9003 	EXP 	text_label_1: text = 'ШАМПИНЬОРО-ОСЬМИНОРО'
38.9003 	EXP 	image_1: autoDraw = True
38.9003 	EXP 	text_label_1: autoDraw = True
41.3975 	EXP 	image_1: autoDraw = False
41.3975 	EXP 	text_label_1: autoDraw = False
41.3975 	EXP 	text_ans_quest_right: autoDraw = True
41.3975 	EXP 	text_ans_quest_left: autoDraw = True
41.7325 	EXP 	New trial (rep=0, index=10): {'ImageFile': 'img7.png', 'LabelText': 'кирпичони-саранчони', 'QuestionType': 'Перцептивный', 'QuestionText': 'Слово написано большими буквами?', 'CorrectAnswer_congr': 'left'}
41.7466 	DATA 	Keypress: right
41.7507 	EXP 	text_ans_quest_right: autoDraw = False
41.7507 	EXP 	text_ans_quest_left: autoDraw = False
41.7507 	EXP 	text: height = 0.05
41.7507 	EXP 	text: height = 0.05
41.7507 	EXP 	text: height = 0.05
41.7507 	EXP 	text: text = 'Слово написано большими буквами?'
41.7507 	EXP 	text: autoDraw = True
41.7507 	EXP 	text_2: autoDraw = True
42.3898 	DATA 	Keypress: space
42.3944 	EXP 	text: autoDraw = False
42.3944 	EXP 	text_2: autoDraw = False
42.3944 	EXP 	image_1: image = 'img7.png'
42.3944 	EXP 	text_label_1: height = 0.05
42.3944 	EXP 	text_label_1: height = 0.05
42.3944 	EXP 	text_label_1: height = 0.05
42.3944 	EXP 	text_label_1: text = 'кирпичони-саранчони'
42.3944 	EXP 	image_1: autoDraw = True
42.3944 	EXP 	text_label_1: autoDraw = True
44.8975 	EXP 	image_1: autoDraw = False
44.8975 	EXP 	text_label_1: autoDraw = False
44.8975 	EXP 	text_ans_quest_right: autoDraw = True
44.8975 	EXP 	text_ans_quest_left: autoDraw = True
45.3993 	EXP 	New trial (rep=0, index=11): {'ImageFile': 'img19.png', 'LabelText': 'сахарини-комарини', 'QuestionType': 'Перцептивный', 'QuestionText': 'Слово написано большими буквами?', 'CorrectAnswer_congr': 'left'}
45.4025 	DATA 	Keypress: right
45.4142 	EXP 	text_ans_quest_right: autoDraw = False
45.4142 	EXP 	text_ans_quest_left: autoDraw = False
45.4142 	EXP 	text: text = 'Слово написано большими буквами?'
45.4142 	EXP 	text: autoDraw = True
45.4142 	EXP 	text_2: autoDraw = True
45.9012 	DATA 	Keypress: space
46.7728 	DATA 	Keypress: space
46.7782 	EXP 	text: autoDraw = False
46.7782 	EXP 	text_2: autoDraw = False
46.7782 	EXP 	image_1: image = 'img19.png'
46.7782 	EXP 	text_label_1: height = 0.05
46.7782 	EXP 	text_label_1: height = 0.05
46.7782 	EXP 	text_label_1: height = 0.05
46.7782 	EXP 	text_label_1: text = 'сахарини-комарини'
46.7782 	EXP 	image_1: autoDraw = True
46.7782 	EXP 	text_label_1: autoDraw = True
49.2809 	EXP 	image_1: autoDraw = False
49.2809 	EXP 	text_label_1: autoDraw = False
49.2809 	EXP 	text_ans_quest_right: autoDraw = True
49.2809 	EXP 	text_ans_quest_left: autoDraw = True
49.6326 	EXP 	New trial (rep=0, index=12): {'ImageFile': 'img10.png', 'LabelText': 'КУВШИНО-ЛОШАДИНО', 'QuestionType': 'Перцептивный', 'QuestionText': 'Слово написано большими буквами?', 'CorrectAnswer_congr': 'right'}
49.6356 	DATA 	Keypress: right
49.6476 	EXP 	text_ans_quest_right: autoDraw = False
49.6476 	EXP 	text_ans_quest_left: autoDraw = False
49.6476 	EXP 	text: text = 'Слово написано большими буквами?'
49.6476 	EXP 	text: autoDraw = True
49.6476 	EXP 	text_2: autoDraw = True
50.2180 	DATA 	Keypress: space
50.3069 	EXP 	text: autoDraw = False
50.3069 	EXP 	text_2: autoDraw = False
50.3069 	EXP 	image_1: image = 'img10.png'
50.3069 	EXP 	text_label_1: height = 0.05
50.3069 	EXP 	text_label_1: height = 0.05
50.3069 	EXP 	text_label_1: height = 0.05
50.3069 	EXP 	text_label_1: text = 'КУВШИНО-ЛОШАДИНО'
50.3069 	EXP 	image_1: autoDraw = True
50.3069 	EXP 	text_label_1: autoDraw = True
52.7641 	EXP 	image_1: autoDraw = False
52.7641 	EXP 	text_label_1: autoDraw = False
52.7641 	EXP 	text_ans_quest_right: autoDraw = True
52.7641 	EXP 	text_ans_quest_left: autoDraw = True
53.1158 	EXP 	New trial (rep=0, index=13): {'ImageFile': 'img14.png', 'LabelText': 'МОНИТОРО-КАМБАЛОРО', 'QuestionType': 'Фонологический', 'QuestionText': 'Слово рифмуется с "ветеритто"?', 'CorrectAnswer_congr': 'left'}
53.1238 	DATA 	Keypress: right
53.1311 	EXP 	text_ans_quest_right: autoDraw = False
53.1311 	EXP 	text_ans_quest_left: autoDraw = False
53.1311 	EXP 	text: height = 0.05
53.1311 	EXP 	text: height = 0.05
53.1311 	EXP 	text: height = 0.05
53.1311 	EXP 	text: text = 'Слово рифмуется с "ветеритто"?'
53.1311 	EXP 	text: autoDraw = True
53.1311 	EXP 	text_2: autoDraw = True
53.6346 	DATA 	Keypress: space
54.2245 	DATA 	Keypress: space
54.2319 	EXP 	text: autoDraw = False
54.2319 	EXP 	text_2: autoDraw = False
54.2319 	EXP 	image_1: image = 'img14.png'
54.2319 	EXP 	text_label_1: height = 0.05
54.2319 	EXP 	text_label_1: height = 0.05
54.2319 	EXP 	text_label_1: height = 0.05
54.2319 	EXP 	text_label_1: text = 'МОНИТОРО-КАМБАЛОРО'
54.2319 	EXP 	image_1: autoDraw = True
54.2319 	EXP 	text_label_1: autoDraw = True
56.7308 	EXP 	image_1: autoDraw = False
56.7308 	EXP 	text_label_1: autoDraw = False
56.7308 	EXP 	text_ans_quest_right: autoDraw = True
56.7308 	EXP 	text_ans_quest_left: autoDraw = True
57.0993 	EXP 	New trial (rep=0, index=14): {'ImageFile': 'img16.png', 'LabelText': 'ПЕЛЬМЕНИНО-ЕЖИНО', 'QuestionType': 'Перцептивный', 'QuestionText': 'Слово написано большими буквами?', 'CorrectAnswer_congr': 'right'}
57.1100 	DATA 	Keypress: right
57.1158 	EXP 	text_ans_quest_right: autoDraw = False
57.1158 	EXP 	text_ans_quest_left: autoDraw = False
57.1158 	EXP 	text: height = 0.05
57.1158 	EXP 	text: height = 0.05
57.1158 	EXP 	text: height = 0.05
57.1158 	EXP 	text: text = 'Слово написано большими буквами?'
57.1158 	EXP 	text: autoDraw = True
57.1158 	EXP 	text_2: autoDraw = True
58.0163 	DATA 	Keypress: space
58.0211 	EXP 	text: autoDraw = False
58.0211 	EXP 	text_2: autoDraw = False
58.0211 	EXP 	image_1: image = 'img16.png'
58.0211 	EXP 	text_label_1: height = 0.05
58.0211 	EXP 	text_label_1: height = 0.05
58.0211 	EXP 	text_label_1: height = 0.05
58.0211 	EXP 	text_label_1: text = 'ПЕЛЬМЕНИНО-ЕЖИНО'
58.0211 	EXP 	image_1: autoDraw = True
58.0211 	EXP 	text_label_1: autoDraw = True
60.4975 	EXP 	image_1: autoDraw = False
60.4975 	EXP 	text_label_1: autoDraw = False
60.4975 	EXP 	text_ans_quest_right: autoDraw = True
60.4975 	EXP 	text_ans_quest_left: autoDraw = True
61.5844 	DATA 	Keypress: right
61.5993 	EXP 	New trial (rep=0, index=15): {'ImageFile': 'img12.png', 'LabelText': 'ЛАНДЫШЕЛЛО-МАРТЫШЕЛЛО', 'QuestionType': 'Самоотнесенный', 'QuestionText': 'Ассоциируете ли Вы себя с этим словом?', 'CorrectAnswer_congr': 'right'}
61.6144 	EXP 	text_ans_quest_right: autoDraw = False
61.6144 	EXP 	text_ans_quest_left: autoDraw = False
61.6144 	EXP 	text: height = 0.05
61.6144 	EXP 	text: height = 0.05
61.6144 	EXP 	text: height = 0.05
61.6144 	EXP 	text: text = 'Ассоциируете ли Вы себя с этим словом?'
61.6144 	EXP 	text: autoDraw = True
61.6144 	EXP 	text_2: autoDraw = True
62.1696 	DATA 	Keypress: space
62.1745 	EXP 	text: autoDraw = False
62.1745 	EXP 	text_2: autoDraw = False
62.1745 	EXP 	image_1: image = 'img12.png'
62.1745 	EXP 	text_label_1: height = 0.05
62.1745 	EXP 	text_label_1: height = 0.05
62.1745 	EXP 	text_label_1: height = 0.05
62.1745 	EXP 	text_label_1: text = 'ЛАНДЫШЕЛЛО-МАРТЫШЕЛЛО'
62.1745 	EXP 	image_1: autoDraw = True
62.1745 	EXP 	text_label_1: autoDraw = True
64.6642 	EXP 	image_1: autoDraw = False
64.6642 	EXP 	text_label_1: autoDraw = False
64.6642 	EXP 	text_ans_quest_right: autoDraw = True
64.6642 	EXP 	text_ans_quest_left: autoDraw = True
65.2358 	DATA 	Keypress: right
65.2498 	EXP 	New trial (rep=0, index=16): {'ImageFile': 'img1.png', 'LabelText': 'арбузоро-гепардоро', 'QuestionType': 'Перцептивный', 'QuestionText': 'Слово написано большими буквами?', 'CorrectAnswer_congr': 'left'}
65.2677 	EXP 	text_ans_quest_right: autoDraw = False
65.2677 	EXP 	text_ans_quest_left: autoDraw = False
65.2677 	EXP 	text: height = 0.05
65.2677 	EXP 	text: height = 0.05
65.2677 	EXP 	text: height = 0.05
65.2677 	EXP 	text: text = 'Слово написано большими буквами?'
65.2677 	EXP 	text: autoDraw = True
65.2677 	EXP 	text_2: autoDraw = True
66.3293 	DATA 	Keypress: space
66.3361 	EXP 	text: autoDraw = False
66.3361 	EXP 	text_2: autoDraw = False
66.3361 	EXP 	image_1: image = 'img1.png'
66.3361 	EXP 	text_label_1: height = 0.05
66.3361 	EXP 	text_label_1: height = 0.05
66.3361 	EXP 	text_label_1: height = 0.05
66.3361 	EXP 	text_label_1: text = 'арбузоро-гепардоро'
66.3361 	EXP 	image_1: autoDraw = True
66.3361 	EXP 	text_label_1: autoDraw = True
68.8308 	EXP 	image_1: autoDraw = False
68.8308 	EXP 	text_label_1: autoDraw = False
68.8308 	EXP 	text_ans_quest_right: autoDraw = True
68.8308 	EXP 	text_ans_quest_left: autoDraw = True
98.2660 	EXP 	New trial (rep=0, index=17): {'ImageFile': 'img22.png', 'LabelText': 'ФАСТФУДОРО-ВЕРБЛЮДОРО', 'QuestionType': 'Перцептивный', 'QuestionText': 'Слово написано большими буквами?', 'CorrectAnswer_congr': 'right'}
98.2693 	DATA 	Keypress: right
98.2809 	EXP 	text_ans_quest_right: autoDraw = False
98.2809 	EXP 	text_ans_quest_left: autoDraw = False
98.2809 	EXP 	text: text = 'Слово написано большими буквами?'
98.2809 	EXP 	text: autoDraw = True
98.2809 	EXP 	text_2: autoDraw = True
99.3802 	DATA 	Keypress: space
99.3849 	EXP 	text: autoDraw = False
99.3849 	EXP 	text_2: autoDraw = False
99.3849 	EXP 	image_1: image = 'img22.png'
99.3849 	EXP 	text_label_1: height = 0.05
99.3849 	EXP 	text_label_1: height = 0.05
99.3849 	EXP 	text_label_1: height = 0.05
99.3849 	EXP 	text_label_1: text = 'ФАСТФУДОРО-ВЕРБЛЮДОРО'
99.3849 	EXP 	image_1: autoDraw = True
99.3849 	EXP 	text_label_1: autoDraw = True
100.4502 	DATA 	Keypress: right
101.8809 	EXP 	image_1: autoDraw = False
101.8809 	EXP 	text_label_1: autoDraw = False
101.8809 	EXP 	text_ans_quest_right: autoDraw = True
101.8809 	EXP 	text_ans_quest_left: autoDraw = True
102.3660 	EXP 	New trial (rep=0, index=18): {'ImageFile': 'img17.png', 'LabelText': 'пиццерретто-голубетто', 'QuestionType': 'Фонологический', 'QuestionText': 'Слово рифмуется с "облакоро"?', 'CorrectAnswer_congr': 'left'}
102.3741 	DATA 	Keypress: right
102.3810 	EXP 	text_ans_quest_right: autoDraw = False
102.3810 	EXP 	text_ans_quest_left: autoDraw = False
102.3810 	EXP 	text: height = 0.05
102.3810 	EXP 	text: height = 0.05
102.3810 	EXP 	text: height = 0.05
102.3810 	EXP 	text: text = 'Слово рифмуется с "облакоро"?'
102.3810 	EXP 	text: autoDraw = True
102.3810 	EXP 	text_2: autoDraw = True
103.2717 	DATA 	Keypress: space
103.2780 	EXP 	text: autoDraw = False
103.2780 	EXP 	text_2: autoDraw = False
103.2780 	EXP 	image_1: image = 'img17.png'
103.2780 	EXP 	text_label_1: height = 0.05
103.2780 	EXP 	text_label_1: height = 0.05
103.2780 	EXP 	text_label_1: height = 0.05
103.2780 	EXP 	text_label_1: text = 'пиццерретто-голубетто'
103.2780 	EXP 	image_1: autoDraw = True
103.2780 	EXP 	text_label_1: autoDraw = True
105.7643 	EXP 	image_1: autoDraw = False
105.7643 	EXP 	text_label_1: autoDraw = False
105.7643 	EXP 	text_ans_quest_right: autoDraw = True
105.7643 	EXP 	text_ans_quest_left: autoDraw = True
106.4659 	EXP 	New trial (rep=0, index=19): {'ImageFile': 'img4.png', 'LabelText': 'ДИВАНИТТО-ТЮЛЕНИТТО', 'QuestionType': 'Перцептивный', 'QuestionText': 'Слово написано большими буквами?', 'CorrectAnswer_congr': 'right'}
106.4746 	DATA 	Keypress: right
106.4810 	EXP 	text_ans_quest_right: autoDraw = False
106.4810 	EXP 	text_ans_quest_left: autoDraw = False
106.4810 	EXP 	text: height = 0.05
106.4810 	EXP 	text: height = 0.05
106.4810 	EXP 	text: height = 0.05
106.4810 	EXP 	text: text = 'Слово написано большими буквами?'
106.4810 	EXP 	text: autoDraw = True
106.4810 	EXP 	text_2: autoDraw = True
107.9259 	DATA 	Keypress: space
107.9329 	EXP 	text: autoDraw = False
107.9329 	EXP 	text_2: autoDraw = False
107.9329 	EXP 	image_1: image = 'img4.png'
107.9329 	EXP 	text_label_1: height = 0.05
107.9329 	EXP 	text_label_1: height = 0.05
107.9329 	EXP 	text_label_1: height = 0.05
107.9329 	EXP 	text_label_1: text = 'ДИВАНИТТО-ТЮЛЕНИТТО'
107.9329 	EXP 	image_1: autoDraw = True
107.9329 	EXP 	text_label_1: autoDraw = True
110.4309 	EXP 	image_1: autoDraw = False
110.4309 	EXP 	text_label_1: autoDraw = False
110.4309 	EXP 	text_ans_quest_right: autoDraw = True
110.4309 	EXP 	text_ans_quest_left: autoDraw = True
110.9827 	EXP 	New trial (rep=0, index=20): {'ImageFile': 'img2.png', 'LabelText': 'БАНАНОРО-ФАЗАНОРО', 'QuestionType': 'Фонологический', 'QuestionText': 'Слово рифмуется с "облакоро"?', 'CorrectAnswer_congr': 'right'}
110.9911 	DATA 	Keypress: right
110.9976 	EXP 	text_ans_quest_right: autoDraw = False
110.9976 	EXP 	text_ans_quest_left: autoDraw = False
110.9976 	EXP 	text: height = 0.05
110.9976 	EXP 	text: height = 0.05
110.9976 	EXP 	text: height = 0.05
110.9976 	EXP 	text: text = 'Слово рифмуется с "облакоро"?'
110.9976 	EXP 	text: autoDraw = True
110.9976 	EXP 	text_2: autoDraw = True
111.7319 	DATA 	Keypress: space
111.7368 	EXP 	text: autoDraw = False
111.7368 	EXP 	text_2: autoDraw = False
111.7368 	EXP 	image_1: image = 'img2.png'
111.7368 	EXP 	text_label_1: height = 0.05
111.7368 	EXP 	text_label_1: height = 0.05
111.7368 	EXP 	text_label_1: height = 0.05
111.7368 	EXP 	text_label_1: text = 'БАНАНОРО-ФАЗАНОРО'
111.7368 	EXP 	image_1: autoDraw = True
111.7368 	EXP 	text_label_1: autoDraw = True
114.2309 	EXP 	image_1: autoDraw = False
114.2309 	EXP 	text_label_1: autoDraw = False
114.2309 	EXP 	text_ans_quest_right: autoDraw = True
114.2309 	EXP 	text_ans_quest_left: autoDraw = True
114.8327 	EXP 	New trial (rep=0, index=21): {'ImageFile': 'img13.png', 'LabelText': 'мандарино-пингвинино', 'QuestionType': 'Перцептивный', 'QuestionText': 'Слово написано большими буквами?', 'CorrectAnswer_congr': 'left'}
114.8411 	DATA 	Keypress: right
114.8475 	EXP 	text_ans_quest_right: autoDraw = False
114.8475 	EXP 	text_ans_quest_left: autoDraw = False
114.8475 	EXP 	text: height = 0.05
114.8475 	EXP 	text: height = 0.05
114.8475 	EXP 	text: height = 0.05
114.8475 	EXP 	text: text = 'Слово написано большими буквами?'
114.8475 	EXP 	text: autoDraw = True
114.8475 	EXP 	text_2: autoDraw = True
115.6122 	DATA 	Keypress: space
115.6180 	EXP 	text: autoDraw = False
115.6180 	EXP 	text_2: autoDraw = False
115.6180 	EXP 	image_1: image = 'img13.png'
115.6180 	EXP 	text_label_1: height = 0.05
115.6180 	EXP 	text_label_1: height = 0.05
115.6180 	EXP 	text_label_1: height = 0.05
115.6180 	EXP 	text_label_1: text = 'мандарино-пингвинино'
115.6180 	EXP 	image_1: autoDraw = True
115.6180 	EXP 	text_label_1: autoDraw = True
118.0975 	EXP 	image_1: autoDraw = False
118.0975 	EXP 	text_label_1: autoDraw = False
118.0975 	EXP 	text_ans_quest_right: autoDraw = True
118.0975 	EXP 	text_ans_quest_left: autoDraw = True
118.6326 	EXP 	New trial (rep=0, index=22): {'ImageFile': 'img20.png', 'LabelText': 'БОТИЧИНИ-КРОЛИЧИНИ', 'QuestionType': 'Фонологический', 'QuestionText': 'Слово рифмуется с "пейзажини"?', 'CorrectAnswer_congr': 'right'}
118.6421 	DATA 	Keypress: right
118.6479 	EXP 	text_ans_quest_right: autoDraw = False
118.6479 	EXP 	text_ans_quest_left: autoDraw = False
118.6479 	EXP 	text: height = 0.05
118.6479 	EXP 	text: height = 0.05
118.6479 	EXP 	text: height = 0.05
118.6479 	EXP 	text: text = 'Слово рифмуется с "пейзажини"?'
118.6479 	EXP 	text: autoDraw = True
118.6479 	EXP 	text_2: autoDraw = True
119.4347 	DATA 	Keypress: space
119.5075 	EXP 	text: autoDraw = False
119.5075 	EXP 	text_2: autoDraw = False
119.5075 	EXP 	image_1: image = 'img20.png'
119.5075 	EXP 	text_label_1: height = 0.05
119.5075 	EXP 	text_label_1: height = 0.05
119.5075 	EXP 	text_label_1: height = 0.05
119.5075 	EXP 	text_label_1: text = 'БОТИЧИНИ-КРОЛИЧИНИ'
119.5075 	EXP 	image_1: autoDraw = True
119.5075 	EXP 	text_label_1: autoDraw = True
121.9809 	EXP 	image_1: autoDraw = False
121.9809 	EXP 	text_label_1: autoDraw = False
121.9809 	EXP 	text_ans_quest_right: autoDraw = True
121.9809 	EXP 	text_ans_quest_left: autoDraw = True
122.3828 	EXP 	New trial (rep=0, index=23): {'ImageFile': 'img5.png', 'LabelText': 'журналетто-кабанетто', 'QuestionType': 'Фонологический', 'QuestionText': 'Слово рифмуется с "пейзажини"?', 'CorrectAnswer_congr': 'left'}
122.3858 	DATA 	Keypress: right
122.3976 	EXP 	text_ans_quest_right: autoDraw = False
122.3976 	EXP 	text_ans_quest_left: autoDraw = False
122.3976 	EXP 	text: text = 'Слово рифмуется с "пейзажини"?'
122.3976 	EXP 	text: autoDraw = True
122.3976 	EXP 	text_2: autoDraw = True
123.8279 	DATA 	Keypress: space
123.8334 	EXP 	text: autoDraw = False
123.8334 	EXP 	text_2: autoDraw = False
123.8334 	EXP 	image_1: image = 'img5.png'
123.8334 	EXP 	text_label_1: height = 0.05
123.8334 	EXP 	text_label_1: height = 0.05
123.8334 	EXP 	text_label_1: height = 0.05
123.8334 	EXP 	text_label_1: text = 'журналетто-кабанетто'
123.8334 	EXP 	image_1: autoDraw = True
123.8334 	EXP 	text_label_1: autoDraw = True
126.3309 	EXP 	image_1: autoDraw = False
126.3309 	EXP 	text_label_1: autoDraw = False
126.3309 	EXP 	text_ans_quest_right: autoDraw = True
126.3309 	EXP 	text_ans_quest_left: autoDraw = True
126.8057 	DATA 	Keypress: right
126.8142 	EXP 	text_ans_quest_right: autoDraw = False
126.8142 	EXP 	text_ans_quest_left: autoDraw = False
126.8142 	EXP 	text_3: autoDraw = True
127.7978 	EXP 	Imported all_congr_stim_list.xlsx as conditions, 48 conditions, 3 params
127.7990 	EXP 	Created sequence: random, trialTypes=48, nReps=1, seed=None
127.7992 	EXP 	New trial (rep=0, index=0): {'ImageFile_All_list': 'img36.png', 'LabelText_all': 'МОЖЖЕВЕЛЛО-КОРОВЕЛЛО', 'True_Ans_All_list': 'left'}
127.8334 	DATA 	Keypress: space
127.8395 	EXP 	text_3: autoDraw = False
127.8395 	EXP 	image_2: image = 'img36.png'
127.8395 	EXP 	text_label_2: height = 0.05
127.8395 	EXP 	text_label_2: height = 0.05
127.8395 	EXP 	text_label_2: height = 0.05
127.8395 	EXP 	text_label_2: text = 'МОЖЖЕВЕЛЛО-КОРОВЕЛЛО'
127.8395 	EXP 	image_2: autoDraw = True
127.8395 	EXP 	text_label_2: autoDraw = True
127.8395 	EXP 	text_instr_3: autoDraw = True
129.3164 	EXP 	New trial (rep=0, index=1): {'ImageFile_All_list': 'img46.png', 'LabelText_all': 'ЧЕРЕШОНИ-СТРАУСОНИ', 'True_Ans_All_list': 'left'}
129.3464 	DATA 	Keypress: right
129.3519 	EXP 	image_2: autoDraw = False
129.3519 	EXP 	text_label_2: autoDraw = False
129.3519 	EXP 	text_instr_3: autoDraw = False
129.3519 	EXP 	image_2: image = 'img46.png'
129.3519 	EXP 	text_label_2: height = 0.05
129.3519 	EXP 	text_label_2: height = 0.05
129.3519 	EXP 	text_label_2: height = 0.05
129.3519 	EXP 	text_label_2: text = 'ЧЕРЕШОНИ-СТРАУСОНИ'
129.3519 	EXP 	image_2: autoDraw = True
129.3519 	EXP 	text_label_2: autoDraw = True
129.3519 	EXP 	text_instr_3: autoDraw = True
131.6327 	EXP 	New trial (rep=0, index=2): {'ImageFile_All_list': 'img2.png', 'LabelText_all': 'БАНАНОРО-ФАЗАНОРО', 'True_Ans_All_list': 'right'}
131.6656 	DATA 	Keypress: right
131.6706 	EXP 	image_2: autoDraw = False
131.6706 	EXP 	text_label_2: autoDraw = False
131.6706 	EXP 	text_instr_3: autoDraw = False
131.6706 	EXP 	image_2: image = 'img2.png'
131.6706 	EXP 	text_label_2: height = 0.05
131.6706 	EXP 	text_label_2: height = 0.05
131.6706 	EXP 	text_label_2: height = 0.05
131.6706 	EXP 	text_label_2: text = 'БАНАНОРО-ФАЗАНОРО'
131.6706 	EXP 	image_2: autoDraw = True
131.6706 	EXP 	text_label_2: autoDraw = True
131.6706 	EXP 	text_instr_3: autoDraw = True
132.9826 	EXP 	New trial (rep=0, index=3): {'ImageFile_All_list': 'img9.png', 'LabelText_all': 'кокосело-медузело', 'True_Ans_All_list': 'right'}
133.0326 	DATA 	Keypress: right
133.0383 	EXP 	image_2: autoDraw = False
133.0383 	EXP 	text_label_2: autoDraw = False
133.0383 	EXP 	text_instr_3: autoDraw = False
133.0383 	EXP 	image_2: image = 'img9.png'
133.0383 	EXP 	text_label_2: height = 0.05
133.0383 	EXP 	text_label_2: height = 0.05
133.0383 	EXP 	text_label_2: height = 0.05
133.0383 	EXP 	text_label_2: text = 'кокосело-медузело'
133.0383 	EXP 	image_2: autoDraw = True
133.0383 	EXP 	text_label_2: autoDraw = True
133.0383 	EXP 	text_instr_3: autoDraw = True
133.9181 	DATA 	Keypress: right
133.9327 	EXP 	New trial (rep=0, index=4): {'ImageFile_All_list': 'img30.png', 'LabelText_all': 'КЛАВИШОРО-КУКУШОРО', 'True_Ans_All_list': 'left'}
133.9698 	EXP 	image_2: autoDraw = False
133.9698 	EXP 	text_label_2: autoDraw = False
133.9698 	EXP 	text_instr_3: autoDraw = False
133.9698 	EXP 	image_2: image = 'img30.png'
133.9698 	EXP 	text_label_2: height = 0.05
133.9698 	EXP 	text_label_2: height = 0.05
133.9698 	EXP 	text_label_2: height = 0.05
133.9698 	EXP 	text_label_2: text = 'КЛАВИШОРО-КУКУШОРО'
133.9698 	EXP 	image_2: autoDraw = True
133.9698 	EXP 	text_label_2: autoDraw = True
133.9698 	EXP 	text_instr_3: autoDraw = True
134.8660 	EXP 	New trial (rep=0, index=5): {'ImageFile_All_list': 'img24.png', 'LabelText_all': 'ШАМПИНЬОРО-ОСЬМИНОРО', 'True_Ans_All_list': 'right'}
134.8924 	DATA 	Keypress: right
134.8994 	EXP 	image_2: autoDraw = False
134.8994 	EXP 	text_label_2: autoDraw = False
134.8994 	EXP 	text_instr_3: autoDraw = False
134.8994 	EXP 	image_2: image = 'img24.png'
134.8994 	EXP 	text_label_2: height = 0.05
134.8994 	EXP 	text_label_2: height = 0.05
134.8994 	EXP 	text_label_2: height = 0.05
134.8994 	EXP 	text_label_2: text = 'ШАМПИНЬОРО-ОСЬМИНОРО'
134.8994 	EXP 	image_2: autoDraw = True
134.8994 	EXP 	text_label_2: autoDraw = True
134.8994 	EXP 	text_instr_3: autoDraw = True
135.6661 	EXP 	New trial (rep=0, index=6): {'ImageFile_All_list': 'img17.png', 'LabelText_all': 'пиццерретто-голубетто', 'True_Ans_All_list': 'right'}
135.6918 	DATA 	Keypress: right
135.6980 	EXP 	image_2: autoDraw = False
135.6980 	EXP 	text_label_2: autoDraw = False
135.6980 	EXP 	text_instr_3: autoDraw = False
135.6980 	EXP 	image_2: image = 'img17.png'
135.6980 	EXP 	text_label_2: height = 0.05
135.6980 	EXP 	text_label_2: height = 0.05
135.6980 	EXP 	text_label_2: height = 0.05
135.6980 	EXP 	text_label_2: text = 'пиццерретто-голубетто'
135.6980 	EXP 	image_2: autoDraw = True
135.6980 	EXP 	text_label_2: autoDraw = True
135.6980 	EXP 	text_instr_3: autoDraw = True
136.3996 	EXP 	New trial (rep=0, index=7): {'ImageFile_All_list': 'img11.png', 'LabelText_all': 'лавашетто-лягушето', 'True_Ans_All_list': 'right'}
136.4472 	DATA 	Keypress: right
136.4526 	EXP 	image_2: autoDraw = False
136.4526 	EXP 	text_label_2: autoDraw = False
136.4526 	EXP 	text_instr_3: autoDraw = False
136.4526 	EXP 	image_2: image = 'img11.png'
136.4526 	EXP 	text_label_2: height = 0.05
136.4526 	EXP 	text_label_2: height = 0.05
136.4526 	EXP 	text_label_2: height = 0.05
136.4526 	EXP 	text_label_2: text = 'лавашетто-лягушето'
136.4526 	EXP 	image_2: autoDraw = True
136.4526 	EXP 	text_label_2: autoDraw = True
136.4526 	EXP 	text_instr_3: autoDraw = True
136.9848 	DATA 	Keypress: right
136.9993 	EXP 	New trial (rep=0, index=8): {'ImageFile_All_list': 'img35.png', 'LabelText_all': 'лимонитто-вомбатитто', 'True_Ans_All_list': 'left'}
137.1158 	EXP 	image_2: autoDraw = False
137.1158 	EXP 	text_label_2: autoDraw = False
137.1158 	EXP 	text_instr_3: autoDraw = False
137.1158 	EXP 	image_2: image = 'img35.png'
137.1158 	EXP 	text_label_2: height = 0.05
137.1158 	EXP 	text_label_2: height = 0.05
137.1158 	EXP 	text_label_2: height = 0.05
137.1158 	EXP 	text_label_2: text = 'лимонитто-вомбатитто'
137.1158 	EXP 	image_2: autoDraw = True
137.1158 	EXP 	text_label_2: autoDraw = True
137.1158 	EXP 	text_instr_3: autoDraw = True
138.0181 	DATA 	Keypress: right
138.0328 	EXP 	New trial (rep=0, index=9): {'ImageFile_All_list': 'img31.png', 'LabelText_all': 'книжеллини-журавлини', 'True_Ans_All_list': 'left'}
138.0697 	EXP 	image_2: autoDraw = False
138.0697 	EXP 	text_label_2: autoDraw = False
138.0697 	EXP 	text_instr_3: autoDraw = False
138.0697 	EXP 	image_2: image = 'img31.png'
138.0697 	EXP 	text_label_2: height = 0.05
138.0697 	EXP 	text_label_2: height = 0.05
138.0697 	EXP 	text_label_2: height = 0.05
138.0697 	EXP 	text_label_2: text = 'книжеллини-журавлини'
138.0697 	EXP 	image_2: autoDraw = True
138.0697 	EXP 	text_label_2: autoDraw = True
138.0697 	EXP 	text_instr_3: autoDraw = True
138.7326 	EXP 	New trial (rep=0, index=10): {'ImageFile_All_list': 'img13.png', 'LabelText_all': 'мандарино-пингвинино', 'True_Ans_All_list': 'right'}
138.7769 	DATA 	Keypress: right
138.7828 	EXP 	image_2: autoDraw = False
138.7828 	EXP 	text_label_2: autoDraw = False
138.7828 	EXP 	text_instr_3: autoDraw = False
138.7828 	EXP 	image_2: image = 'img13.png'
138.7828 	EXP 	text_label_2: height = 0.05
138.7828 	EXP 	text_label_2: height = 0.05
138.7828 	EXP 	text_label_2: height = 0.05
138.7828 	EXP 	text_label_2: text = 'мандарино-пингвинино'
138.7828 	EXP 	image_2: autoDraw = True
138.7828 	EXP 	text_label_2: autoDraw = True
138.7828 	EXP 	text_instr_3: autoDraw = True
139.4495 	EXP 	New trial (rep=0, index=11): {'ImageFile_All_list': 'img18.png', 'LabelText_all': 'РУБИНОРО-ДЕЛЬФИНОРО', 'True_Ans_All_list': 'right'}
139.4713 	DATA 	Keypress: right
139.4786 	EXP 	image_2: autoDraw = False
139.4786 	EXP 	text_label_2: autoDraw = False
139.4786 	EXP 	text_instr_3: autoDraw = False
139.4786 	EXP 	image_2: image = 'img18.png'
139.4786 	EXP 	text_label_2: height = 0.05
139.4786 	EXP 	text_label_2: height = 0.05
139.4786 	EXP 	text_label_2: height = 0.05
139.4786 	EXP 	text_label_2: text = 'РУБИНОРО-ДЕЛЬФИНОРО'
139.4786 	EXP 	image_2: autoDraw = True
139.4786 	EXP 	text_label_2: autoDraw = True
139.4786 	EXP 	text_instr_3: autoDraw = True
140.0993 	EXP 	New trial (rep=0, index=12): {'ImageFile_All_list': 'img8.png', 'LabelText_all': 'КЛУБНИЧИТТО-ХОМЯЧИТТО', 'True_Ans_All_list': 'right'}
140.1264 	DATA 	Keypress: right
140.1315 	EXP 	image_2: autoDraw = False
140.1315 	EXP 	text_label_2: autoDraw = False
140.1315 	EXP 	text_instr_3: autoDraw = False
140.1315 	EXP 	image_2: image = 'img8.png'
140.1315 	EXP 	text_label_2: height = 0.05
140.1315 	EXP 	text_label_2: height = 0.05
140.1315 	EXP 	text_label_2: height = 0.05
140.1315 	EXP 	text_label_2: text = 'КЛУБНИЧИТТО-ХОМЯЧИТТО'
140.1315 	EXP 	image_2: autoDraw = True
140.1315 	EXP 	text_label_2: autoDraw = True
140.1315 	EXP 	text_instr_3: autoDraw = True
140.6993 	EXP 	New trial (rep=0, index=13): {'ImageFile_All_list': 'img12.png', 'LabelText_all': 'ЛАНДЫШЕЛЛО-МАРТЫШЕЛЛО', 'True_Ans_All_list': 'right'}
140.7337 	DATA 	Keypress: right
140.7401 	EXP 	image_2: autoDraw = False
140.7401 	EXP 	text_label_2: autoDraw = False
140.7401 	EXP 	text_instr_3: autoDraw = False
140.7401 	EXP 	image_2: image = 'img12.png'
140.7401 	EXP 	text_label_2: height = 0.05
140.7401 	EXP 	text_label_2: height = 0.05
140.7401 	EXP 	text_label_2: height = 0.05
140.7401 	EXP 	text_label_2: text = 'ЛАНДЫШЕЛЛО-МАРТЫШЕЛЛО'
140.7401 	EXP 	image_2: autoDraw = True
140.7401 	EXP 	text_label_2: autoDraw = True
140.7401 	EXP 	text_instr_3: autoDraw = True
141.2494 	EXP 	New trial (rep=0, index=14): {'ImageFile_All_list': 'img38.png', 'LabelText_all': 'ПАНТОЛОНИ-ПАНТЕРОНИ', 'True_Ans_All_list': 'left'}
141.2776 	DATA 	Keypress: right
141.2846 	EXP 	image_2: autoDraw = False
141.2846 	EXP 	text_label_2: autoDraw = False
141.2846 	EXP 	text_instr_3: autoDraw = False
141.2846 	EXP 	image_2: image = 'img38.png'
141.2846 	EXP 	text_label_2: height = 0.05
141.2846 	EXP 	text_label_2: height = 0.05
141.2846 	EXP 	text_label_2: height = 0.05
141.2846 	EXP 	text_label_2: text = 'ПАНТОЛОНИ-ПАНТЕРОНИ'
141.2846 	EXP 	image_2: autoDraw = True
141.2846 	EXP 	text_label_2: autoDraw = True
141.2846 	EXP 	text_instr_3: autoDraw = True
142.3827 	EXP 	New trial (rep=0, index=15): {'ImageFile_All_list': 'img44.png', 'LabelText_all': 'ФИСТАШЕЛЛО-ИНДЮШЕЛЛО', 'True_Ans_All_list': 'left'}
142.4160 	DATA 	Keypress: right
142.4223 	EXP 	image_2: autoDraw = False
142.4223 	EXP 	text_label_2: autoDraw = False
142.4223 	EXP 	text_instr_3: autoDraw = False
142.4223 	EXP 	image_2: image = 'img44.png'
142.4223 	EXP 	text_label_2: height = 0.05
142.4223 	EXP 	text_label_2: height = 0.05
142.4223 	EXP 	text_label_2: height = 0.05
142.4223 	EXP 	text_label_2: text = 'ФИСТАШЕЛЛО-ИНДЮШЕЛЛО'
142.4223 	EXP 	image_2: autoDraw = True
142.4223 	EXP 	text_label_2: autoDraw = True
142.4223 	EXP 	text_instr_3: autoDraw = True
143.0848 	DATA 	Keypress: right
143.0996 	EXP 	New trial (rep=0, index=16): {'ImageFile_All_list': 'img5.png', 'LabelText_all': 'журналетто-кабанетто', 'True_Ans_All_list': 'right'}
143.1344 	EXP 	image_2: autoDraw = False
143.1344 	EXP 	text_label_2: autoDraw = False
143.1344 	EXP 	text_instr_3: autoDraw = False
143.1344 	EXP 	image_2: image = 'img5.png'
143.1344 	EXP 	text_label_2: height = 0.05
143.1344 	EXP 	text_label_2: height = 0.05
143.1344 	EXP 	text_label_2: height = 0.05
143.1344 	EXP 	text_label_2: text = 'журналетто-кабанетто'
143.1344 	EXP 	image_2: autoDraw = True
143.1344 	EXP 	text_label_2: autoDraw = True
143.1344 	EXP 	text_instr_3: autoDraw = True
143.6661 	EXP 	New trial (rep=0, index=17): {'ImageFile_All_list': 'img22.png', 'LabelText_all': 'ФАСТФУДОРО-ВЕРБЛЮДОРО', 'True_Ans_All_list': 'right'}
143.6904 	DATA 	Keypress: right
143.6975 	EXP 	image_2: autoDraw = False
143.6975 	EXP 	text_label_2: autoDraw = False
143.6975 	EXP 	text_instr_3: autoDraw = False
143.6975 	EXP 	image_2: image = 'img22.png'
143.6975 	EXP 	text_label_2: height = 0.05
143.6975 	EXP 	text_label_2: height = 0.05
143.6975 	EXP 	text_label_2: height = 0.05
143.6975 	EXP 	text_label_2: text = 'ФАСТФУДОРО-ВЕРБЛЮДОРО'
143.6975 	EXP 	image_2: autoDraw = True
143.6975 	EXP 	text_label_2: autoDraw = True
143.6975 	EXP 	text_instr_3: autoDraw = True
144.2326 	EXP 	New trial (rep=0, index=18): {'ImageFile_All_list': 'img43.png', 'LabelText_all': 'тюльпанелло-мангустелло', 'True_Ans_All_list': 'left'}
144.2680 	DATA 	Keypress: right
144.2729 	EXP 	image_2: autoDraw = False
144.2729 	EXP 	text_label_2: autoDraw = False
144.2729 	EXP 	text_instr_3: autoDraw = False
144.2729 	EXP 	image_2: image = 'img43.png'
144.2729 	EXP 	text_label_2: height = 0.05
144.2729 	EXP 	text_label_2: height = 0.05
144.2729 	EXP 	text_label_2: height = 0.05
144.2729 	EXP 	text_label_2: text = 'тюльпанелло-мангустелло'
144.2729 	EXP 	image_2: autoDraw = True
144.2729 	EXP 	text_label_2: autoDraw = True
144.2729 	EXP 	text_instr_3: autoDraw = True
144.7329 	EXP 	New trial (rep=0, index=19): {'ImageFile_All_list': 'img29.png', 'LabelText_all': 'кебабони-жабобони', 'True_Ans_All_list': 'left'}
144.7552 	DATA 	Keypress: right
144.7621 	EXP 	image_2: autoDraw = False
144.7621 	EXP 	text_label_2: autoDraw = False
144.7621 	EXP 	text_instr_3: autoDraw = False
144.7621 	EXP 	image_2: image = 'img29.png'
144.7621 	EXP 	text_label_2: height = 0.05
144.7621 	EXP 	text_label_2: height = 0.05
144.7621 	EXP 	text_label_2: height = 0.05
144.7621 	EXP 	text_label_2: text = 'кебабони-жабобони'
144.7621 	EXP 	image_2: autoDraw = True
144.7621 	EXP 	text_label_2: autoDraw = True
144.7621 	EXP 	text_instr_3: autoDraw = True
145.2828 	EXP 	New trial (rep=0, index=20): {'ImageFile_All_list': 'img16.png', 'LabelText_all': 'ПЕЛЬМЕНИНО-ЕЖИНО', 'True_Ans_All_list': 'right'}
145.3313 	DATA 	Keypress: right
145.3376 	EXP 	image_2: autoDraw = False
145.3376 	EXP 	text_label_2: autoDraw = False
145.3376 	EXP 	text_instr_3: autoDraw = False
145.3376 	EXP 	image_2: image = 'img16.png'
145.3376 	EXP 	text_label_2: height = 0.05
145.3376 	EXP 	text_label_2: height = 0.05
145.3376 	EXP 	text_label_2: height = 0.05
145.3376 	EXP 	text_label_2: text = 'ПЕЛЬМЕНИНО-ЕЖИНО'
145.3376 	EXP 	image_2: autoDraw = True
145.3376 	EXP 	text_label_2: autoDraw = True
145.3376 	EXP 	text_instr_3: autoDraw = True
145.7659 	EXP 	New trial (rep=0, index=21): {'ImageFile_All_list': 'img45.png', 'LabelText_all': 'чебуритто-заячитто', 'True_Ans_All_list': 'left'}
145.8079 	DATA 	Keypress: right
145.8149 	EXP 	image_2: autoDraw = False
145.8149 	EXP 	text_label_2: autoDraw = False
145.8149 	EXP 	text_instr_3: autoDraw = False
145.8149 	EXP 	image_2: image = 'img45.png'
145.8149 	EXP 	text_label_2: height = 0.05
145.8149 	EXP 	text_label_2: height = 0.05
145.8149 	EXP 	text_label_2: height = 0.05
145.8149 	EXP 	text_label_2: text = 'чебуритто-заячитто'
145.8149 	EXP 	image_2: autoDraw = True
145.8149 	EXP 	text_label_2: autoDraw = True
145.8149 	EXP 	text_instr_3: autoDraw = True
146.2163 	EXP 	New trial (rep=0, index=22): {'ImageFile_All_list': 'img20.png', 'LabelText_all': 'БОТИЧИНИ-КРОЛИЧИНИ', 'True_Ans_All_list': 'right'}
146.2616 	DATA 	Keypress: right
146.2676 	EXP 	image_2: autoDraw = False
146.2676 	EXP 	text_label_2: autoDraw = False
146.2676 	EXP 	text_instr_3: autoDraw = False
146.2676 	EXP 	image_2: image = 'img20.png'
146.2676 	EXP 	text_label_2: height = 0.05
146.2676 	EXP 	text_label_2: height = 0.05
146.2676 	EXP 	text_label_2: height = 0.05
146.2676 	EXP 	text_label_2: text = 'БОТИЧИНИ-КРОЛИЧИНИ'
146.2676 	EXP 	image_2: autoDraw = True
146.2676 	EXP 	text_label_2: autoDraw = True
146.2676 	EXP 	text_instr_3: autoDraw = True
146.7496 	EXP 	New trial (rep=0, index=23): {'ImageFile_All_list': 'img6.png', 'LabelText_all': 'КАРТОШЕЛЛО-КУКУШЕЛЛО', 'True_Ans_All_list': 'right'}
146.7822 	DATA 	Keypress: right
146.7876 	EXP 	image_2: autoDraw = False
146.7876 	EXP 	text_label_2: autoDraw = False
146.7876 	EXP 	text_instr_3: autoDraw = False
146.7876 	EXP 	image_2: image = 'img6.png'
146.7876 	EXP 	text_label_2: height = 0.05
146.7876 	EXP 	text_label_2: height = 0.05
146.7876 	EXP 	text_label_2: height = 0.05
146.7876 	EXP 	text_label_2: text = 'КАРТОШЕЛЛО-КУКУШЕЛЛО'
146.7876 	EXP 	image_2: autoDraw = True
146.7876 	EXP 	text_label_2: autoDraw = True
146.7876 	EXP 	text_instr_3: autoDraw = True
147.2327 	EXP 	New trial (rep=0, index=24): {'ImageFile_All_list': 'img1.png', 'LabelText_all': 'арбузоро-гепардоро', 'True_Ans_All_list': 'right'}
147.2613 	DATA 	Keypress: right
147.2681 	EXP 	image_2: autoDraw = False
147.2681 	EXP 	text_label_2: autoDraw = False
147.2681 	EXP 	text_instr_3: autoDraw = False
147.2681 	EXP 	image_2: image = 'img1.png'
147.2681 	EXP 	text_label_2: height = 0.05
147.2681 	EXP 	text_label_2: height = 0.05
147.2681 	EXP 	text_label_2: height = 0.05
147.2681 	EXP 	text_label_2: text = 'арбузоро-гепардоро'
147.2681 	EXP 	image_2: autoDraw = True
147.2681 	EXP 	text_label_2: autoDraw = True
147.2681 	EXP 	text_instr_3: autoDraw = True
147.6828 	EXP 	New trial (rep=0, index=25): {'ImageFile_All_list': 'img33.png', 'LabelText_all': 'кузовелло-жирафелло', 'True_Ans_All_list': 'left'}
147.7126 	DATA 	Keypress: right
147.7185 	EXP 	image_2: autoDraw = False
147.7185 	EXP 	text_label_2: autoDraw = False
147.7185 	EXP 	text_instr_3: autoDraw = False
147.7185 	EXP 	image_2: image = 'img33.png'
147.7185 	EXP 	text_label_2: height = 0.05
147.7185 	EXP 	text_label_2: height = 0.05
147.7185 	EXP 	text_label_2: height = 0.05
147.7185 	EXP 	text_label_2: text = 'кузовелло-жирафелло'
147.7185 	EXP 	image_2: autoDraw = True
147.7185 	EXP 	text_label_2: autoDraw = True
147.7185 	EXP 	text_instr_3: autoDraw = True
148.1347 	DATA 	Keypress: right
148.1494 	EXP 	New trial (rep=0, index=26): {'ImageFile_All_list': 'img28.png', 'LabelText_all': 'КАПУЧИНО-ПАУЧИНО', 'True_Ans_All_list': 'left'}
148.1832 	EXP 	image_2: autoDraw = False
148.1832 	EXP 	text_label_2: autoDraw = False
148.1832 	EXP 	text_instr_3: autoDraw = False
148.1832 	EXP 	image_2: image = 'img28.png'
148.1832 	EXP 	text_label_2: height = 0.05
148.1832 	EXP 	text_label_2: height = 0.05
148.1832 	EXP 	text_label_2: height = 0.05
148.1832 	EXP 	text_label_2: text = 'КАПУЧИНО-ПАУЧИНО'
148.1832 	EXP 	image_2: autoDraw = True
148.1832 	EXP 	text_label_2: autoDraw = True
148.1832 	EXP 	text_instr_3: autoDraw = True
148.6659 	EXP 	New trial (rep=0, index=27): {'ImageFile_All_list': 'img39.png', 'LabelText_all': 'перчеритто-шакалитто', 'True_Ans_All_list': 'left'}
148.7083 	DATA 	Keypress: right
148.7144 	EXP 	image_2: autoDraw = False
148.7144 	EXP 	text_label_2: autoDraw = False
148.7144 	EXP 	text_instr_3: autoDraw = False
148.7144 	EXP 	image_2: image = 'img39.png'
148.7144 	EXP 	text_label_2: height = 0.05
148.7144 	EXP 	text_label_2: height = 0.05
148.7144 	EXP 	text_label_2: height = 0.05
148.7144 	EXP 	text_label_2: text = 'перчеритто-шакалитто'
148.7144 	EXP 	image_2: autoDraw = True
148.7144 	EXP 	text_label_2: autoDraw = True
148.7144 	EXP 	text_instr_3: autoDraw = True
149.1996 	EXP 	New trial (rep=0, index=28): {'ImageFile_All_list': 'img14.png', 'LabelText_all': 'МОНИТОРО-КАМБАЛОРО', 'True_Ans_All_list': 'right'}
149.2228 	DATA 	Keypress: right
149.2299 	EXP 	image_2: autoDraw = False
149.2299 	EXP 	text_label_2: autoDraw = False
149.2299 	EXP 	text_instr_3: autoDraw = False
149.2299 	EXP 	image_2: image = 'img14.png'
149.2299 	EXP 	text_label_2: height = 0.05
149.2299 	EXP 	text_label_2: height = 0.05
149.2299 	EXP 	text_label_2: height = 0.05
149.2299 	EXP 	text_label_2: text = 'МОНИТОРО-КАМБАЛОРО'
149.2299 	EXP 	image_2: autoDraw = True
149.2299 	EXP 	text_label_2: autoDraw = True
149.2299 	EXP 	text_instr_3: autoDraw = True
149.8495 	EXP 	New trial (rep=0, index=29): {'ImageFile_All_list': 'img3.png', 'LabelText_all': 'барахлоро-коалоро', 'True_Ans_All_list': 'right'}
149.8867 	DATA 	Keypress: right
149.8921 	EXP 	image_2: autoDraw = False
149.8921 	EXP 	text_label_2: autoDraw = False
149.8921 	EXP 	text_instr_3: autoDraw = False
149.8921 	EXP 	image_2: image = 'img3.png'
149.8921 	EXP 	text_label_2: height = 0.05
149.8921 	EXP 	text_label_2: height = 0.05
149.8921 	EXP 	text_label_2: height = 0.05
149.8921 	EXP 	text_label_2: text = 'барахлоро-коалоро'
149.8921 	EXP 	image_2: autoDraw = True
149.8921 	EXP 	text_label_2: autoDraw = True
149.8921 	EXP 	text_instr_3: autoDraw = True
150.3500 	EXP 	New trial (rep=0, index=30): {'ImageFile_All_list': 'img48.png', 'LabelText_all': 'ЯБЛОЧЕТТО-БАРСУЧЕТТО', 'True_Ans_All_list': 'left'}
150.3828 	DATA 	Keypress: right
150.3889 	EXP 	image_2: autoDraw = False
150.3889 	EXP 	text_label_2: autoDraw = False
150.3889 	EXP 	text_instr_3: autoDraw = False
150.3889 	EXP 	image_2: image = 'img48.png'
150.3889 	EXP 	text_label_2: height = 0.05
150.3889 	EXP 	text_label_2: height = 0.05
150.3889 	EXP 	text_label_2: height = 0.05
150.3889 	EXP 	text_label_2: text = 'ЯБЛОЧЕТТО-БАРСУЧЕТТО'
150.3889 	EXP 	image_2: autoDraw = True
150.3889 	EXP 	text_label_2: autoDraw = True
150.3889 	EXP 	text_instr_3: autoDraw = True
150.9161 	EXP 	New trial (rep=0, index=31): {'ImageFile_All_list': 'img37.png', 'LabelText_all': 'морковетто-ласточетто', 'True_Ans_All_list': 'left'}
150.9679 	DATA 	Keypress: right
150.9736 	EXP 	image_2: autoDraw = False
150.9736 	EXP 	text_label_2: autoDraw = False
150.9736 	EXP 	text_instr_3: autoDraw = False
150.9736 	EXP 	image_2: image = 'img37.png'
150.9736 	EXP 	text_label_2: height = 0.05
150.9736 	EXP 	text_label_2: height = 0.05
150.9736 	EXP 	text_label_2: height = 0.05
150.9736 	EXP 	text_label_2: text = 'морковетто-ласточетто'
150.9736 	EXP 	image_2: autoDraw = True
150.9736 	EXP 	text_label_2: autoDraw = True
150.9736 	EXP 	text_instr_3: autoDraw = True
151.5159 	EXP 	New trial (rep=0, index=32): {'ImageFile_All_list': 'img41.png', 'LabelText_all': 'сосисито-лососито', 'True_Ans_All_list': 'left'}
151.5172 	DEPRECATION 	Couldn't find image img41.png; check path? (tried: C:\Users\Admin\Desktop\сайкопай\brainrotexp\img41.png)
151.6407 	EXP 	window1: mouseVisible = True
