15.8969 	WARNING 	User requested fullscreen with size [1536  864], but screen is actually [1920, 1080]. Using actual size
21.7963 	EXP 	Created window1 = Window(allowGUI=True, allowStencil=False, autoLog=True, backendConf=UNKNOWN, backgroundFit=<method-wrapper '__getattribute__' of attributeSetter object at 0x000001DFE41DFC10>, backgroundImage=<method-wrapper '__getattribute__' of attributeSetter object at 0x000001DFE41DFBB0>, bitsMode=UNKNOWN, blendMode='avg', bpc=(8, 8, 8), color=array([0, 0, 0]), colorSpace='rgb', depthBits=8, fullscr=<method-wrapper '__getattribute__' of attributeSetter object at 0x000001DFE41DFA00>, gamma=None, gammaErrorPolicy='raise', lms=UNKNOWN, monitor=<psychopy.monitors.calibTools.Monitor object at 0x000001DFE452C490>, multiSample=False, name='window1', numSamples=2, pos=(0, 0), screen=0, size=array([1920, 1080]), stencilBits=0, stereo=False, title='PsychoPy', units='height', useFBO=True, useRetina=False, viewOri=0.0, viewPos=None, viewScale=None, waitBlanking=True, winType='pyglet')
21.7965 	EXP 	window1: mouseVisible = True
21.7965 	EXP 	window1: backgroundImage = ''
21.7965 	EXP 	window1: backgroundFit = 'none'
21.7994 	EXP 	window1: Attempting to measure frame rate of screen (0) ...
21.7995 	EXP 	window1: recordFrameIntervals = False
21.9628 	EXP 	window1: recordFrameIntervals = True
22.1462 	EXP 	Screen (0) actual frame rate measured at 60.00Hz
22.1462 	EXP 	window1: recordFrameIntervals = False
22.1464 	EXP 	window1: mouseVisible = False
27.8823 	EXP 	con_exp: status = STARTED
27.8835 	EXP 	window1: mouseVisible = True
28.4915 	EXP 	Created text_instr_1 = TextStim(__class__=<class 'psychopy.visual.text.TextStim'>, alignHoriz=method-wrapper(...), alignText='center', alignVert=method-wrapper(...), anchorHoriz='center', anchorVert='center', antialias=True, autoDraw=False, autoLog=True, bold=False, color=array([1., 1., 1.]), colorSpace='rgb', contrast=1.0, depth=0.0, draggable=False, flipHoriz=False, flipVert=False, font='Open Sans', fontFiles=[], height=0.05, italic=False, languageStyle='LTR', name='text_instr_1', opacity=1.0, ori=0.0, pos=array([0., 0.]), rgb=UNKNOWN, text=str(...), units='height', win=Window(...), wrapWidth=1)
28.4920 	EXP 	window1: mouseVisible = True
28.4958 	EXP 	Created text = TextStim(__class__=<class 'psychopy.visual.text.TextStim'>, alignHoriz=method-wrapper(...), alignText='center', alignVert=method-wrapper(...), anchorHoriz='center', anchorVert='center', antialias=True, autoDraw=False, autoLog=True, bold=False, color=array([1., 1., 1.]), colorSpace='rgb', contrast=1.0, depth=0.0, draggable=False, flipHoriz=False, flipVert=False, font='Open Sans', fontFiles=[], height=0.05, italic=False, languageStyle='LTR', name='text', opacity=1.0, ori=0.0, pos=array([0., 0.]), rgb=UNKNOWN, text='', units='height', win=Window(...), wrapWidth=1)
28.4962 	EXP 	window1: mouseVisible = True
28.5189 	EXP 	Created text_2 = TextStim(__class__=<class 'psychopy.visual.text.TextStim'>, alignHoriz=method-wrapper(...), alignText='center', alignVert=method-wrapper(...), anchorHoriz='center', anchorVert='center', antialias=True, autoDraw=False, autoLog=True, bold=False, color=array([1., 1., 1.]), colorSpace='rgb', contrast=1.0, depth=-1.0, draggable=False, flipHoriz=False, flipVert=False, font='Open Sans', fontFiles=[], height=0.05, italic=False, languageStyle='LTR', name='text_2', opacity=1.0, ori=0.0, pos=array([ 0. , -0.2]), rgb=UNKNOWN, text=str(...), units='height', win=Window(...), wrapWidth=1)
28.5193 	EXP 	window1: mouseVisible = True
28.5634 	EXP 	Created image_1 = ImageStim(__class__=<class 'psychopy.visual.image.ImageStim'>, anchor=('center', 'center'), autoLog=True, color=array([1., 1., 1.]), colorSpace='rgb', contrast=1.0, depth=0.0, draggable=False, flipHoriz=False, flipVert=False, image='default.png', interpolate=True, mask=None, maskParams=None, name='image_1', opacity=1.0, ori=0.0, pos=array([0., 0.]), size=array([0.4, 0.4]), texRes=128.0, units='height', win=Window(...))
28.5637 	EXP 	window1: mouseVisible = True
28.5693 	EXP 	Created text_label_1 = TextStim(__class__=<class 'psychopy.visual.text.TextStim'>, alignHoriz=method-wrapper(...), alignText='center', alignVert=method-wrapper(...), anchorHoriz='center', anchorVert='center', antialias=True, autoDraw=False, autoLog=True, bold=False, color=array([1., 1., 1.]), colorSpace='rgb', contrast=1.0, depth=-1.0, draggable=False, flipHoriz=False, flipVert=False, font='Open Sans', fontFiles=[], height=0.05, italic=False, languageStyle='LTR', name='text_label_1', opacity=1.0, ori=0.0, pos=array([ 0. , -0.3]), rgb=UNKNOWN, text='', units='height', win=Window(...), wrapWidth=1)
28.5696 	EXP 	window1: mouseVisible = True
28.6030 	EXP 	Created text_ans_quest_right = TextStim(__class__=<class 'psychopy.visual.text.TextStim'>, alignHoriz=method-wrapper(...), alignText='center', alignVert=method-wrapper(...), anchorHoriz='center', anchorVert='center', antialias=True, autoDraw=False, autoLog=True, bold=False, color=array([1., 1., 1.]), colorSpace='rgb', contrast=1.0, depth=0.0, draggable=False, flipHoriz=False, flipVert=False, font='Open Sans', fontFiles=[], height=0.04, italic=False, languageStyle='LTR', name='text_ans_quest_right', opacity=1.0, ori=0.0, pos=array([0.3, 0. ]), rgb=UNKNOWN, text='стрелка вправо - ответ "да"', units='height', win=Window(...), wrapWidth=1)
28.6034 	EXP 	window1: mouseVisible = True
28.6166 	EXP 	Created text_ans_quest_left = TextStim(__class__=<class 'psychopy.visual.text.TextStim'>, alignHoriz=method-wrapper(...), alignText='center', alignVert=method-wrapper(...), anchorHoriz='center', anchorVert='center', antialias=True, autoDraw=False, autoLog=True, bold=False, color=array([1., 1., 1.]), colorSpace='rgb', contrast=1.0, depth=-1.0, draggable=False, flipHoriz=False, flipVert=False, font='Open Sans', fontFiles=[], height=0.04, italic=False, languageStyle='LTR', name='text_ans_quest_left', opacity=1.0, ori=0.0, pos=array([-0.3,  0. ]), rgb=UNKNOWN, text='стрелка влево - ответ "нет"', units='height', win=Window(...), wrapWidth=1)
28.6170 	EXP 	window1: mouseVisible = True
28.6931 	EXP 	Created text_3 = TextStim(__class__=<class 'psychopy.visual.text.TextStim'>, alignHoriz=method-wrapper(...), alignText='center', alignVert=method-wrapper(...), anchorHoriz='center', anchorVert='center', antialias=True, autoDraw=False, autoLog=True, bold=False, color=array([1., 1., 1.]), colorSpace='rgb', contrast=1.0, depth=0.0, draggable=False, flipHoriz=False, flipVert=False, font='Open Sans', fontFiles=[], height=0.05, italic=False, languageStyle='LTR', name='text_3', opacity=1.0, ori=0.0, pos=array([0., 0.]), rgb=UNKNOWN, text=str(...), units='height', win=Window(...), wrapWidth=1)
28.6934 	EXP 	window1: mouseVisible = True
28.7177 	EXP 	Created image_2 = ImageStim(__class__=<class 'psychopy.visual.image.ImageStim'>, anchor=('center', 'center'), autoLog=True, color=array([1., 1., 1.]), colorSpace='rgb', contrast=1.0, depth=0.0, draggable=False, flipHoriz=False, flipVert=False, image='default.png', interpolate=True, mask=None, maskParams=None, name='image_2', opacity=1.0, ori=0.0, pos=array([0., 0.]), size=array([0.4, 0.4]), texRes=128.0, units='height', win=Window(...))
28.7180 	EXP 	window1: mouseVisible = True
28.7205 	EXP 	Created text_label_2 = TextStim(__class__=<class 'psychopy.visual.text.TextStim'>, alignHoriz=method-wrapper(...), alignText='center', alignVert=method-wrapper(...), anchorHoriz='center', anchorVert='center', antialias=True, autoDraw=False, autoLog=True, bold=False, color=array([1., 1., 1.]), colorSpace='rgb', contrast=1.0, depth=-1.0, draggable=False, flipHoriz=False, flipVert=False, font='Open Sans', fontFiles=[], height=0.05, italic=False, languageStyle='LTR', name='text_label_2', opacity=1.0, ori=0.0, pos=array([ 0. , -0.3]), rgb=UNKNOWN, text='', units='height', win=Window(...), wrapWidth=1)
28.7208 	EXP 	window1: mouseVisible = True
28.7510 	EXP 	Created text_instr_3 = TextStim(__class__=<class 'psychopy.visual.text.TextStim'>, alignHoriz=method-wrapper(...), alignText='center', alignVert=method-wrapper(...), anchorHoriz='center', anchorVert='center', antialias=True, autoDraw=False, autoLog=True, bold=False, color=array([1., 1., 1.]), colorSpace='rgb', contrast=1.0, depth=-3.0, draggable=False, flipHoriz=False, flipVert=False, font='Open Sans', fontFiles=[], height=0.02, italic=False, languageStyle='LTR', name='text_instr_3', opacity=1.0, ori=0.0, pos=array([ 0. , -0.4]), rgb=UNKNOWN, text=str(...), units='height', win=Window(...), wrapWidth=1)
28.7511 	EXP 	window1: mouseVisible = True
28.7779 	EXP 	Created text_fin = TextStim(__class__=<class 'psychopy.visual.text.TextStim'>, alignHoriz=method-wrapper(...), alignText='center', alignVert=method-wrapper(...), anchorHoriz='center', anchorVert='center', antialias=True, autoDraw=False, autoLog=True, bold=False, color=array([1., 1., 1.]), colorSpace='rgb', contrast=1.0, depth=0.0, draggable=False, flipHoriz=False, flipVert=False, font='Open Sans', fontFiles=[], height=0.05, italic=False, languageStyle='LTR', name='text_fin', opacity=1.0, ori=0.0, pos=array([0., 0.]), rgb=UNKNOWN, text=str(...), units='height', win=Window(...), wrapWidth=1)
0.0360 	EXP 	text_instr_1: autoDraw = True
47.0545 	EXP 	Imported con_stim.xlsx as conditions, 24 conditions, 5 params
47.0574 	EXP 	Created sequence: random, trialTypes=24, nReps=1, seed=None
47.0584 	EXP 	New trial (rep=0, index=0): {'ImageFile': 'img23.png', 'LabelText': 'чайничитто-кошачитто', 'QuestionType': 'Фонологический', 'QuestionText': 'Слово рифмуется с "туманетто"?', 'CorrectAnswer_congr': 'left'}
47.0831 	EXP 	text_instr_1: autoDraw = False
47.0831 	EXP 	text: height = 0.05
47.0831 	EXP 	text: height = 0.05
47.0831 	EXP 	text: height = 0.05
47.0831 	EXP 	text: text = 'Слово рифмуется с "туманетто"?'
47.0831 	EXP 	text: autoDraw = True
47.0831 	EXP 	text_2: autoDraw = True
49.2918 	DATA 	Mouse: Left button down, pos=(1030,810)
49.4066 	DATA 	Mouse:  Left button up, pos=(1030,810)
53.1541 	DATA 	Keypress: space
53.1597 	EXP 	text: autoDraw = False
53.1597 	EXP 	text_2: autoDraw = False
53.1597 	EXP 	image_1: image = 'img23.png'
53.1597 	EXP 	text_label_1: height = 0.05
53.1597 	EXP 	text_label_1: height = 0.05
53.1597 	EXP 	text_label_1: height = 0.05
53.1597 	EXP 	text_label_1: text = 'чайничитто-кошачитто'
53.1597 	EXP 	image_1: autoDraw = True
53.1597 	EXP 	text_label_1: autoDraw = True
55.5549 	DATA 	Keypress: right
55.5678 	EXP 	image_1: autoDraw = False
55.5678 	EXP 	text_label_1: autoDraw = False
55.5678 	EXP 	text_ans_quest_right: autoDraw = True
55.5678 	EXP 	text_ans_quest_left: autoDraw = True
57.9532 	EXP 	New trial (rep=0, index=1): {'ImageFile': 'img1.png', 'LabelText': 'арбузоро-гепардоро', 'QuestionType': 'Перцептивный', 'QuestionText': 'Слово написано большими буквами?', 'CorrectAnswer_congr': 'left'}
57.9606 	DATA 	Keypress: right
57.9679 	EXP 	text_ans_quest_right: autoDraw = False
57.9679 	EXP 	text_ans_quest_left: autoDraw = False
57.9679 	EXP 	text: height = 0.05
57.9679 	EXP 	text: height = 0.05
57.9679 	EXP 	text: height = 0.05
57.9679 	EXP 	text: text = 'Слово написано большими буквами?'
57.9679 	EXP 	text: autoDraw = True
57.9679 	EXP 	text_2: autoDraw = True
59.6211 	DATA 	Keypress: space
59.6256 	EXP 	text: autoDraw = False
59.6256 	EXP 	text_2: autoDraw = False
59.6256 	EXP 	image_1: image = 'img1.png'
59.6256 	EXP 	text_label_1: height = 0.05
59.6256 	EXP 	text_label_1: height = 0.05
59.6256 	EXP 	text_label_1: height = 0.05
59.6256 	EXP 	text_label_1: text = 'арбузоро-гепардоро'
59.6256 	EXP 	image_1: autoDraw = True
59.6256 	EXP 	text_label_1: autoDraw = True
62.1013 	EXP 	image_1: autoDraw = False
62.1013 	EXP 	text_label_1: autoDraw = False
62.1013 	EXP 	text_ans_quest_right: autoDraw = True
62.1013 	EXP 	text_ans_quest_left: autoDraw = True
64.0549 	DATA 	Keypress: right
64.0698 	EXP 	New trial (rep=0, index=2): {'ImageFile': 'img7.png', 'LabelText': 'кирпичони-саранчони', 'QuestionType': 'Перцептивный', 'QuestionText': 'Слово написано большими буквами?', 'CorrectAnswer_congr': 'left'}
64.0845 	EXP 	text_ans_quest_right: autoDraw = False
64.0845 	EXP 	text_ans_quest_left: autoDraw = False
64.0845 	EXP 	text: text = 'Слово написано большими буквами?'
64.0845 	EXP 	text: autoDraw = True
64.0845 	EXP 	text_2: autoDraw = True
65.6385 	DATA 	Keypress: space
65.7026 	EXP 	text: autoDraw = False
65.7026 	EXP 	text_2: autoDraw = False
65.7026 	EXP 	image_1: image = 'img7.png'
65.7026 	EXP 	text_label_1: height = 0.05
65.7026 	EXP 	text_label_1: height = 0.05
65.7026 	EXP 	text_label_1: height = 0.05
65.7026 	EXP 	text_label_1: text = 'кирпичони-саранчони'
65.7026 	EXP 	image_1: autoDraw = True
65.7026 	EXP 	text_label_1: autoDraw = True
68.1845 	EXP 	image_1: autoDraw = False
68.1845 	EXP 	text_label_1: autoDraw = False
68.1845 	EXP 	text_ans_quest_right: autoDraw = True
68.1845 	EXP 	text_ans_quest_left: autoDraw = True
71.1368 	EXP 	New trial (rep=0, index=3): {'ImageFile': 'img13.png', 'LabelText': 'мандарино-пингвинино', 'QuestionType': 'Перцептивный', 'QuestionText': 'Слово написано большими буквами?', 'CorrectAnswer_congr': 'left'}
71.1397 	DATA 	Keypress: right
71.1513 	EXP 	text_ans_quest_right: autoDraw = False
71.1513 	EXP 	text_ans_quest_left: autoDraw = False
71.1513 	EXP 	text: text = 'Слово написано большими буквами?'
71.1513 	EXP 	text: autoDraw = True
71.1513 	EXP 	text_2: autoDraw = True
72.8719 	DATA 	Keypress: space
72.8780 	EXP 	text: autoDraw = False
72.8780 	EXP 	text_2: autoDraw = False
72.8780 	EXP 	image_1: image = 'img13.png'
72.8780 	EXP 	text_label_1: height = 0.05
72.8780 	EXP 	text_label_1: height = 0.05
72.8780 	EXP 	text_label_1: height = 0.05
72.8780 	EXP 	text_label_1: text = 'мандарино-пингвинино'
72.8780 	EXP 	image_1: autoDraw = True
72.8780 	EXP 	text_label_1: autoDraw = True
75.3180 	EXP 	image_1: autoDraw = False
75.3180 	EXP 	text_label_1: autoDraw = False
75.3180 	EXP 	text_ans_quest_right: autoDraw = True
75.3180 	EXP 	text_ans_quest_left: autoDraw = True
76.4365 	EXP 	New trial (rep=0, index=4): {'ImageFile': 'img17.png', 'LabelText': 'пиццерретто-голубетто', 'QuestionType': 'Фонологический', 'QuestionText': 'Слово рифмуется с "облакоро"?', 'CorrectAnswer_congr': 'left'}
76.4441 	DATA 	Keypress: right
76.4513 	EXP 	text_ans_quest_right: autoDraw = False
76.4513 	EXP 	text_ans_quest_left: autoDraw = False
76.4513 	EXP 	text: height = 0.05
76.4513 	EXP 	text: height = 0.05
76.4513 	EXP 	text: height = 0.05
76.4513 	EXP 	text: text = 'Слово рифмуется с "облакоро"?'
76.4513 	EXP 	text: autoDraw = True
76.4513 	EXP 	text_2: autoDraw = True
77.8153 	DATA 	Keypress: space
77.8201 	EXP 	text: autoDraw = False
77.8201 	EXP 	text_2: autoDraw = False
77.8201 	EXP 	image_1: image = 'img17.png'
77.8201 	EXP 	text_label_1: height = 0.05
77.8201 	EXP 	text_label_1: height = 0.05
77.8201 	EXP 	text_label_1: height = 0.05
77.8201 	EXP 	text_label_1: text = 'пиццерретто-голубетто'
77.8201 	EXP 	image_1: autoDraw = True
77.8201 	EXP 	text_label_1: autoDraw = True
80.3015 	EXP 	image_1: autoDraw = False
80.3015 	EXP 	text_label_1: autoDraw = False
80.3015 	EXP 	text_ans_quest_right: autoDraw = True
80.3015 	EXP 	text_ans_quest_left: autoDraw = True
81.5532 	EXP 	New trial (rep=0, index=5): {'ImageFile': 'img21.png', 'LabelText': 'туалетто-кенгуретто', 'QuestionType': 'Самоотнесенный', 'QuestionText': 'Ассоциируете ли Вы себя с этим словом?', 'CorrectAnswer_congr': 'right'}
81.5666 	DATA 	Keypress: right
81.5710 	EXP 	text_ans_quest_right: autoDraw = False
81.5710 	EXP 	text_ans_quest_left: autoDraw = False
81.5710 	EXP 	text: height = 0.05
81.5710 	EXP 	text: height = 0.05
81.5710 	EXP 	text: height = 0.05
81.5710 	EXP 	text: text = 'Ассоциируете ли Вы себя с этим словом?'
81.5710 	EXP 	text: autoDraw = True
81.5710 	EXP 	text_2: autoDraw = True
85.1071 	DATA 	Keypress: space
85.1125 	EXP 	text: autoDraw = False
85.1125 	EXP 	text_2: autoDraw = False
85.1125 	EXP 	image_1: image = 'img21.png'
85.1125 	EXP 	text_label_1: height = 0.05
85.1125 	EXP 	text_label_1: height = 0.05
85.1125 	EXP 	text_label_1: height = 0.05
85.1125 	EXP 	text_label_1: text = 'туалетто-кенгуретто'
85.1125 	EXP 	image_1: autoDraw = True
85.1125 	EXP 	text_label_1: autoDraw = True
87.6012 	EXP 	image_1: autoDraw = False
87.6012 	EXP 	text_label_1: autoDraw = False
87.6012 	EXP 	text_ans_quest_right: autoDraw = True
87.6012 	EXP 	text_ans_quest_left: autoDraw = True
93.6704 	EXP 	New trial (rep=0, index=6): {'ImageFile': 'img5.png', 'LabelText': 'журналетто-кабанетто', 'QuestionType': 'Фонологический', 'QuestionText': 'Слово рифмуется с "пейзажини"?', 'CorrectAnswer_congr': 'left'}
93.6864 	DATA 	Keypress: right
93.6926 	EXP 	text_ans_quest_right: autoDraw = False
93.6926 	EXP 	text_ans_quest_left: autoDraw = False
93.6926 	EXP 	text: height = 0.05
93.6926 	EXP 	text: height = 0.05
93.6926 	EXP 	text: height = 0.05
93.6926 	EXP 	text: text = 'Слово рифмуется с "пейзажини"?'
93.6926 	EXP 	text: autoDraw = True
93.6926 	EXP 	text_2: autoDraw = True
95.6538 	DATA 	Keypress: space
95.6599 	EXP 	text: autoDraw = False
95.6599 	EXP 	text_2: autoDraw = False
95.6599 	EXP 	image_1: image = 'img5.png'
95.6599 	EXP 	text_label_1: height = 0.05
95.6599 	EXP 	text_label_1: height = 0.05
95.6599 	EXP 	text_label_1: height = 0.05
95.6599 	EXP 	text_label_1: text = 'журналетто-кабанетто'
95.6599 	EXP 	image_1: autoDraw = True
95.6599 	EXP 	text_label_1: autoDraw = True
98.1347 	EXP 	image_1: autoDraw = False
98.1347 	EXP 	text_label_1: autoDraw = False
98.1347 	EXP 	text_ans_quest_right: autoDraw = True
98.1347 	EXP 	text_ans_quest_left: autoDraw = True
99.3546 	DATA 	Keypress: right
99.3696 	EXP 	New trial (rep=0, index=7): {'ImageFile': 'img4.png', 'LabelText': 'ДИВАНИТТО-ТЮЛЕНИТТО', 'QuestionType': 'Перцептивный', 'QuestionText': 'Слово написано большими буквами?', 'CorrectAnswer_congr': 'right'}
99.3848 	EXP 	text_ans_quest_right: autoDraw = False
99.3848 	EXP 	text_ans_quest_left: autoDraw = False
99.3848 	EXP 	text: height = 0.05
99.3848 	EXP 	text: height = 0.05
99.3848 	EXP 	text: height = 0.05
99.3848 	EXP 	text: text = 'Слово написано большими буквами?'
99.3848 	EXP 	text: autoDraw = True
99.3848 	EXP 	text_2: autoDraw = True
100.6371 	DATA 	Keypress: space
100.6416 	EXP 	text: autoDraw = False
100.6416 	EXP 	text_2: autoDraw = False
100.6416 	EXP 	image_1: image = 'img4.png'
100.6416 	EXP 	text_label_1: height = 0.05
100.6416 	EXP 	text_label_1: height = 0.05
100.6416 	EXP 	text_label_1: height = 0.05
100.6416 	EXP 	text_label_1: text = 'ДИВАНИТТО-ТЮЛЕНИТТО'
100.6416 	EXP 	image_1: autoDraw = True
100.6416 	EXP 	text_label_1: autoDraw = True
103.1179 	EXP 	image_1: autoDraw = False
103.1179 	EXP 	text_label_1: autoDraw = False
103.1179 	EXP 	text_ans_quest_right: autoDraw = True
103.1179 	EXP 	text_ans_quest_left: autoDraw = True
103.7546 	EXP 	New trial (rep=0, index=8): {'ImageFile': 'img19.png', 'LabelText': 'сахарини-комарини', 'QuestionType': 'Перцептивный', 'QuestionText': 'Слово написано большими буквами?', 'CorrectAnswer_congr': 'left'}
103.7593 	DATA 	Keypress: right
103.7684 	EXP 	text_ans_quest_right: autoDraw = False
103.7684 	EXP 	text_ans_quest_left: autoDraw = False
103.7684 	EXP 	text: text = 'Слово написано большими буквами?'
103.7684 	EXP 	text: autoDraw = True
103.7684 	EXP 	text_2: autoDraw = True
104.9627 	DATA 	Keypress: space
104.9670 	EXP 	text: autoDraw = False
104.9670 	EXP 	text_2: autoDraw = False
104.9670 	EXP 	image_1: image = 'img19.png'
104.9670 	EXP 	text_label_1: height = 0.05
104.9670 	EXP 	text_label_1: height = 0.05
104.9670 	EXP 	text_label_1: height = 0.05
104.9670 	EXP 	text_label_1: text = 'сахарини-комарини'
104.9670 	EXP 	image_1: autoDraw = True
104.9670 	EXP 	text_label_1: autoDraw = True
107.4514 	EXP 	image_1: autoDraw = False
107.4514 	EXP 	text_label_1: autoDraw = False
107.4514 	EXP 	text_ans_quest_right: autoDraw = True
107.4514 	EXP 	text_ans_quest_left: autoDraw = True
108.0362 	EXP 	New trial (rep=0, index=9): {'ImageFile': 'img8.png', 'LabelText': 'КЛУБНИЧИТТО-ХОМЯЧИТТО', 'QuestionType': 'Фонологический', 'QuestionText': 'Слово рифмуется с  "ветеритто"?', 'CorrectAnswer_congr': 'right'}
108.0443 	DATA 	Keypress: right
108.0512 	EXP 	text_ans_quest_right: autoDraw = False
108.0512 	EXP 	text_ans_quest_left: autoDraw = False
108.0512 	EXP 	text: height = 0.05
108.0512 	EXP 	text: height = 0.05
108.0512 	EXP 	text: height = 0.05
108.0512 	EXP 	text: text = 'Слово рифмуется с  "ветеритто"?'
108.0512 	EXP 	text: autoDraw = True
108.0512 	EXP 	text_2: autoDraw = True
109.1365 	DATA 	Keypress: space
109.1409 	EXP 	text: autoDraw = False
109.1409 	EXP 	text_2: autoDraw = False
109.1409 	EXP 	image_1: image = 'img8.png'
109.1409 	EXP 	text_label_1: height = 0.05
109.1409 	EXP 	text_label_1: height = 0.05
109.1409 	EXP 	text_label_1: height = 0.05
109.1409 	EXP 	text_label_1: text = 'КЛУБНИЧИТТО-ХОМЯЧИТТО'
109.1409 	EXP 	image_1: autoDraw = True
109.1409 	EXP 	text_label_1: autoDraw = True
111.6179 	EXP 	image_1: autoDraw = False
111.6179 	EXP 	text_label_1: autoDraw = False
111.6179 	EXP 	text_ans_quest_right: autoDraw = True
111.6179 	EXP 	text_ans_quest_left: autoDraw = True
112.2530 	EXP 	New trial (rep=0, index=10): {'ImageFile': 'img10.png', 'LabelText': 'КУВШИНО-ЛОШАДИНО', 'QuestionType': 'Перцептивный', 'QuestionText': 'Слово написано большими буквами?', 'CorrectAnswer_congr': 'right'}
112.2604 	DATA 	Keypress: right
112.2679 	EXP 	text_ans_quest_right: autoDraw = False
112.2679 	EXP 	text_ans_quest_left: autoDraw = False
112.2679 	EXP 	text: height = 0.05
112.2679 	EXP 	text: height = 0.05
112.2679 	EXP 	text: height = 0.05
112.2679 	EXP 	text: text = 'Слово написано большими буквами?'
112.2679 	EXP 	text: autoDraw = True
112.2679 	EXP 	text_2: autoDraw = True
113.9611 	DATA 	Keypress: space
113.9661 	EXP 	text: autoDraw = False
113.9661 	EXP 	text_2: autoDraw = False
113.9661 	EXP 	image_1: image = 'img10.png'
113.9661 	EXP 	text_label_1: height = 0.05
113.9661 	EXP 	text_label_1: height = 0.05
113.9661 	EXP 	text_label_1: height = 0.05
113.9661 	EXP 	text_label_1: text = 'КУВШИНО-ЛОШАДИНО'
113.9661 	EXP 	image_1: autoDraw = True
113.9661 	EXP 	text_label_1: autoDraw = True
116.4181 	EXP 	image_1: autoDraw = False
116.4181 	EXP 	text_label_1: autoDraw = False
116.4181 	EXP 	text_ans_quest_right: autoDraw = True
116.4181 	EXP 	text_ans_quest_left: autoDraw = True
116.8528 	EXP 	New trial (rep=0, index=11): {'ImageFile': 'img15.png', 'LabelText': 'огурцони-акулони', 'QuestionType': 'Самоотнесенный', 'QuestionText': 'Ассоциируете ли Вы себя с этим словом?', 'CorrectAnswer_congr': 'right'}
116.8608 	DATA 	Keypress: right
116.8679 	EXP 	text_ans_quest_right: autoDraw = False
116.8679 	EXP 	text_ans_quest_left: autoDraw = False
116.8679 	EXP 	text: height = 0.05
116.8679 	EXP 	text: height = 0.05
116.8679 	EXP 	text: height = 0.05
116.8679 	EXP 	text: text = 'Ассоциируете ли Вы себя с этим словом?'
116.8679 	EXP 	text: autoDraw = True
116.8679 	EXP 	text_2: autoDraw = True
118.7235 	DATA 	Keypress: space
118.7309 	EXP 	text: autoDraw = False
118.7309 	EXP 	text_2: autoDraw = False
118.7309 	EXP 	image_1: image = 'img15.png'
118.7309 	EXP 	text_label_1: height = 0.05
118.7309 	EXP 	text_label_1: height = 0.05
118.7309 	EXP 	text_label_1: height = 0.05
118.7309 	EXP 	text_label_1: text = 'огурцони-акулони'
118.7309 	EXP 	image_1: autoDraw = True
118.7309 	EXP 	text_label_1: autoDraw = True
121.2013 	EXP 	image_1: autoDraw = False
121.2013 	EXP 	text_label_1: autoDraw = False
121.2013 	EXP 	text_ans_quest_right: autoDraw = True
121.2013 	EXP 	text_ans_quest_left: autoDraw = True
121.8055 	EXP 	New trial (rep=0, index=12): {'ImageFile': 'img12.png', 'LabelText': 'ЛАНДЫШЕЛЛО-МАРТЫШЕЛЛО', 'QuestionType': 'Самоотнесенный', 'QuestionText': 'Ассоциируете ли Вы себя с этим словом?', 'CorrectAnswer_congr': 'right'}
121.8097 	DATA 	Keypress: right
121.8181 	EXP 	text_ans_quest_right: autoDraw = False
121.8181 	EXP 	text_ans_quest_left: autoDraw = False
121.8181 	EXP 	text: text = 'Ассоциируете ли Вы себя с этим словом?'
121.8181 	EXP 	text: autoDraw = True
121.8181 	EXP 	text_2: autoDraw = True
123.5544 	DATA 	Keypress: space
123.5602 	EXP 	text: autoDraw = False
123.5602 	EXP 	text_2: autoDraw = False
123.5602 	EXP 	image_1: image = 'img12.png'
123.5602 	EXP 	text_label_1: height = 0.05
123.5602 	EXP 	text_label_1: height = 0.05
123.5602 	EXP 	text_label_1: height = 0.05
123.5602 	EXP 	text_label_1: text = 'ЛАНДЫШЕЛЛО-МАРТЫШЕЛЛО'
123.5602 	EXP 	image_1: autoDraw = True
123.5602 	EXP 	text_label_1: autoDraw = True
126.0350 	EXP 	image_1: autoDraw = False
126.0350 	EXP 	text_label_1: autoDraw = False
126.0350 	EXP 	text_ans_quest_right: autoDraw = True
126.0350 	EXP 	text_ans_quest_left: autoDraw = True
126.5197 	EXP 	New trial (rep=0, index=13): {'ImageFile': 'img3.png', 'LabelText': 'барахлоро-коалоро', 'QuestionType': 'Самоотнесенный', 'QuestionText': 'Ассоциируете ли Вы себя с этим словом?', 'CorrectAnswer_congr': 'right'}
126.5227 	DATA 	Keypress: right
126.5346 	EXP 	text_ans_quest_right: autoDraw = False
126.5346 	EXP 	text_ans_quest_left: autoDraw = False
126.5346 	EXP 	text: text = 'Ассоциируете ли Вы себя с этим словом?'
126.5346 	EXP 	text: autoDraw = True
126.5346 	EXP 	text_2: autoDraw = True
128.6887 	DATA 	Keypress: space
128.6974 	EXP 	text: autoDraw = False
128.6974 	EXP 	text_2: autoDraw = False
128.6974 	EXP 	image_1: image = 'img3.png'
128.6974 	EXP 	text_label_1: height = 0.05
128.6974 	EXP 	text_label_1: height = 0.05
128.6974 	EXP 	text_label_1: height = 0.05
128.6974 	EXP 	text_label_1: text = 'барахлоро-коалоро'
128.6974 	EXP 	image_1: autoDraw = True
128.6974 	EXP 	text_label_1: autoDraw = True
131.1679 	EXP 	image_1: autoDraw = False
131.1679 	EXP 	text_label_1: autoDraw = False
131.1679 	EXP 	text_ans_quest_right: autoDraw = True
131.1679 	EXP 	text_ans_quest_left: autoDraw = True
131.7723 	DATA 	Keypress: right
131.7868 	EXP 	New trial (rep=0, index=14): {'ImageFile': 'img2.png', 'LabelText': 'БАНАНОРО-ФАЗАНОРО', 'QuestionType': 'Фонологический', 'QuestionText': 'Слово рифмуется с "облакоро"?', 'CorrectAnswer_congr': 'right'}
131.8059 	EXP 	text_ans_quest_right: autoDraw = False
131.8059 	EXP 	text_ans_quest_left: autoDraw = False
131.8059 	EXP 	text: height = 0.05
131.8059 	EXP 	text: height = 0.05
131.8059 	EXP 	text: height = 0.05
131.8059 	EXP 	text: text = 'Слово рифмуется с "облакоро"?'
131.8059 	EXP 	text: autoDraw = True
131.8059 	EXP 	text_2: autoDraw = True
134.0589 	DATA 	Keypress: space
134.0636 	EXP 	text: autoDraw = False
134.0636 	EXP 	text_2: autoDraw = False
134.0636 	EXP 	image_1: image = 'img2.png'
134.0636 	EXP 	text_label_1: height = 0.05
134.0636 	EXP 	text_label_1: height = 0.05
134.0636 	EXP 	text_label_1: height = 0.05
134.0636 	EXP 	text_label_1: text = 'БАНАНОРО-ФАЗАНОРО'
134.0636 	EXP 	image_1: autoDraw = True
134.0636 	EXP 	text_label_1: autoDraw = True
136.5513 	EXP 	image_1: autoDraw = False
136.5513 	EXP 	text_label_1: autoDraw = False
136.5513 	EXP 	text_ans_quest_right: autoDraw = True
136.5513 	EXP 	text_ans_quest_left: autoDraw = True
137.7043 	EXP 	New trial (rep=0, index=15): {'ImageFile': 'img18.png', 'LabelText': 'РУБИНОРО-ДЕЛЬФИНОРО', 'QuestionType': 'Самоотнесенный', 'QuestionText': 'Ассоциируете ли Вы себя с этим словом?', 'CorrectAnswer_congr': 'right'}
137.7185 	DATA 	Keypress: right
137.7245 	EXP 	text_ans_quest_right: autoDraw = False
137.7245 	EXP 	text_ans_quest_left: autoDraw = False
137.7245 	EXP 	text: height = 0.05
137.7245 	EXP 	text: height = 0.05
137.7245 	EXP 	text: height = 0.05
137.7245 	EXP 	text: text = 'Ассоциируете ли Вы себя с этим словом?'
137.7245 	EXP 	text: autoDraw = True
137.7245 	EXP 	text_2: autoDraw = True
139.4725 	DATA 	Keypress: space
139.4771 	EXP 	text: autoDraw = False
139.4771 	EXP 	text_2: autoDraw = False
139.4771 	EXP 	image_1: image = 'img18.png'
139.4771 	EXP 	text_label_1: height = 0.05
139.4771 	EXP 	text_label_1: height = 0.05
139.4771 	EXP 	text_label_1: height = 0.05
139.4771 	EXP 	text_label_1: text = 'РУБИНОРО-ДЕЛЬФИНОРО'
139.4771 	EXP 	image_1: autoDraw = True
139.4771 	EXP 	text_label_1: autoDraw = True
141.0044 	DATA 	Keypress: right
141.9680 	EXP 	image_1: autoDraw = False
141.9680 	EXP 	text_label_1: autoDraw = False
141.9680 	EXP 	text_ans_quest_right: autoDraw = True
141.9680 	EXP 	text_ans_quest_left: autoDraw = True
142.4864 	EXP 	New trial (rep=0, index=16): {'ImageFile': 'img9.png', 'LabelText': 'кокосело-медузело', 'QuestionType': 'Самоотнесенный', 'QuestionText': 'Ассоциируете ли Вы себя с этим словом?', 'CorrectAnswer_congr': 'right'}
142.4894 	DATA 	Keypress: right
142.5013 	EXP 	text_ans_quest_right: autoDraw = False
142.5013 	EXP 	text_ans_quest_left: autoDraw = False
142.5013 	EXP 	text: text = 'Ассоциируете ли Вы себя с этим словом?'
142.5013 	EXP 	text: autoDraw = True
142.5013 	EXP 	text_2: autoDraw = True
143.7920 	DATA 	Keypress: space
143.7980 	EXP 	text: autoDraw = False
143.7980 	EXP 	text_2: autoDraw = False
143.7980 	EXP 	image_1: image = 'img9.png'
143.7980 	EXP 	text_label_1: height = 0.05
143.7980 	EXP 	text_label_1: height = 0.05
143.7980 	EXP 	text_label_1: height = 0.05
143.7980 	EXP 	text_label_1: text = 'кокосело-медузело'
143.7980 	EXP 	image_1: autoDraw = True
143.7980 	EXP 	text_label_1: autoDraw = True
146.2347 	EXP 	image_1: autoDraw = False
146.2347 	EXP 	text_label_1: autoDraw = False
146.2347 	EXP 	text_ans_quest_right: autoDraw = True
146.2347 	EXP 	text_ans_quest_left: autoDraw = True
146.8698 	EXP 	New trial (rep=0, index=17): {'ImageFile': 'img16.png', 'LabelText': 'ПЕЛЬМЕНИНО-ЕЖИНО', 'QuestionType': 'Перцептивный', 'QuestionText': 'Слово написано большими буквами?', 'CorrectAnswer_congr': 'right'}
146.8772 	DATA 	Keypress: right
146.8846 	EXP 	text_ans_quest_right: autoDraw = False
146.8846 	EXP 	text_ans_quest_left: autoDraw = False
146.8846 	EXP 	text: height = 0.05
146.8846 	EXP 	text: height = 0.05
146.8846 	EXP 	text: height = 0.05
146.8846 	EXP 	text: text = 'Слово написано большими буквами?'
146.8846 	EXP 	text: autoDraw = True
146.8846 	EXP 	text_2: autoDraw = True
148.4680 	DATA 	Keypress: space
148.4728 	EXP 	text: autoDraw = False
148.4728 	EXP 	text_2: autoDraw = False
148.4728 	EXP 	image_1: image = 'img16.png'
148.4728 	EXP 	text_label_1: height = 0.05
148.4728 	EXP 	text_label_1: height = 0.05
148.4728 	EXP 	text_label_1: height = 0.05
148.4728 	EXP 	text_label_1: text = 'ПЕЛЬМЕНИНО-ЕЖИНО'
148.4728 	EXP 	image_1: autoDraw = True
148.4728 	EXP 	text_label_1: autoDraw = True
150.9348 	EXP 	image_1: autoDraw = False
150.9348 	EXP 	text_label_1: autoDraw = False
150.9348 	EXP 	text_ans_quest_right: autoDraw = True
150.9348 	EXP 	text_ans_quest_left: autoDraw = True
151.5698 	EXP 	New trial (rep=0, index=18): {'ImageFile': 'img22.png', 'LabelText': 'ФАСТФУДОРО-ВЕРБЛЮДОРО', 'QuestionType': 'Перцептивный', 'QuestionText': 'Слово написано большими буквами?', 'CorrectAnswer_congr': 'right'}
151.5728 	DATA 	Keypress: right
151.5847 	EXP 	text_ans_quest_right: autoDraw = False
151.5847 	EXP 	text_ans_quest_left: autoDraw = False
151.5847 	EXP 	text: text = 'Слово написано большими буквами?'
151.5847 	EXP 	text: autoDraw = True
151.5847 	EXP 	text_2: autoDraw = True
153.0252 	DATA 	Keypress: space
153.0324 	EXP 	text: autoDraw = False
153.0324 	EXP 	text_2: autoDraw = False
153.0324 	EXP 	image_1: image = 'img22.png'
153.0324 	EXP 	text_label_1: height = 0.05
153.0324 	EXP 	text_label_1: height = 0.05
153.0324 	EXP 	text_label_1: height = 0.05
153.0324 	EXP 	text_label_1: text = 'ФАСТФУДОРО-ВЕРБЛЮДОРО'
153.0324 	EXP 	image_1: autoDraw = True
153.0324 	EXP 	text_label_1: autoDraw = True
155.5179 	EXP 	image_1: autoDraw = False
155.5179 	EXP 	text_label_1: autoDraw = False
155.5179 	EXP 	text_ans_quest_right: autoDraw = True
155.5179 	EXP 	text_ans_quest_left: autoDraw = True
156.0714 	DATA 	Keypress: right
156.0864 	EXP 	New trial (rep=0, index=19): {'ImageFile': 'img14.png', 'LabelText': 'МОНИТОРО-КАМБАЛОРО', 'QuestionType': 'Фонологический', 'QuestionText': 'Слово рифмуется с "ветеритто"?', 'CorrectAnswer_congr': 'left'}
156.1018 	EXP 	text_ans_quest_right: autoDraw = False
156.1018 	EXP 	text_ans_quest_left: autoDraw = False
156.1018 	EXP 	text: height = 0.05
156.1018 	EXP 	text: height = 0.05
156.1018 	EXP 	text: height = 0.05
156.1018 	EXP 	text: text = 'Слово рифмуется с "ветеритто"?'
156.1018 	EXP 	text: autoDraw = True
156.1018 	EXP 	text_2: autoDraw = True
158.8575 	DATA 	Keypress: space
158.8629 	EXP 	text: autoDraw = False
158.8629 	EXP 	text_2: autoDraw = False
158.8629 	EXP 	image_1: image = 'img14.png'
158.8629 	EXP 	text_label_1: height = 0.05
158.8629 	EXP 	text_label_1: height = 0.05
158.8629 	EXP 	text_label_1: height = 0.05
158.8629 	EXP 	text_label_1: text = 'МОНИТОРО-КАМБАЛОРО'
158.8629 	EXP 	image_1: autoDraw = True
158.8629 	EXP 	text_label_1: autoDraw = True
161.3513 	EXP 	image_1: autoDraw = False
161.3513 	EXP 	text_label_1: autoDraw = False
161.3513 	EXP 	text_ans_quest_right: autoDraw = True
161.3513 	EXP 	text_ans_quest_left: autoDraw = True
161.7566 	DATA 	Keypress: right
161.7697 	EXP 	New trial (rep=0, index=20): {'ImageFile': 'img20.png', 'LabelText': 'БОТИЧИНИ-КРОЛИЧИНИ', 'QuestionType': 'Фонологический', 'QuestionText': 'Слово рифмуется с "пейзажини"?', 'CorrectAnswer_congr': 'right'}
161.7898 	EXP 	text_ans_quest_right: autoDraw = False
161.7898 	EXP 	text_ans_quest_left: autoDraw = False
161.7898 	EXP 	text: height = 0.05
161.7898 	EXP 	text: height = 0.05
161.7898 	EXP 	text: height = 0.05
161.7898 	EXP 	text: text = 'Слово рифмуется с "пейзажини"?'
161.7898 	EXP 	text: autoDraw = True
161.7898 	EXP 	text_2: autoDraw = True
163.0224 	DATA 	Keypress: space
163.0284 	EXP 	text: autoDraw = False
163.0284 	EXP 	text_2: autoDraw = False
163.0284 	EXP 	image_1: image = 'img20.png'
163.0284 	EXP 	text_label_1: height = 0.05
163.0284 	EXP 	text_label_1: height = 0.05
163.0284 	EXP 	text_label_1: height = 0.05
163.0284 	EXP 	text_label_1: text = 'БОТИЧИНИ-КРОЛИЧИНИ'
163.0284 	EXP 	image_1: autoDraw = True
163.0284 	EXP 	text_label_1: autoDraw = True
165.4848 	EXP 	image_1: autoDraw = False
165.4848 	EXP 	text_label_1: autoDraw = False
165.4848 	EXP 	text_ans_quest_right: autoDraw = True
165.4848 	EXP 	text_ans_quest_left: autoDraw = True
165.9867 	EXP 	New trial (rep=0, index=21): {'ImageFile': 'img11.png', 'LabelText': 'лавашетто-лягушето', 'QuestionType': 'Фонологический', 'QuestionText': 'Слово рифмуется с "туманетто"?', 'CorrectAnswer_congr': 'right'}
165.9952 	DATA 	Keypress: right
166.0013 	EXP 	text_ans_quest_right: autoDraw = False
166.0013 	EXP 	text_ans_quest_left: autoDraw = False
166.0013 	EXP 	text: height = 0.05
166.0013 	EXP 	text: height = 0.05
166.0013 	EXP 	text: height = 0.05
166.0013 	EXP 	text: text = 'Слово рифмуется с "туманетто"?'
166.0013 	EXP 	text: autoDraw = True
166.0013 	EXP 	text_2: autoDraw = True
167.3608 	DATA 	Keypress: space
167.3662 	EXP 	text: autoDraw = False
167.3662 	EXP 	text_2: autoDraw = False
167.3662 	EXP 	image_1: image = 'img11.png'
167.3662 	EXP 	text_label_1: height = 0.05
167.3662 	EXP 	text_label_1: height = 0.05
167.3662 	EXP 	text_label_1: height = 0.05
167.3662 	EXP 	text_label_1: text = 'лавашетто-лягушето'
167.3662 	EXP 	image_1: autoDraw = True
167.3662 	EXP 	text_label_1: autoDraw = True
169.8181 	EXP 	image_1: autoDraw = False
169.8181 	EXP 	text_label_1: autoDraw = False
169.8181 	EXP 	text_ans_quest_right: autoDraw = True
169.8181 	EXP 	text_ans_quest_left: autoDraw = True
170.3531 	EXP 	New trial (rep=0, index=22): {'ImageFile': 'img24.png', 'LabelText': 'ШАМПИНЬОРО-ОСЬМИНОРО', 'QuestionType': 'Самоотнесенный', 'QuestionText': 'Ассоциируете ли Вы себя с этим словом?', 'CorrectAnswer_congr': 'right'}
170.3611 	DATA 	Keypress: right
170.3680 	EXP 	text_ans_quest_right: autoDraw = False
170.3680 	EXP 	text_ans_quest_left: autoDraw = False
170.3680 	EXP 	text: height = 0.05
170.3680 	EXP 	text: height = 0.05
170.3680 	EXP 	text: height = 0.05
170.3680 	EXP 	text: text = 'Ассоциируете ли Вы себя с этим словом?'
170.3680 	EXP 	text: autoDraw = True
170.3680 	EXP 	text_2: autoDraw = True
171.8209 	DATA 	Keypress: space
171.8276 	EXP 	text: autoDraw = False
171.8276 	EXP 	text_2: autoDraw = False
171.8276 	EXP 	image_1: image = 'img24.png'
171.8276 	EXP 	text_label_1: height = 0.05
171.8276 	EXP 	text_label_1: height = 0.05
171.8276 	EXP 	text_label_1: height = 0.05
171.8276 	EXP 	text_label_1: text = 'ШАМПИНЬОРО-ОСЬМИНОРО'
171.8276 	EXP 	image_1: autoDraw = True
171.8276 	EXP 	text_label_1: autoDraw = True
174.3012 	EXP 	image_1: autoDraw = False
174.3012 	EXP 	text_label_1: autoDraw = False
174.3012 	EXP 	text_ans_quest_right: autoDraw = True
174.3012 	EXP 	text_ans_quest_left: autoDraw = True
174.7702 	EXP 	New trial (rep=0, index=23): {'ImageFile': 'img6.png', 'LabelText': 'КАРТОШЕЛЛО-КУКУШЕЛЛО', 'QuestionType': 'Самоотнесенный', 'QuestionText': 'Ассоциируете ли Вы себя с этим словом?', 'CorrectAnswer_congr': 'right'}
174.7740 	DATA 	Keypress: right
174.7850 	EXP 	text_ans_quest_right: autoDraw = False
174.7850 	EXP 	text_ans_quest_left: autoDraw = False
174.7850 	EXP 	text: text = 'Ассоциируете ли Вы себя с этим словом?'
174.7850 	EXP 	text: autoDraw = True
174.7850 	EXP 	text_2: autoDraw = True
175.8370 	DATA 	Keypress: space
175.8433 	EXP 	text: autoDraw = False
175.8433 	EXP 	text_2: autoDraw = False
175.8433 	EXP 	image_1: image = 'img6.png'
175.8433 	EXP 	text_label_1: height = 0.05
175.8433 	EXP 	text_label_1: height = 0.05
175.8433 	EXP 	text_label_1: height = 0.05
175.8433 	EXP 	text_label_1: text = 'КАРТОШЕЛЛО-КУКУШЕЛЛО'
175.8433 	EXP 	image_1: autoDraw = True
175.8433 	EXP 	text_label_1: autoDraw = True
178.3180 	EXP 	image_1: autoDraw = False
178.3180 	EXP 	text_label_1: autoDraw = False
178.3180 	EXP 	text_ans_quest_right: autoDraw = True
178.3180 	EXP 	text_ans_quest_left: autoDraw = True
178.7094 	DATA 	Keypress: right
178.7185 	EXP 	text_ans_quest_right: autoDraw = False
178.7185 	EXP 	text_ans_quest_left: autoDraw = False
178.7185 	EXP 	text_3: autoDraw = True
194.3073 	EXP 	Imported all_congr_stim_list.xlsx as conditions, 48 conditions, 3 params
194.3084 	EXP 	Created sequence: random, trialTypes=48, nReps=1, seed=None
194.3086 	EXP 	New trial (rep=0, index=0): {'ImageFile_All_list': 'img39.png', 'LabelText_all': 'перчеритто-шакалитто', 'True_Ans_all': 'left'}
194.3625 	DATA 	Keypress: space
194.3687 	EXP 	text_3: autoDraw = False
194.3687 	EXP 	image_2: image = 'img39.png'
194.3687 	EXP 	text_label_2: height = 0.05
194.3687 	EXP 	text_label_2: height = 0.05
194.3687 	EXP 	text_label_2: height = 0.05
194.3687 	EXP 	text_label_2: text = 'перчеритто-шакалитто'
194.3687 	EXP 	image_2: autoDraw = True
194.3687 	EXP 	text_label_2: autoDraw = True
194.3687 	EXP 	text_instr_3: autoDraw = True
198.9702 	EXP 	New trial (rep=0, index=1): {'ImageFile_All_list': 'img27.png', 'LabelText_all': 'желудони-енотони', 'True_Ans_all': 'left'}
199.0131 	DATA 	Keypress: right
199.0186 	EXP 	image_2: autoDraw = False
199.0186 	EXP 	text_label_2: autoDraw = False
199.0186 	EXP 	text_instr_3: autoDraw = False
199.0186 	EXP 	image_2: image = 'img27.png'
199.0186 	EXP 	text_label_2: height = 0.05
199.0186 	EXP 	text_label_2: height = 0.05
199.0186 	EXP 	text_label_2: height = 0.05
199.0186 	EXP 	text_label_2: text = 'желудони-енотони'
199.0186 	EXP 	image_2: autoDraw = True
199.0186 	EXP 	text_label_2: autoDraw = True
199.0186 	EXP 	text_instr_3: autoDraw = True
200.4698 	EXP 	New trial (rep=0, index=2): {'ImageFile_All_list': 'img33.png', 'LabelText_all': 'кузовелло-жирафелло', 'True_Ans_all': 'left'}
200.5130 	DATA 	Keypress: right
200.5184 	EXP 	image_2: autoDraw = False
200.5184 	EXP 	text_label_2: autoDraw = False
200.5184 	EXP 	text_instr_3: autoDraw = False
200.5184 	EXP 	image_2: image = 'img33.png'
200.5184 	EXP 	text_label_2: height = 0.05
200.5184 	EXP 	text_label_2: height = 0.05
200.5184 	EXP 	text_label_2: height = 0.05
200.5184 	EXP 	text_label_2: text = 'кузовелло-жирафелло'
200.5184 	EXP 	image_2: autoDraw = True
200.5184 	EXP 	text_label_2: autoDraw = True
200.5184 	EXP 	text_instr_3: autoDraw = True
201.5869 	EXP 	New trial (rep=0, index=3): {'ImageFile_All_list': 'img14.png', 'LabelText_all': 'МОНИТОРО-КАМБАЛОРО', 'True_Ans_all': 'right'}
201.6186 	DATA 	Keypress: right
201.6234 	EXP 	image_2: autoDraw = False
201.6234 	EXP 	text_label_2: autoDraw = False
201.6234 	EXP 	text_instr_3: autoDraw = False
201.6234 	EXP 	image_2: image = 'img14.png'
201.6234 	EXP 	text_label_2: height = 0.05
201.6234 	EXP 	text_label_2: height = 0.05
201.6234 	EXP 	text_label_2: height = 0.05
201.6234 	EXP 	text_label_2: text = 'МОНИТОРО-КАМБАЛОРО'
201.6234 	EXP 	image_2: autoDraw = True
201.6234 	EXP 	text_label_2: autoDraw = True
201.6234 	EXP 	text_instr_3: autoDraw = True
202.7710 	EXP 	New trial (rep=0, index=4): {'ImageFile_All_list': 'img45.png', 'LabelText_all': 'чебуритто-заячитто', 'True_Ans_all': 'left'}
202.8174 	DATA 	Keypress: right
202.8227 	EXP 	image_2: autoDraw = False
202.8227 	EXP 	text_label_2: autoDraw = False
202.8227 	EXP 	text_instr_3: autoDraw = False
202.8227 	EXP 	image_2: image = 'img45.png'
202.8227 	EXP 	text_label_2: height = 0.05
202.8227 	EXP 	text_label_2: height = 0.05
202.8227 	EXP 	text_label_2: height = 0.05
202.8227 	EXP 	text_label_2: text = 'чебуритто-заячитто'
202.8227 	EXP 	image_2: autoDraw = True
202.8227 	EXP 	text_label_2: autoDraw = True
202.8227 	EXP 	text_instr_3: autoDraw = True
206.5886 	DATA 	Keypress: right
206.6031 	EXP 	New trial (rep=0, index=5): {'ImageFile_All_list': 'img38.png', 'LabelText_all': 'ПАНТОЛОНИ-ПАНТЕРОНИ', 'True_Ans_all': 'left'}
206.6478 	EXP 	image_2: autoDraw = False
206.6478 	EXP 	text_label_2: autoDraw = False
206.6478 	EXP 	text_instr_3: autoDraw = False
206.6478 	EXP 	image_2: image = 'img38.png'
206.6478 	EXP 	text_label_2: height = 0.05
206.6478 	EXP 	text_label_2: height = 0.05
206.6478 	EXP 	text_label_2: height = 0.05
206.6478 	EXP 	text_label_2: text = 'ПАНТОЛОНИ-ПАНТЕРОНИ'
206.6478 	EXP 	image_2: autoDraw = True
206.6478 	EXP 	text_label_2: autoDraw = True
206.6478 	EXP 	text_instr_3: autoDraw = True
208.5531 	EXP 	New trial (rep=0, index=6): {'ImageFile_All_list': 'img28.png', 'LabelText_all': 'КАПУЧИНО-ПАУЧИНО', 'True_Ans_all': 'left'}
208.5893 	DATA 	Keypress: right
208.5955 	EXP 	image_2: autoDraw = False
208.5955 	EXP 	text_label_2: autoDraw = False
208.5955 	EXP 	text_instr_3: autoDraw = False
208.5955 	EXP 	image_2: image = 'img28.png'
208.5955 	EXP 	text_label_2: height = 0.05
208.5955 	EXP 	text_label_2: height = 0.05
208.5955 	EXP 	text_label_2: height = 0.05
208.5955 	EXP 	text_label_2: text = 'КАПУЧИНО-ПАУЧИНО'
208.5955 	EXP 	image_2: autoDraw = True
208.5955 	EXP 	text_label_2: autoDraw = True
208.5955 	EXP 	text_instr_3: autoDraw = True
209.4367 	EXP 	New trial (rep=0, index=7): {'ImageFile_All_list': 'img29.png', 'LabelText_all': 'кебабони-жабобони', 'True_Ans_all': 'left'}
209.4758 	DATA 	Keypress: right
209.4813 	EXP 	image_2: autoDraw = False
209.4813 	EXP 	text_label_2: autoDraw = False
209.4813 	EXP 	text_instr_3: autoDraw = False
209.4813 	EXP 	image_2: image = 'img29.png'
209.4813 	EXP 	text_label_2: height = 0.05
209.4813 	EXP 	text_label_2: height = 0.05
209.4813 	EXP 	text_label_2: height = 0.05
209.4813 	EXP 	text_label_2: text = 'кебабони-жабобони'
209.4813 	EXP 	image_2: autoDraw = True
209.4813 	EXP 	text_label_2: autoDraw = True
209.4813 	EXP 	text_instr_3: autoDraw = True
210.0949 	EXP 	New trial (rep=0, index=8): {'ImageFile_All_list': 'img24.png', 'LabelText_all': 'ШАМПИНЬОРО-ОСЬМИНОРО', 'True_Ans_all': 'right'}
210.1180 	DATA 	Keypress: right
210.1226 	EXP 	image_2: autoDraw = False
210.1226 	EXP 	text_label_2: autoDraw = False
210.1226 	EXP 	text_instr_3: autoDraw = False
210.1226 	EXP 	image_2: image = 'img24.png'
210.1226 	EXP 	text_label_2: height = 0.05
210.1226 	EXP 	text_label_2: height = 0.05
210.1226 	EXP 	text_label_2: height = 0.05
210.1226 	EXP 	text_label_2: text = 'ШАМПИНЬОРО-ОСЬМИНОРО'
210.1226 	EXP 	image_2: autoDraw = True
210.1226 	EXP 	text_label_2: autoDraw = True
210.1226 	EXP 	text_instr_3: autoDraw = True
210.6920 	DATA 	Keypress: right
210.7037 	EXP 	New trial (rep=0, index=9): {'ImageFile_All_list': 'img32.png', 'LabelText_all': 'КОМОДОНИ-ЛЕБЕДОНИ', 'True_Ans_all': 'left'}
210.7595 	EXP 	image_2: autoDraw = False
210.7595 	EXP 	text_label_2: autoDraw = False
210.7595 	EXP 	text_instr_3: autoDraw = False
210.7595 	EXP 	image_2: image = 'img32.png'
210.7595 	EXP 	text_label_2: height = 0.05
210.7595 	EXP 	text_label_2: height = 0.05
210.7595 	EXP 	text_label_2: height = 0.05
210.7595 	EXP 	text_label_2: text = 'КОМОДОНИ-ЛЕБЕДОНИ'
210.7595 	EXP 	image_2: autoDraw = True
210.7595 	EXP 	text_label_2: autoDraw = True
210.7595 	EXP 	text_instr_3: autoDraw = True
211.2698 	EXP 	New trial (rep=0, index=10): {'ImageFile_All_list': 'img31.png', 'LabelText_all': 'книжеллини-журавлини', 'True_Ans_all': 'left'}
211.3061 	DATA 	Keypress: right
211.3113 	EXP 	image_2: autoDraw = False
211.3113 	EXP 	text_label_2: autoDraw = False
211.3113 	EXP 	text_instr_3: autoDraw = False
211.3113 	EXP 	image_2: image = 'img31.png'
211.3113 	EXP 	text_label_2: height = 0.05
211.3113 	EXP 	text_label_2: height = 0.05
211.3113 	EXP 	text_label_2: height = 0.05
211.3113 	EXP 	text_label_2: text = 'книжеллини-журавлини'
211.3113 	EXP 	image_2: autoDraw = True
211.3113 	EXP 	text_label_2: autoDraw = True
211.3113 	EXP 	text_instr_3: autoDraw = True
211.8369 	EXP 	New trial (rep=0, index=11): {'ImageFile_All_list': 'img1.png', 'LabelText_all': 'арбузоро-гепардоро', 'True_Ans_all': 'right'}
211.8618 	DATA 	Keypress: right
211.8670 	EXP 	image_2: autoDraw = False
211.8670 	EXP 	text_label_2: autoDraw = False
211.8670 	EXP 	text_instr_3: autoDraw = False
211.8670 	EXP 	image_2: image = 'img1.png'
211.8670 	EXP 	text_label_2: height = 0.05
211.8670 	EXP 	text_label_2: height = 0.05
211.8670 	EXP 	text_label_2: height = 0.05
211.8670 	EXP 	text_label_2: text = 'арбузоро-гепардоро'
211.8670 	EXP 	image_2: autoDraw = True
211.8670 	EXP 	text_label_2: autoDraw = True
211.8670 	EXP 	text_instr_3: autoDraw = True
212.3895 	DATA 	Keypress: right
212.4037 	EXP 	New trial (rep=0, index=12): {'ImageFile_All_list': 'img18.png', 'LabelText_all': 'РУБИНОРО-ДЕЛЬФИНОРО', 'True_Ans_all': 'right'}
212.4289 	EXP 	image_2: autoDraw = False
212.4289 	EXP 	text_label_2: autoDraw = False
212.4289 	EXP 	text_instr_3: autoDraw = False
212.4289 	EXP 	image_2: image = 'img18.png'
212.4289 	EXP 	text_label_2: height = 0.05
212.4289 	EXP 	text_label_2: height = 0.05
212.4289 	EXP 	text_label_2: height = 0.05
212.4289 	EXP 	text_label_2: text = 'РУБИНОРО-ДЕЛЬФИНОРО'
212.4289 	EXP 	image_2: autoDraw = True
212.4289 	EXP 	text_label_2: autoDraw = True
212.4289 	EXP 	text_instr_3: autoDraw = True
213.0032 	EXP 	New trial (rep=0, index=13): {'ImageFile_All_list': 'img34.png', 'LabelText_all': 'ЛАМПОЧИТТО-ВОРОБЬИТТО', 'True_Ans_all': 'left'}
213.0572 	DATA 	Keypress: right
213.0633 	EXP 	image_2: autoDraw = False
213.0633 	EXP 	text_label_2: autoDraw = False
213.0633 	EXP 	text_instr_3: autoDraw = False
213.0633 	EXP 	image_2: image = 'img34.png'
213.0633 	EXP 	text_label_2: height = 0.05
213.0633 	EXP 	text_label_2: height = 0.05
213.0633 	EXP 	text_label_2: height = 0.05
213.0633 	EXP 	text_label_2: text = 'ЛАМПОЧИТТО-ВОРОБЬИТТО'
213.0633 	EXP 	image_2: autoDraw = True
213.0633 	EXP 	text_label_2: autoDraw = True
213.0633 	EXP 	text_instr_3: autoDraw = True
213.6713 	EXP 	New trial (rep=0, index=14): {'ImageFile_All_list': 'img20.png', 'LabelText_all': 'БОТИЧИНИ-КРОЛИЧИНИ', 'True_Ans_all': 'right'}
213.7336 	DATA 	Keypress: right
213.7404 	EXP 	image_2: autoDraw = False
213.7404 	EXP 	text_label_2: autoDraw = False
213.7404 	EXP 	text_instr_3: autoDraw = False
213.7404 	EXP 	image_2: image = 'img20.png'
213.7404 	EXP 	text_label_2: height = 0.05
213.7404 	EXP 	text_label_2: height = 0.05
213.7404 	EXP 	text_label_2: height = 0.05
213.7404 	EXP 	text_label_2: text = 'БОТИЧИНИ-КРОЛИЧИНИ'
213.7404 	EXP 	image_2: autoDraw = True
213.7404 	EXP 	text_label_2: autoDraw = True
213.7404 	EXP 	text_instr_3: autoDraw = True
214.2700 	EXP 	New trial (rep=0, index=15): {'ImageFile_All_list': 'img7.png', 'LabelText_all': 'кирпичони-саранчони', 'True_Ans_all': 'right'}
214.2930 	DATA 	Keypress: right
214.2998 	EXP 	image_2: autoDraw = False
214.2998 	EXP 	text_label_2: autoDraw = False
214.2998 	EXP 	text_instr_3: autoDraw = False
214.2998 	EXP 	image_2: image = 'img7.png'
214.2998 	EXP 	text_label_2: height = 0.05
214.2998 	EXP 	text_label_2: height = 0.05
214.2998 	EXP 	text_label_2: height = 0.05
214.2998 	EXP 	text_label_2: text = 'кирпичони-саранчони'
214.2998 	EXP 	image_2: autoDraw = True
214.2998 	EXP 	text_label_2: autoDraw = True
214.2998 	EXP 	text_instr_3: autoDraw = True
214.8964 	DATA 	Keypress: right
214.9060 	EXP 	New trial (rep=0, index=16): {'ImageFile_All_list': 'img30.png', 'LabelText_all': 'КЛАВИШОРО-КУКУШОРО', 'True_Ans_all': 'left'}
214.9691 	EXP 	image_2: autoDraw = False
214.9691 	EXP 	text_label_2: autoDraw = False
214.9691 	EXP 	text_instr_3: autoDraw = False
214.9691 	EXP 	image_2: image = 'img30.png'
214.9691 	EXP 	text_label_2: height = 0.05
214.9691 	EXP 	text_label_2: height = 0.05
214.9691 	EXP 	text_label_2: height = 0.05
214.9691 	EXP 	text_label_2: text = 'КЛАВИШОРО-КУКУШОРО'
214.9691 	EXP 	image_2: autoDraw = True
214.9691 	EXP 	text_label_2: autoDraw = True
214.9691 	EXP 	text_instr_3: autoDraw = True
215.4699 	EXP 	New trial (rep=0, index=17): {'ImageFile_All_list': 'img22.png', 'LabelText_all': 'ФАСТФУДОРО-ВЕРБЛЮДОРО', 'True_Ans_all': 'right'}
215.4933 	DATA 	Keypress: right
215.5004 	EXP 	image_2: autoDraw = False
215.5004 	EXP 	text_label_2: autoDraw = False
215.5004 	EXP 	text_instr_3: autoDraw = False
215.5004 	EXP 	image_2: image = 'img22.png'
215.5004 	EXP 	text_label_2: height = 0.05
215.5004 	EXP 	text_label_2: height = 0.05
215.5004 	EXP 	text_label_2: height = 0.05
215.5004 	EXP 	text_label_2: text = 'ФАСТФУДОРО-ВЕРБЛЮДОРО'
215.5004 	EXP 	image_2: autoDraw = True
215.5004 	EXP 	text_label_2: autoDraw = True
215.5004 	EXP 	text_instr_3: autoDraw = True
216.0699 	EXP 	New trial (rep=0, index=18): {'ImageFile_All_list': 'img47.png', 'LabelText_all': 'шкафачетто-собачетто', 'True_Ans_all': 'left'}
216.1126 	DATA 	Keypress: right
216.1191 	EXP 	image_2: autoDraw = False
216.1191 	EXP 	text_label_2: autoDraw = False
216.1191 	EXP 	text_instr_3: autoDraw = False
216.1191 	EXP 	image_2: image = 'img47.png'
216.1191 	EXP 	text_label_2: height = 0.05
216.1191 	EXP 	text_label_2: height = 0.05
216.1191 	EXP 	text_label_2: height = 0.05
216.1191 	EXP 	text_label_2: text = 'шкафачетто-собачетто'
216.1191 	EXP 	image_2: autoDraw = True
216.1191 	EXP 	text_label_2: autoDraw = True
216.1191 	EXP 	text_instr_3: autoDraw = True
216.6756 	DATA 	Keypress: right
216.6876 	EXP 	New trial (rep=0, index=19): {'ImageFile_All_list': 'img25.png', 'LabelText_all': 'бамбукони-петушони', 'True_Ans_all': 'left'}
216.7494 	EXP 	image_2: autoDraw = False
216.7494 	EXP 	text_label_2: autoDraw = False
216.7494 	EXP 	text_instr_3: autoDraw = False
216.7494 	EXP 	image_2: image = 'img25.png'
216.7494 	EXP 	text_label_2: height = 0.05
216.7494 	EXP 	text_label_2: height = 0.05
216.7494 	EXP 	text_label_2: height = 0.05
216.7494 	EXP 	text_label_2: text = 'бамбукони-петушони'
216.7494 	EXP 	image_2: autoDraw = True
216.7494 	EXP 	text_label_2: autoDraw = True
216.7494 	EXP 	text_instr_3: autoDraw = True
217.2699 	EXP 	New trial (rep=0, index=20): {'ImageFile_All_list': 'img4.png', 'LabelText_all': 'ДИВАНИТТО-ТЮЛЕНИТТО', 'True_Ans_all': 'right'}
217.2902 	DATA 	Keypress: right
217.2971 	EXP 	image_2: autoDraw = False
217.2971 	EXP 	text_label_2: autoDraw = False
217.2971 	EXP 	text_instr_3: autoDraw = False
217.2971 	EXP 	image_2: image = 'img4.png'
217.2971 	EXP 	text_label_2: height = 0.05
217.2971 	EXP 	text_label_2: height = 0.05
217.2971 	EXP 	text_label_2: height = 0.05
217.2971 	EXP 	text_label_2: text = 'ДИВАНИТТО-ТЮЛЕНИТТО'
217.2971 	EXP 	image_2: autoDraw = True
217.2971 	EXP 	text_label_2: autoDraw = True
217.2971 	EXP 	text_instr_3: autoDraw = True
217.9366 	EXP 	New trial (rep=0, index=21): {'ImageFile_All_list': 'img17.png', 'LabelText_all': 'пиццерретто-голубетто', 'True_Ans_all': 'right'}
217.9623 	DATA 	Keypress: right
217.9686 	EXP 	image_2: autoDraw = False
217.9686 	EXP 	text_label_2: autoDraw = False
217.9686 	EXP 	text_instr_3: autoDraw = False
217.9686 	EXP 	image_2: image = 'img17.png'
217.9686 	EXP 	text_label_2: height = 0.05
217.9686 	EXP 	text_label_2: height = 0.05
217.9686 	EXP 	text_label_2: height = 0.05
217.9686 	EXP 	text_label_2: text = 'пиццерретто-голубетто'
217.9686 	EXP 	image_2: autoDraw = True
217.9686 	EXP 	text_label_2: autoDraw = True
217.9686 	EXP 	text_instr_3: autoDraw = True
218.5030 	EXP 	New trial (rep=0, index=22): {'ImageFile_All_list': 'img10.png', 'LabelText_all': 'КУВШИНО-ЛОШАДИНО', 'True_Ans_all': 'right'}
218.5433 	DATA 	Keypress: right
218.5487 	EXP 	image_2: autoDraw = False
218.5487 	EXP 	text_label_2: autoDraw = False
218.5487 	EXP 	text_instr_3: autoDraw = False
218.5487 	EXP 	image_2: image = 'img10.png'
218.5487 	EXP 	text_label_2: height = 0.05
218.5487 	EXP 	text_label_2: height = 0.05
218.5487 	EXP 	text_label_2: height = 0.05
218.5487 	EXP 	text_label_2: text = 'КУВШИНО-ЛОШАДИНО'
218.5487 	EXP 	image_2: autoDraw = True
218.5487 	EXP 	text_label_2: autoDraw = True
218.5487 	EXP 	text_instr_3: autoDraw = True
219.0532 	EXP 	New trial (rep=0, index=23): {'ImageFile_All_list': 'img11.png', 'LabelText_all': 'лавашетто-лягушето', 'True_Ans_all': 'right'}
219.0987 	DATA 	Keypress: right
219.1040 	EXP 	image_2: autoDraw = False
219.1040 	EXP 	text_label_2: autoDraw = False
219.1040 	EXP 	text_instr_3: autoDraw = False
219.1040 	EXP 	image_2: image = 'img11.png'
219.1040 	EXP 	text_label_2: height = 0.05
219.1040 	EXP 	text_label_2: height = 0.05
219.1040 	EXP 	text_label_2: height = 0.05
219.1040 	EXP 	text_label_2: text = 'лавашетто-лягушето'
219.1040 	EXP 	image_2: autoDraw = True
219.1040 	EXP 	text_label_2: autoDraw = True
219.1040 	EXP 	text_instr_3: autoDraw = True
219.5533 	EXP 	New trial (rep=0, index=24): {'ImageFile_All_list': 'img42.png', 'LabelText_all': 'ТВОРОЖЕЛЛО-БИЗОНЕЛЛО', 'True_Ans_all': 'left'}
219.5981 	DATA 	Keypress: right
219.6037 	EXP 	image_2: autoDraw = False
219.6037 	EXP 	text_label_2: autoDraw = False
219.6037 	EXP 	text_instr_3: autoDraw = False
219.6037 	EXP 	image_2: image = 'img42.png'
219.6037 	EXP 	text_label_2: height = 0.05
219.6037 	EXP 	text_label_2: height = 0.05
219.6037 	EXP 	text_label_2: height = 0.05
219.6037 	EXP 	text_label_2: text = 'ТВОРОЖЕЛЛО-БИЗОНЕЛЛО'
219.6037 	EXP 	image_2: autoDraw = True
219.6037 	EXP 	text_label_2: autoDraw = True
219.6037 	EXP 	text_instr_3: autoDraw = True
220.1367 	EXP 	New trial (rep=0, index=25): {'ImageFile_All_list': 'img6.png', 'LabelText_all': 'КАРТОШЕЛЛО-КУКУШЕЛЛО', 'True_Ans_all': 'right'}
220.1639 	DATA 	Keypress: right
220.1697 	EXP 	image_2: autoDraw = False
220.1697 	EXP 	text_label_2: autoDraw = False
220.1697 	EXP 	text_instr_3: autoDraw = False
220.1697 	EXP 	image_2: image = 'img6.png'
220.1697 	EXP 	text_label_2: height = 0.05
220.1697 	EXP 	text_label_2: height = 0.05
220.1697 	EXP 	text_label_2: height = 0.05
220.1697 	EXP 	text_label_2: text = 'КАРТОШЕЛЛО-КУКУШЕЛЛО'
220.1697 	EXP 	image_2: autoDraw = True
220.1697 	EXP 	text_label_2: autoDraw = True
220.1697 	EXP 	text_instr_3: autoDraw = True
220.6879 	EXP 	New trial (rep=0, index=26): {'ImageFile_All_list': 'img12.png', 'LabelText_all': 'ЛАНДЫШЕЛЛО-МАРТЫШЕЛЛО', 'True_Ans_all': 'right'}
220.7269 	DATA 	Keypress: right
220.7333 	EXP 	image_2: autoDraw = False
220.7333 	EXP 	text_label_2: autoDraw = False
220.7333 	EXP 	text_instr_3: autoDraw = False
220.7333 	EXP 	image_2: image = 'img12.png'
220.7333 	EXP 	text_label_2: height = 0.05
220.7333 	EXP 	text_label_2: height = 0.05
220.7333 	EXP 	text_label_2: height = 0.05
220.7333 	EXP 	text_label_2: text = 'ЛАНДЫШЕЛЛО-МАРТЫШЕЛЛО'
220.7333 	EXP 	image_2: autoDraw = True
220.7333 	EXP 	text_label_2: autoDraw = True
220.7333 	EXP 	text_instr_3: autoDraw = True
221.2200 	EXP 	New trial (rep=0, index=27): {'ImageFile_All_list': 'img15.png', 'LabelText_all': 'огурцони-акулони', 'True_Ans_all': 'right'}
221.2465 	DATA 	Keypress: right
221.2522 	EXP 	image_2: autoDraw = False
221.2522 	EXP 	text_label_2: autoDraw = False
221.2522 	EXP 	text_instr_3: autoDraw = False
221.2522 	EXP 	image_2: image = 'img15.png'
221.2522 	EXP 	text_label_2: height = 0.05
221.2522 	EXP 	text_label_2: height = 0.05
221.2522 	EXP 	text_label_2: height = 0.05
221.2522 	EXP 	text_label_2: text = 'огурцони-акулони'
221.2522 	EXP 	image_2: autoDraw = True
221.2522 	EXP 	text_label_2: autoDraw = True
221.2522 	EXP 	text_instr_3: autoDraw = True
221.7244 	DATA 	Keypress: right
221.7368 	EXP 	New trial (rep=0, index=28): {'ImageFile_All_list': 'img44.png', 'LabelText_all': 'ФИСТАШЕЛЛО-ИНДЮШЕЛЛО', 'True_Ans_all': 'left'}
221.7995 	EXP 	image_2: autoDraw = False
221.7995 	EXP 	text_label_2: autoDraw = False
221.7995 	EXP 	text_instr_3: autoDraw = False
221.7995 	EXP 	image_2: image = 'img44.png'
221.7995 	EXP 	text_label_2: height = 0.05
221.7995 	EXP 	text_label_2: height = 0.05
221.7995 	EXP 	text_label_2: height = 0.05
221.7995 	EXP 	text_label_2: text = 'ФИСТАШЕЛЛО-ИНДЮШЕЛЛО'
221.7995 	EXP 	image_2: autoDraw = True
221.7995 	EXP 	text_label_2: autoDraw = True
221.7995 	EXP 	text_instr_3: autoDraw = True
222.2868 	EXP 	New trial (rep=0, index=29): {'ImageFile_All_list': 'img26.png', 'LabelText_all': 'ВЕРМИШЕТТО-ШИНШИЛЕТТО', 'True_Ans_all': 'left'}
222.3285 	DATA 	Keypress: right
222.3342 	EXP 	image_2: autoDraw = False
222.3342 	EXP 	text_label_2: autoDraw = False
222.3342 	EXP 	text_instr_3: autoDraw = False
222.3342 	EXP 	image_2: image = 'img26.png'
222.3342 	EXP 	text_label_2: height = 0.05
222.3342 	EXP 	text_label_2: height = 0.05
222.3342 	EXP 	text_label_2: height = 0.05
222.3342 	EXP 	text_label_2: text = 'ВЕРМИШЕТТО-ШИНШИЛЕТТО'
222.3342 	EXP 	image_2: autoDraw = True
222.3342 	EXP 	text_label_2: autoDraw = True
222.3342 	EXP 	text_instr_3: autoDraw = True
222.8038 	EXP 	New trial (rep=0, index=30): {'ImageFile_All_list': 'img3.png', 'LabelText_all': 'барахлоро-коалоро', 'True_Ans_all': 'right'}
222.8297 	DATA 	Keypress: right
222.8368 	EXP 	image_2: autoDraw = False
222.8368 	EXP 	text_label_2: autoDraw = False
222.8368 	EXP 	text_instr_3: autoDraw = False
222.8368 	EXP 	image_2: image = 'img3.png'
222.8368 	EXP 	text_label_2: height = 0.05
222.8368 	EXP 	text_label_2: height = 0.05
222.8368 	EXP 	text_label_2: height = 0.05
222.8368 	EXP 	text_label_2: text = 'барахлоро-коалоро'
222.8368 	EXP 	image_2: autoDraw = True
222.8368 	EXP 	text_label_2: autoDraw = True
222.8368 	EXP 	text_instr_3: autoDraw = True
223.5033 	EXP 	New trial (rep=0, index=31): {'ImageFile_All_list': 'img13.png', 'LabelText_all': 'мандарино-пингвинино', 'True_Ans_all': 'right'}
223.5460 	DATA 	Keypress: right
223.5522 	EXP 	image_2: autoDraw = False
223.5522 	EXP 	text_label_2: autoDraw = False
223.5522 	EXP 	text_instr_3: autoDraw = False
223.5522 	EXP 	image_2: image = 'img13.png'
223.5522 	EXP 	text_label_2: height = 0.05
223.5522 	EXP 	text_label_2: height = 0.05
223.5522 	EXP 	text_label_2: height = 0.05
223.5522 	EXP 	text_label_2: text = 'мандарино-пингвинино'
223.5522 	EXP 	image_2: autoDraw = True
223.5522 	EXP 	text_label_2: autoDraw = True
223.5522 	EXP 	text_instr_3: autoDraw = True
224.0370 	EXP 	New trial (rep=0, index=32): {'ImageFile_All_list': 'img23.png', 'LabelText_all': 'чайничитто-кошачитто', 'True_Ans_all': 'right'}
224.0641 	DATA 	Keypress: right
224.0697 	EXP 	image_2: autoDraw = False
224.0697 	EXP 	text_label_2: autoDraw = False
224.0697 	EXP 	text_instr_3: autoDraw = False
224.0697 	EXP 	image_2: image = 'img23.png'
224.0697 	EXP 	text_label_2: height = 0.05
224.0697 	EXP 	text_label_2: height = 0.05
224.0697 	EXP 	text_label_2: height = 0.05
224.0697 	EXP 	text_label_2: text = 'чайничитто-кошачитто'
224.0697 	EXP 	image_2: autoDraw = True
224.0697 	EXP 	text_label_2: autoDraw = True
224.0697 	EXP 	text_instr_3: autoDraw = True
224.6221 	DATA 	Keypress: right
224.6368 	EXP 	New trial (rep=0, index=33): {'ImageFile_All_list': 'img41.png', 'LabelText_all': 'сосисито-лососито', 'True_Ans_all': 'left'}
224.6932 	EXP 	image_2: autoDraw = False
224.6932 	EXP 	text_label_2: autoDraw = False
224.6932 	EXP 	text_instr_3: autoDraw = False
224.6932 	EXP 	image_2: image = 'img41.png'
224.6932 	EXP 	text_label_2: height = 0.05
224.6932 	EXP 	text_label_2: height = 0.05
224.6932 	EXP 	text_label_2: height = 0.05
224.6932 	EXP 	text_label_2: text = 'сосисито-лососито'
224.6932 	EXP 	image_2: autoDraw = True
224.6932 	EXP 	text_label_2: autoDraw = True
224.6932 	EXP 	text_instr_3: autoDraw = True
225.2199 	EXP 	New trial (rep=0, index=34): {'ImageFile_All_list': 'img21.png', 'LabelText_all': 'туалетто-кенгуретто', 'True_Ans_all': 'right'}
225.2467 	DATA 	Keypress: right
225.2531 	EXP 	image_2: autoDraw = False
225.2531 	EXP 	text_label_2: autoDraw = False
225.2531 	EXP 	text_instr_3: autoDraw = False
225.2531 	EXP 	image_2: image = 'img21.png'
225.2531 	EXP 	text_label_2: height = 0.05
225.2531 	EXP 	text_label_2: height = 0.05
225.2531 	EXP 	text_label_2: height = 0.05
225.2531 	EXP 	text_label_2: text = 'туалетто-кенгуретто'
225.2531 	EXP 	image_2: autoDraw = True
225.2531 	EXP 	text_label_2: autoDraw = True
225.2531 	EXP 	text_instr_3: autoDraw = True
225.7206 	EXP 	New trial (rep=0, index=35): {'ImageFile_All_list': 'img36.png', 'LabelText_all': 'МОЖЖЕВЕЛЛО-КОРОВЕЛЛО', 'True_Ans_all': 'left'}
225.7807 	DATA 	Keypress: right
225.7873 	EXP 	image_2: autoDraw = False
225.7873 	EXP 	text_label_2: autoDraw = False
225.7873 	EXP 	text_instr_3: autoDraw = False
225.7873 	EXP 	image_2: image = 'img36.png'
225.7873 	EXP 	text_label_2: height = 0.05
225.7873 	EXP 	text_label_2: height = 0.05
225.7873 	EXP 	text_label_2: height = 0.05
225.7873 	EXP 	text_label_2: text = 'МОЖЖЕВЕЛЛО-КОРОВЕЛЛО'
225.7873 	EXP 	image_2: autoDraw = True
225.7873 	EXP 	text_label_2: autoDraw = True
225.7873 	EXP 	text_instr_3: autoDraw = True
226.3385 	DATA 	Keypress: right
226.3533 	EXP 	New trial (rep=0, index=36): {'ImageFile_All_list': 'img19.png', 'LabelText_all': 'сахарини-комарини', 'True_Ans_all': 'right'}
226.3797 	EXP 	image_2: autoDraw = False
226.3797 	EXP 	text_label_2: autoDraw = False
226.3797 	EXP 	text_instr_3: autoDraw = False
226.3797 	EXP 	image_2: image = 'img19.png'
226.3797 	EXP 	text_label_2: height = 0.05
226.3797 	EXP 	text_label_2: height = 0.05
226.3797 	EXP 	text_label_2: height = 0.05
226.3797 	EXP 	text_label_2: text = 'сахарини-комарини'
226.3797 	EXP 	image_2: autoDraw = True
226.3797 	EXP 	text_label_2: autoDraw = True
226.3797 	EXP 	text_instr_3: autoDraw = True
226.9534 	EXP 	New trial (rep=0, index=37): {'ImageFile_All_list': 'img40.png', 'LabelText_all': 'РУЛЕТЕЛЛО-МУРАВЬЕЛЛО', 'True_Ans_all': 'left'}
226.9928 	DATA 	Keypress: right
226.9991 	EXP 	image_2: autoDraw = False
226.9991 	EXP 	text_label_2: autoDraw = False
226.9991 	EXP 	text_instr_3: autoDraw = False
226.9991 	EXP 	image_2: image = 'img40.png'
226.9991 	EXP 	text_label_2: height = 0.05
226.9991 	EXP 	text_label_2: height = 0.05
226.9991 	EXP 	text_label_2: height = 0.05
226.9991 	EXP 	text_label_2: text = 'РУЛЕТЕЛЛО-МУРАВЬЕЛЛО'
226.9991 	EXP 	image_2: autoDraw = True
226.9991 	EXP 	text_label_2: autoDraw = True
226.9991 	EXP 	text_instr_3: autoDraw = True
227.5033 	EXP 	New trial (rep=0, index=38): {'ImageFile_All_list': 'img8.png', 'LabelText_all': 'КЛУБНИЧИТТО-ХОМЯЧИТТО', 'True_Ans_all': 'right'}
227.5344 	DATA 	Keypress: right
227.5418 	EXP 	image_2: autoDraw = False
227.5418 	EXP 	text_label_2: autoDraw = False
227.5418 	EXP 	text_instr_3: autoDraw = False
227.5418 	EXP 	image_2: image = 'img8.png'
227.5418 	EXP 	text_label_2: height = 0.05
227.5418 	EXP 	text_label_2: height = 0.05
227.5418 	EXP 	text_label_2: height = 0.05
227.5418 	EXP 	text_label_2: text = 'КЛУБНИЧИТТО-ХОМЯЧИТТО'
227.5418 	EXP 	image_2: autoDraw = True
227.5418 	EXP 	text_label_2: autoDraw = True
227.5418 	EXP 	text_instr_3: autoDraw = True
228.0868 	EXP 	New trial (rep=0, index=39): {'ImageFile_All_list': 'img46.png', 'LabelText_all': 'ЧЕРЕШОНИ-СТРАУСОНИ', 'True_Ans_all': 'left'}
228.1273 	DATA 	Keypress: right
228.1335 	EXP 	image_2: autoDraw = False
228.1335 	EXP 	text_label_2: autoDraw = False
228.1335 	EXP 	text_instr_3: autoDraw = False
228.1335 	EXP 	image_2: image = 'img46.png'
228.1335 	EXP 	text_label_2: height = 0.05
228.1335 	EXP 	text_label_2: height = 0.05
228.1335 	EXP 	text_label_2: height = 0.05
228.1335 	EXP 	text_label_2: text = 'ЧЕРЕШОНИ-СТРАУСОНИ'
228.1335 	EXP 	image_2: autoDraw = True
228.1335 	EXP 	text_label_2: autoDraw = True
228.1335 	EXP 	text_instr_3: autoDraw = True
228.6365 	EXP 	New trial (rep=0, index=40): {'ImageFile_All_list': 'img2.png', 'LabelText_all': 'БАНАНОРО-ФАЗАНОРО', 'True_Ans_all': 'right'}
228.6665 	DATA 	Keypress: right
228.6744 	EXP 	image_2: autoDraw = False
228.6744 	EXP 	text_label_2: autoDraw = False
228.6744 	EXP 	text_instr_3: autoDraw = False
228.6744 	EXP 	image_2: image = 'img2.png'
228.6744 	EXP 	text_label_2: height = 0.05
228.6744 	EXP 	text_label_2: height = 0.05
228.6744 	EXP 	text_label_2: height = 0.05
228.6744 	EXP 	text_label_2: text = 'БАНАНОРО-ФАЗАНОРО'
228.6744 	EXP 	image_2: autoDraw = True
228.6744 	EXP 	text_label_2: autoDraw = True
228.6744 	EXP 	text_instr_3: autoDraw = True
229.1701 	EXP 	New trial (rep=0, index=41): {'ImageFile_All_list': 'img48.png', 'LabelText_all': 'ЯБЛОЧЕТТО-БАРСУЧЕТТО', 'True_Ans_all': 'left'}
229.2150 	DATA 	Keypress: right
229.2210 	EXP 	image_2: autoDraw = False
229.2210 	EXP 	text_label_2: autoDraw = False
229.2210 	EXP 	text_instr_3: autoDraw = False
229.2210 	EXP 	image_2: image = 'img48.png'
229.2210 	EXP 	text_label_2: height = 0.05
229.2210 	EXP 	text_label_2: height = 0.05
229.2210 	EXP 	text_label_2: height = 0.05
229.2210 	EXP 	text_label_2: text = 'ЯБЛОЧЕТТО-БАРСУЧЕТТО'
229.2210 	EXP 	image_2: autoDraw = True
229.2210 	EXP 	text_label_2: autoDraw = True
229.2210 	EXP 	text_instr_3: autoDraw = True
229.7088 	DATA 	Keypress: right
229.7206 	EXP 	New trial (rep=0, index=42): {'ImageFile_All_list': 'img16.png', 'LabelText_all': 'ПЕЛЬМЕНИНО-ЕЖИНО', 'True_Ans_all': 'right'}
229.7806 	EXP 	image_2: autoDraw = False
229.7806 	EXP 	text_label_2: autoDraw = False
229.7806 	EXP 	text_instr_3: autoDraw = False
229.7806 	EXP 	image_2: image = 'img16.png'
229.7806 	EXP 	text_label_2: height = 0.05
229.7806 	EXP 	text_label_2: height = 0.05
229.7806 	EXP 	text_label_2: height = 0.05
229.7806 	EXP 	text_label_2: text = 'ПЕЛЬМЕНИНО-ЕЖИНО'
229.7806 	EXP 	image_2: autoDraw = True
229.7806 	EXP 	text_label_2: autoDraw = True
229.7806 	EXP 	text_instr_3: autoDraw = True
230.2532 	EXP 	New trial (rep=0, index=43): {'ImageFile_All_list': 'img35.png', 'LabelText_all': 'лимонитто-вомбатитто', 'True_Ans_all': 'left'}
230.2959 	DATA 	Keypress: right
230.3015 	EXP 	image_2: autoDraw = False
230.3015 	EXP 	text_label_2: autoDraw = False
230.3015 	EXP 	text_instr_3: autoDraw = False
230.3015 	EXP 	image_2: image = 'img35.png'
230.3015 	EXP 	text_label_2: height = 0.05
230.3015 	EXP 	text_label_2: height = 0.05
230.3015 	EXP 	text_label_2: height = 0.05
230.3015 	EXP 	text_label_2: text = 'лимонитто-вомбатитто'
230.3015 	EXP 	image_2: autoDraw = True
230.3015 	EXP 	text_label_2: autoDraw = True
230.3015 	EXP 	text_instr_3: autoDraw = True
230.7539 	EXP 	New trial (rep=0, index=44): {'ImageFile_All_list': 'img9.png', 'LabelText_all': 'кокосело-медузело', 'True_Ans_all': 'right'}
230.8118 	DATA 	Keypress: right
230.8179 	EXP 	image_2: autoDraw = False
230.8179 	EXP 	text_label_2: autoDraw = False
230.8179 	EXP 	text_instr_3: autoDraw = False
230.8179 	EXP 	image_2: image = 'img9.png'
230.8179 	EXP 	text_label_2: height = 0.05
230.8179 	EXP 	text_label_2: height = 0.05
230.8179 	EXP 	text_label_2: height = 0.05
230.8179 	EXP 	text_label_2: text = 'кокосело-медузело'
230.8179 	EXP 	image_2: autoDraw = True
230.8179 	EXP 	text_label_2: autoDraw = True
230.8179 	EXP 	text_instr_3: autoDraw = True
231.3700 	EXP 	New trial (rep=0, index=45): {'ImageFile_All_list': 'img5.png', 'LabelText_all': 'журналетто-кабанетто', 'True_Ans_all': 'right'}
231.3990 	DATA 	Keypress: right
231.4045 	EXP 	image_2: autoDraw = False
231.4045 	EXP 	text_label_2: autoDraw = False
231.4045 	EXP 	text_instr_3: autoDraw = False
231.4045 	EXP 	image_2: image = 'img5.png'
231.4045 	EXP 	text_label_2: height = 0.05
231.4045 	EXP 	text_label_2: height = 0.05
231.4045 	EXP 	text_label_2: height = 0.05
231.4045 	EXP 	text_label_2: text = 'журналетто-кабанетто'
231.4045 	EXP 	image_2: autoDraw = True
231.4045 	EXP 	text_label_2: autoDraw = True
231.4045 	EXP 	text_instr_3: autoDraw = True
231.8865 	EXP 	New trial (rep=0, index=46): {'ImageFile_All_list': 'img37.png', 'LabelText_all': 'морковетто-ласточетто', 'True_Ans_all': 'left'}
231.9273 	DATA 	Keypress: right
231.9328 	EXP 	image_2: autoDraw = False
231.9328 	EXP 	text_label_2: autoDraw = False
231.9328 	EXP 	text_instr_3: autoDraw = False
231.9328 	EXP 	image_2: image = 'img37.png'
231.9328 	EXP 	text_label_2: height = 0.05
231.9328 	EXP 	text_label_2: height = 0.05
231.9328 	EXP 	text_label_2: height = 0.05
231.9328 	EXP 	text_label_2: text = 'морковетто-ласточетто'
231.9328 	EXP 	image_2: autoDraw = True
231.9328 	EXP 	text_label_2: autoDraw = True
231.9328 	EXP 	text_instr_3: autoDraw = True
232.4050 	DATA 	Keypress: right
232.4198 	EXP 	New trial (rep=0, index=47): {'ImageFile_All_list': 'img43.png', 'LabelText_all': 'тюльпанелло-мангустелло', 'True_Ans_all': 'left'}
232.4694 	EXP 	image_2: autoDraw = False
232.4694 	EXP 	text_label_2: autoDraw = False
232.4694 	EXP 	text_instr_3: autoDraw = False
232.4694 	EXP 	image_2: image = 'img43.png'
232.4694 	EXP 	text_label_2: height = 0.05
232.4694 	EXP 	text_label_2: height = 0.05
232.4694 	EXP 	text_label_2: height = 0.05
232.4694 	EXP 	text_label_2: text = 'тюльпанелло-мангустелло'
232.4694 	EXP 	image_2: autoDraw = True
232.4694 	EXP 	text_label_2: autoDraw = True
232.4694 	EXP 	text_instr_3: autoDraw = True
232.9385 	DATA 	Keypress: right
232.9515 	EXP 	image_2: autoDraw = False
232.9515 	EXP 	text_label_2: autoDraw = False
232.9515 	EXP 	text_instr_3: autoDraw = False
232.9515 	EXP 	text_fin: autoDraw = True
234.9514 	EXP 	text_fin: autoDraw = False
234.9514 	EXP 	text_fin: autoDraw = False
234.9516 	EXP 	con_exp: status = STOPPED
235.0986 	EXP 	window1: mouseVisible = True
