26.0220 	WARNING 	User requested fullscreen with size [1536  864], but screen is actually [1920, 1080]. Using actual size
30.0004 	EXP 	Created window1 = Window(allowGUI=True, allowStencil=False, autoLog=True, backendConf=UNKNOWN, backgroundFit=<method-wrapper '__getattribute__' of attributeSetter object at 0x00000286AC21FCA0>, backgroundImage=<method-wrapper '__getattribute__' of attributeSetter object at 0x00000286AC21FC40>, bitsMode=UNKNOWN, blendMode='avg', bpc=(8, 8, 8), color=array([0, 0, 0]), colorSpace='rgb', depthBits=8, fullscr=<method-wrapper '__getattribute__' of attributeSetter object at 0x00000286AC21FA60>, gamma=None, gammaErrorPolicy='raise', lms=UNKNOWN, monitor=<psychopy.monitors.calibTools.Monitor object at 0x00000286B6E04BE0>, multiSample=False, name='window1', numSamples=2, pos=(0, 0), screen=0, size=array([1920, 1080]), stencilBits=0, stereo=False, title='PsychoPy', units='height', useFBO=True, useRetina=False, viewOri=0.0, viewPos=None, viewScale=None, waitBlanking=True, winType='pyglet')
30.0007 	EXP 	window1: mouseVisible = True
30.0008 	EXP 	window1: backgroundImage = ''
30.0008 	EXP 	window1: backgroundFit = 'none'
30.0084 	EXP 	window1: Attempting to measure frame rate of screen (0) ...
30.0085 	EXP 	window1: recordFrameIntervals = False
30.1822 	EXP 	window1: recordFrameIntervals = True
30.3661 	EXP 	Screen (0) actual frame rate measured at 60.03Hz
30.3662 	EXP 	window1: recordFrameIntervals = False
30.3666 	EXP 	window1: mouseVisible = False
39.0136 	EXP 	con_exp: status = STARTED
39.0159 	EXP 	window1: mouseVisible = True
39.5289 	EXP 	Created text_instr_1 = TextStim(__class__=<class 'psychopy.visual.text.TextStim'>, alignHoriz=method-wrapper(...), alignText='center', alignVert=method-wrapper(...), anchorHoriz='center', anchorVert='center', antialias=True, autoDraw=False, autoLog=True, bold=False, color=array([1., 1., 1.]), colorSpace='rgb', contrast=1.0, depth=0.0, draggable=False, flipHoriz=False, flipVert=False, font='Open Sans', fontFiles=[], height=0.05, italic=False, languageStyle='LTR', name='text_instr_1', opacity=1.0, ori=0.0, pos=array([0., 0.]), rgb=UNKNOWN, text=str(...), units='height', win=Window(...), wrapWidth=1)
39.5294 	EXP 	window1: mouseVisible = True
39.5332 	EXP 	Created text = TextStim(__class__=<class 'psychopy.visual.text.TextStim'>, alignHoriz=method-wrapper(...), alignText='center', alignVert=method-wrapper(...), anchorHoriz='center', anchorVert='center', antialias=True, autoDraw=False, autoLog=True, bold=False, color=array([1., 1., 1.]), colorSpace='rgb', contrast=1.0, depth=0.0, draggable=False, flipHoriz=False, flipVert=False, font='Open Sans', fontFiles=[], height=0.05, italic=False, languageStyle='LTR', name='text', opacity=1.0, ori=0.0, pos=array([0., 0.]), rgb=UNKNOWN, text='', units='height', win=Window(...), wrapWidth=1)
39.5335 	EXP 	window1: mouseVisible = True
39.5553 	EXP 	Created text_2 = TextStim(__class__=<class 'psychopy.visual.text.TextStim'>, alignHoriz=method-wrapper(...), alignText='center', alignVert=method-wrapper(...), anchorHoriz='center', anchorVert='center', antialias=True, autoDraw=False, autoLog=True, bold=False, color=array([1., 1., 1.]), colorSpace='rgb', contrast=1.0, depth=-1.0, draggable=False, flipHoriz=False, flipVert=False, font='Open Sans', fontFiles=[], height=0.05, italic=False, languageStyle='LTR', name='text_2', opacity=1.0, ori=0.0, pos=array([ 0. , -0.2]), rgb=UNKNOWN, text=str(...), units='height', win=Window(...), wrapWidth=1)
39.5556 	EXP 	window1: mouseVisible = True
39.6121 	EXP 	Created image_1 = ImageStim(__class__=<class 'psychopy.visual.image.ImageStim'>, anchor=('center', 'center'), autoLog=True, color=array([1., 1., 1.]), colorSpace='rgb', contrast=1.0, depth=0.0, draggable=False, flipHoriz=False, flipVert=False, image='default.png', interpolate=True, mask=None, maskParams=None, name='image_1', opacity=1.0, ori=0.0, pos=array([0., 0.]), size=array([0.4, 0.4]), texRes=128.0, units='height', win=Window(...))
39.6124 	EXP 	window1: mouseVisible = True
39.6162 	EXP 	Created text_label_1 = TextStim(__class__=<class 'psychopy.visual.text.TextStim'>, alignHoriz=method-wrapper(...), alignText='center', alignVert=method-wrapper(...), anchorHoriz='center', anchorVert='center', antialias=True, autoDraw=False, autoLog=True, bold=False, color=array([1., 1., 1.]), colorSpace='rgb', contrast=1.0, depth=-1.0, draggable=False, flipHoriz=False, flipVert=False, font='Open Sans', fontFiles=[], height=0.05, italic=False, languageStyle='LTR', name='text_label_1', opacity=1.0, ori=0.0, pos=array([ 0. , -0.3]), rgb=UNKNOWN, text='', units='height', win=Window(...), wrapWidth=1)
39.6165 	EXP 	window1: mouseVisible = True
39.6482 	EXP 	Created text_ans_quest_right = TextStim(__class__=<class 'psychopy.visual.text.TextStim'>, alignHoriz=method-wrapper(...), alignText='center', alignVert=method-wrapper(...), anchorHoriz='center', anchorVert='center', antialias=True, autoDraw=False, autoLog=True, bold=False, color=array([1., 1., 1.]), colorSpace='rgb', contrast=1.0, depth=0.0, draggable=False, flipHoriz=False, flipVert=False, font='Open Sans', fontFiles=[], height=0.04, italic=False, languageStyle='LTR', name='text_ans_quest_right', opacity=1.0, ori=0.0, pos=array([0.3, 0. ]), rgb=UNKNOWN, text='стрелка вправо - ответ "да"', units='height', win=Window(...), wrapWidth=1)
39.6487 	EXP 	window1: mouseVisible = True
39.6589 	EXP 	Created text_ans_quest_left = TextStim(__class__=<class 'psychopy.visual.text.TextStim'>, alignHoriz=method-wrapper(...), alignText='center', alignVert=method-wrapper(...), anchorHoriz='center', anchorVert='center', antialias=True, autoDraw=False, autoLog=True, bold=False, color=array([1., 1., 1.]), colorSpace='rgb', contrast=1.0, depth=-1.0, draggable=False, flipHoriz=False, flipVert=False, font='Open Sans', fontFiles=[], height=0.04, italic=False, languageStyle='LTR', name='text_ans_quest_left', opacity=1.0, ori=0.0, pos=array([-0.3,  0. ]), rgb=UNKNOWN, text='стрелка влево - ответ "нет"', units='height', win=Window(...), wrapWidth=1)
39.6593 	EXP 	window1: mouseVisible = True
39.7220 	EXP 	Created text_3 = TextStim(__class__=<class 'psychopy.visual.text.TextStim'>, alignHoriz=method-wrapper(...), alignText='center', alignVert=method-wrapper(...), anchorHoriz='center', anchorVert='center', antialias=True, autoDraw=False, autoLog=True, bold=False, color=array([1., 1., 1.]), colorSpace='rgb', contrast=1.0, depth=0.0, draggable=False, flipHoriz=False, flipVert=False, font='Open Sans', fontFiles=[], height=0.05, italic=False, languageStyle='LTR', name='text_3', opacity=1.0, ori=0.0, pos=array([0., 0.]), rgb=UNKNOWN, text=str(...), units='height', win=Window(...), wrapWidth=1)
39.7223 	EXP 	window1: mouseVisible = True
39.7553 	EXP 	Created image_2 = ImageStim(__class__=<class 'psychopy.visual.image.ImageStim'>, anchor=('center', 'center'), autoLog=True, color=array([1., 1., 1.]), colorSpace='rgb', contrast=1.0, depth=0.0, draggable=False, flipHoriz=False, flipVert=False, image='default.png', interpolate=True, mask=None, maskParams=None, name='image_2', opacity=1.0, ori=0.0, pos=array([0., 0.]), size=array([0.4, 0.4]), texRes=128.0, units='height', win=Window(...))
39.7555 	EXP 	window1: mouseVisible = True
39.7586 	EXP 	Created text_label_2 = TextStim(__class__=<class 'psychopy.visual.text.TextStim'>, alignHoriz=method-wrapper(...), alignText='center', alignVert=method-wrapper(...), anchorHoriz='center', anchorVert='center', antialias=True, autoDraw=False, autoLog=True, bold=False, color=array([1., 1., 1.]), colorSpace='rgb', contrast=1.0, depth=-1.0, draggable=False, flipHoriz=False, flipVert=False, font='Open Sans', fontFiles=[], height=0.05, italic=False, languageStyle='LTR', name='text_label_2', opacity=1.0, ori=0.0, pos=array([ 0. , -0.3]), rgb=UNKNOWN, text='', units='height', win=Window(...), wrapWidth=1)
39.7588 	EXP 	window1: mouseVisible = True
39.8019 	EXP 	Created text_instr_3 = TextStim(__class__=<class 'psychopy.visual.text.TextStim'>, alignHoriz=method-wrapper(...), alignText='center', alignVert=method-wrapper(...), anchorHoriz='center', anchorVert='center', antialias=True, autoDraw=False, autoLog=True, bold=False, color=array([1., 1., 1.]), colorSpace='rgb', contrast=1.0, depth=-3.0, draggable=False, flipHoriz=False, flipVert=False, font='Open Sans', fontFiles=[], height=0.02, italic=False, languageStyle='LTR', name='text_instr_3', opacity=1.0, ori=0.0, pos=array([ 0. , -0.4]), rgb=UNKNOWN, text=str(...), units='height', win=Window(...), wrapWidth=1)
39.8023 	EXP 	window1: mouseVisible = True
39.8581 	EXP 	Created text_fin = TextStim(__class__=<class 'psychopy.visual.text.TextStim'>, alignHoriz=method-wrapper(...), alignText='center', alignVert=method-wrapper(...), anchorHoriz='center', anchorVert='center', antialias=True, autoDraw=False, autoLog=True, bold=False, color=array([1., 1., 1.]), colorSpace='rgb', contrast=1.0, depth=0.0, draggable=False, flipHoriz=False, flipVert=False, font='Open Sans', fontFiles=[], height=0.05, italic=False, languageStyle='LTR', name='text_fin', opacity=1.0, ori=0.0, pos=array([0., 0.]), rgb=UNKNOWN, text=str(...), units='height', win=Window(...), wrapWidth=1)
0.0221 	EXP 	text_instr_1: autoDraw = True
4.1226 	DATA 	Keypress: space
4.1942 	EXP 	Imported con_stim.xlsx as conditions, 24 conditions, 5 params
4.2018 	EXP 	Created sequence: random, trialTypes=24, nReps=1, seed=None
4.2033 	EXP 	New trial (rep=0, index=0): {'ImageFile': 'img13.png', 'LabelText': 'мандарино-пингвинино', 'QuestionType': 'Перцептивный', 'QuestionText': 'Слово написано большими буквами?', 'CorrectAnswer_congr': 'left'}
4.2528 	EXP 	text_instr_1: autoDraw = False
4.2528 	EXP 	text: height = 0.05
4.2528 	EXP 	text: height = 0.05
4.2528 	EXP 	text: height = 0.05
4.2528 	EXP 	text: text = 'Слово написано большими буквами?'
4.2528 	EXP 	text: autoDraw = True
4.2528 	EXP 	text_2: autoDraw = True
5.6491 	DATA 	Keypress: space
5.6546 	EXP 	text: autoDraw = False
5.6546 	EXP 	text_2: autoDraw = False
5.6546 	EXP 	image_1: image = 'img13.png'
5.6546 	EXP 	text_label_1: height = 0.05
5.6546 	EXP 	text_label_1: height = 0.05
5.6546 	EXP 	text_label_1: height = 0.05
5.6546 	EXP 	text_label_1: text = 'мандарино-пингвинино'
5.6546 	EXP 	image_1: autoDraw = True
5.6546 	EXP 	text_label_1: autoDraw = True
6.2496 	DATA 	Keypress: right
7.9104 	EXP 	image_1: autoDraw = False
7.9104 	EXP 	text_label_1: autoDraw = False
7.9104 	EXP 	text_ans_quest_right: autoDraw = True
7.9104 	EXP 	text_ans_quest_left: autoDraw = True
8.2761 	EXP 	New trial (rep=0, index=1): {'ImageFile': 'img22.png', 'LabelText': 'ФАСТФУДОРО-ВЕРБЛЮДОРО', 'QuestionType': 'Перцептивный', 'QuestionText': 'Слово написано большими буквами?', 'CorrectAnswer_congr': 'right'}
8.2813 	DATA 	Keypress: right
8.2894 	EXP 	text_ans_quest_right: autoDraw = False
8.2894 	EXP 	text_ans_quest_left: autoDraw = False
8.2894 	EXP 	text: text = 'Слово написано большими буквами?'
8.2894 	EXP 	text: autoDraw = True
8.2894 	EXP 	text_2: autoDraw = True
8.8648 	DATA 	Keypress: space
8.9836 	EXP 	text: autoDraw = False
8.9836 	EXP 	text_2: autoDraw = False
8.9836 	EXP 	image_1: image = 'img22.png'
8.9836 	EXP 	text_label_1: height = 0.05
8.9836 	EXP 	text_label_1: height = 0.05
8.9836 	EXP 	text_label_1: height = 0.05
8.9836 	EXP 	text_label_1: text = 'ФАСТФУДОРО-ВЕРБЛЮДОРО'
8.9836 	EXP 	image_1: autoDraw = True
8.9836 	EXP 	text_label_1: autoDraw = True
11.4079 	EXP 	image_1: autoDraw = False
11.4079 	EXP 	text_label_1: autoDraw = False
11.4079 	EXP 	text_ans_quest_right: autoDraw = True
11.4079 	EXP 	text_ans_quest_left: autoDraw = True
12.4872 	DATA 	Keypress: right
12.4980 	EXP 	New trial (rep=0, index=2): {'ImageFile': 'img7.png', 'LabelText': 'кирпичони-саранчони', 'QuestionType': 'Перцептивный', 'QuestionText': 'Слово написано большими буквами?', 'CorrectAnswer_congr': 'left'}
12.5147 	EXP 	text_ans_quest_right: autoDraw = False
12.5147 	EXP 	text_ans_quest_left: autoDraw = False
12.5147 	EXP 	text: text = 'Слово написано большими буквами?'
12.5147 	EXP 	text: autoDraw = True
12.5147 	EXP 	text_2: autoDraw = True
13.5919 	DATA 	Keypress: space
13.5978 	EXP 	text: autoDraw = False
13.5978 	EXP 	text_2: autoDraw = False
13.5978 	EXP 	image_1: image = 'img7.png'
13.5978 	EXP 	text_label_1: height = 0.05
13.5978 	EXP 	text_label_1: height = 0.05
13.5978 	EXP 	text_label_1: height = 0.05
13.5978 	EXP 	text_label_1: text = 'кирпичони-саранчони'
13.5978 	EXP 	image_1: autoDraw = True
13.5978 	EXP 	text_label_1: autoDraw = True
16.0576 	EXP 	image_1: autoDraw = False
16.0576 	EXP 	text_label_1: autoDraw = False
16.0576 	EXP 	text_ans_quest_right: autoDraw = True
16.0576 	EXP 	text_ans_quest_left: autoDraw = True
19.2161 	DATA 	Keypress: right
19.2278 	EXP 	New trial (rep=0, index=3): {'ImageFile': 'img5.png', 'LabelText': 'журналетто-кабанетто', 'QuestionType': 'Фонологический', 'QuestionText': 'Слово рифмуется с "пейзажини"?', 'CorrectAnswer_congr': 'left'}
19.2798 	EXP 	text_ans_quest_right: autoDraw = False
19.2798 	EXP 	text_ans_quest_left: autoDraw = False
19.2798 	EXP 	text: height = 0.05
19.2798 	EXP 	text: height = 0.05
19.2798 	EXP 	text: height = 0.05
19.2798 	EXP 	text: text = 'Слово рифмуется с "пейзажини"?'
19.2798 	EXP 	text: autoDraw = True
19.2798 	EXP 	text_2: autoDraw = True
19.9452 	DATA 	Keypress: space
20.0295 	EXP 	text: autoDraw = False
20.0295 	EXP 	text_2: autoDraw = False
20.0295 	EXP 	image_1: image = 'img5.png'
20.0295 	EXP 	text_label_1: height = 0.05
20.0295 	EXP 	text_label_1: height = 0.05
20.0295 	EXP 	text_label_1: height = 0.05
20.0295 	EXP 	text_label_1: text = 'журналетто-кабанетто'
20.0295 	EXP 	image_1: autoDraw = True
20.0295 	EXP 	text_label_1: autoDraw = True
22.4920 	EXP 	image_1: autoDraw = False
22.4920 	EXP 	text_label_1: autoDraw = False
22.4920 	EXP 	text_ans_quest_right: autoDraw = True
22.4920 	EXP 	text_ans_quest_left: autoDraw = True
22.9196 	DATA 	Keypress: right
22.9319 	EXP 	New trial (rep=0, index=4): {'ImageFile': 'img11.png', 'LabelText': 'лавашетто-лягушето', 'QuestionType': 'Фонологический', 'QuestionText': 'Слово рифмуется с "туманетто"?', 'CorrectAnswer_congr': 'right'}
22.9695 	EXP 	text_ans_quest_right: autoDraw = False
22.9695 	EXP 	text_ans_quest_left: autoDraw = False
22.9695 	EXP 	text: height = 0.05
22.9695 	EXP 	text: height = 0.05
22.9695 	EXP 	text: height = 0.05
22.9695 	EXP 	text: text = 'Слово рифмуется с "туманетто"?'
22.9695 	EXP 	text: autoDraw = True
22.9695 	EXP 	text_2: autoDraw = True
23.4748 	DATA 	Keypress: space
23.6181 	EXP 	text: autoDraw = False
23.6181 	EXP 	text_2: autoDraw = False
23.6181 	EXP 	image_1: image = 'img11.png'
23.6181 	EXP 	text_label_1: height = 0.05
23.6181 	EXP 	text_label_1: height = 0.05
23.6181 	EXP 	text_label_1: height = 0.05
23.6181 	EXP 	text_label_1: text = 'лавашетто-лягушето'
23.6181 	EXP 	image_1: autoDraw = True
23.6181 	EXP 	text_label_1: autoDraw = True
26.0083 	EXP 	image_1: autoDraw = False
26.0083 	EXP 	text_label_1: autoDraw = False
26.0083 	EXP 	text_ans_quest_right: autoDraw = True
26.0083 	EXP 	text_ans_quest_left: autoDraw = True
26.3932 	EXP 	New trial (rep=0, index=5): {'ImageFile': 'img20.png', 'LabelText': 'БОТИЧИНИ-КРОЛИЧИНИ', 'QuestionType': 'Фонологический', 'QuestionText': 'Слово рифмуется с "пейзажини"?', 'CorrectAnswer_congr': 'right'}
26.4220 	DATA 	Keypress: right
26.4267 	EXP 	text_ans_quest_right: autoDraw = False
26.4267 	EXP 	text_ans_quest_left: autoDraw = False
26.4267 	EXP 	text: height = 0.05
26.4267 	EXP 	text: height = 0.05
26.4267 	EXP 	text: height = 0.05
26.4267 	EXP 	text: text = 'Слово рифмуется с "пейзажини"?'
26.4267 	EXP 	text: autoDraw = True
26.4267 	EXP 	text_2: autoDraw = True
26.7667 	DATA 	Keypress: space
27.4059 	DATA 	Keypress: space
27.4116 	EXP 	text: autoDraw = False
27.4116 	EXP 	text_2: autoDraw = False
27.4116 	EXP 	image_1: image = 'img20.png'
27.4116 	EXP 	text_label_1: height = 0.05
27.4116 	EXP 	text_label_1: height = 0.05
27.4116 	EXP 	text_label_1: height = 0.05
27.4116 	EXP 	text_label_1: text = 'БОТИЧИНИ-КРОЛИЧИНИ'
27.4116 	EXP 	image_1: autoDraw = True
27.4116 	EXP 	text_label_1: autoDraw = True
29.7896 	EXP 	image_1: autoDraw = False
29.7896 	EXP 	text_label_1: autoDraw = False
29.7896 	EXP 	text_ans_quest_right: autoDraw = True
29.7896 	EXP 	text_ans_quest_left: autoDraw = True
30.2926 	EXP 	New trial (rep=0, index=6): {'ImageFile': 'img18.png', 'LabelText': 'РУБИНОРО-ДЕЛЬФИНОРО', 'QuestionType': 'Самоотнесенный', 'QuestionText': 'Ассоциируете ли Вы себя с этим словом?', 'CorrectAnswer_congr': 'right'}
30.3231 	DATA 	Keypress: right
30.3275 	EXP 	text_ans_quest_right: autoDraw = False
30.3275 	EXP 	text_ans_quest_left: autoDraw = False
30.3275 	EXP 	text: height = 0.05
30.3275 	EXP 	text: height = 0.05
30.3275 	EXP 	text: height = 0.05
30.3275 	EXP 	text: text = 'Ассоциируете ли Вы себя с этим словом?'
30.3275 	EXP 	text: autoDraw = True
30.3275 	EXP 	text_2: autoDraw = True
30.9757 	DATA 	Keypress: space
31.0660 	EXP 	text: autoDraw = False
31.0660 	EXP 	text_2: autoDraw = False
31.0660 	EXP 	image_1: image = 'img18.png'
31.0660 	EXP 	text_label_1: height = 0.05
31.0660 	EXP 	text_label_1: height = 0.05
31.0660 	EXP 	text_label_1: height = 0.05
31.0660 	EXP 	text_label_1: text = 'РУБИНОРО-ДЕЛЬФИНОРО'
31.0660 	EXP 	image_1: autoDraw = True
31.0660 	EXP 	text_label_1: autoDraw = True
33.5078 	EXP 	image_1: autoDraw = False
33.5078 	EXP 	text_label_1: autoDraw = False
33.5078 	EXP 	text_ans_quest_right: autoDraw = True
33.5078 	EXP 	text_ans_quest_left: autoDraw = True
33.9007 	DATA 	Keypress: right
33.9126 	EXP 	New trial (rep=0, index=7): {'ImageFile': 'img10.png', 'LabelText': 'КУВШИНО-ЛОШАДИНО', 'QuestionType': 'Перцептивный', 'QuestionText': 'Слово написано большими буквами?', 'CorrectAnswer_congr': 'right'}
33.9425 	EXP 	text_ans_quest_right: autoDraw = False
33.9425 	EXP 	text_ans_quest_left: autoDraw = False
33.9425 	EXP 	text: height = 0.05
33.9425 	EXP 	text: height = 0.05
33.9425 	EXP 	text: height = 0.05
33.9425 	EXP 	text: text = 'Слово написано большими буквами?'
33.9425 	EXP 	text: autoDraw = True
33.9425 	EXP 	text_2: autoDraw = True
34.3344 	DATA 	Keypress: space
34.8782 	DATA 	Keypress: space
35.0659 	EXP 	text: autoDraw = False
35.0659 	EXP 	text_2: autoDraw = False
35.0659 	EXP 	image_1: image = 'img10.png'
35.0659 	EXP 	text_label_1: height = 0.05
35.0659 	EXP 	text_label_1: height = 0.05
35.0659 	EXP 	text_label_1: height = 0.05
35.0659 	EXP 	text_label_1: text = 'КУВШИНО-ЛОШАДИНО'
35.0659 	EXP 	image_1: autoDraw = True
35.0659 	EXP 	text_label_1: autoDraw = True
37.4078 	EXP 	image_1: autoDraw = False
37.4078 	EXP 	text_label_1: autoDraw = False
37.4078 	EXP 	text_ans_quest_right: autoDraw = True
37.4078 	EXP 	text_ans_quest_left: autoDraw = True
37.8904 	DATA 	Keypress: right
37.8999 	EXP 	New trial (rep=0, index=8): {'ImageFile': 'img3.png', 'LabelText': 'барахлоро-коалоро', 'QuestionType': 'Самоотнесенный', 'QuestionText': 'Ассоциируете ли Вы себя с этим словом?', 'CorrectAnswer_congr': 'right'}
37.9380 	EXP 	text_ans_quest_right: autoDraw = False
37.9380 	EXP 	text_ans_quest_left: autoDraw = False
37.9380 	EXP 	text: height = 0.05
37.9380 	EXP 	text: height = 0.05
37.9380 	EXP 	text: height = 0.05
37.9380 	EXP 	text: text = 'Ассоциируете ли Вы себя с этим словом?'
37.9380 	EXP 	text: autoDraw = True
37.9380 	EXP 	text_2: autoDraw = True
38.6950 	DATA 	Keypress: space
38.7673 	EXP 	text: autoDraw = False
38.7673 	EXP 	text_2: autoDraw = False
38.7673 	EXP 	image_1: image = 'img3.png'
38.7673 	EXP 	text_label_1: height = 0.05
38.7673 	EXP 	text_label_1: height = 0.05
38.7673 	EXP 	text_label_1: height = 0.05
38.7673 	EXP 	text_label_1: text = 'барахлоро-коалоро'
38.7673 	EXP 	image_1: autoDraw = True
38.7673 	EXP 	text_label_1: autoDraw = True
41.2414 	EXP 	image_1: autoDraw = False
41.2414 	EXP 	text_label_1: autoDraw = False
41.2414 	EXP 	text_ans_quest_right: autoDraw = True
41.2414 	EXP 	text_ans_quest_left: autoDraw = True
41.5928 	EXP 	New trial (rep=0, index=9): {'ImageFile': 'img16.png', 'LabelText': 'ПЕЛЬМЕНИНО-ЕЖИНО', 'QuestionType': 'Перцептивный', 'QuestionText': 'Слово написано большими буквами?', 'CorrectAnswer_congr': 'right'}
41.6117 	DATA 	Keypress: right
41.6160 	EXP 	text_ans_quest_right: autoDraw = False
41.6160 	EXP 	text_ans_quest_left: autoDraw = False
41.6160 	EXP 	text: height = 0.05
41.6160 	EXP 	text: height = 0.05
41.6160 	EXP 	text: height = 0.05
41.6160 	EXP 	text: text = 'Слово написано большими буквами?'
41.6160 	EXP 	text: autoDraw = True
41.6160 	EXP 	text_2: autoDraw = True
41.9665 	DATA 	Keypress: space
42.5537 	DATA 	Keypress: space
42.5590 	EXP 	text: autoDraw = False
42.5590 	EXP 	text_2: autoDraw = False
42.5590 	EXP 	image_1: image = 'img16.png'
42.5590 	EXP 	text_label_1: height = 0.05
42.5590 	EXP 	text_label_1: height = 0.05
42.5590 	EXP 	text_label_1: height = 0.05
42.5590 	EXP 	text_label_1: text = 'ПЕЛЬМЕНИНО-ЕЖИНО'
42.5590 	EXP 	image_1: autoDraw = True
42.5590 	EXP 	text_label_1: autoDraw = True
44.9709 	EXP 	image_1: autoDraw = False
44.9709 	EXP 	text_label_1: autoDraw = False
44.9709 	EXP 	text_ans_quest_right: autoDraw = True
44.9709 	EXP 	text_ans_quest_left: autoDraw = True
45.5634 	DATA 	Keypress: right
45.5756 	EXP 	New trial (rep=0, index=10): {'ImageFile': 'img12.png', 'LabelText': 'ЛАНДЫШЕЛЛО-МАРТЫШЕЛЛО', 'QuestionType': 'Самоотнесенный', 'QuestionText': 'Ассоциируете ли Вы себя с этим словом?', 'CorrectAnswer_congr': 'right'}
45.6069 	EXP 	text_ans_quest_right: autoDraw = False
45.6069 	EXP 	text_ans_quest_left: autoDraw = False
45.6069 	EXP 	text: height = 0.05
45.6069 	EXP 	text: height = 0.05
45.6069 	EXP 	text: height = 0.05
45.6069 	EXP 	text: text = 'Ассоциируете ли Вы себя с этим словом?'
45.6069 	EXP 	text: autoDraw = True
45.6069 	EXP 	text_2: autoDraw = True
46.3330 	DATA 	Keypress: space
46.4550 	EXP 	text: autoDraw = False
46.4550 	EXP 	text_2: autoDraw = False
46.4550 	EXP 	image_1: image = 'img12.png'
46.4550 	EXP 	text_label_1: height = 0.05
46.4550 	EXP 	text_label_1: height = 0.05
46.4550 	EXP 	text_label_1: height = 0.05
46.4550 	EXP 	text_label_1: text = 'ЛАНДЫШЕЛЛО-МАРТЫШЕЛЛО'
46.4550 	EXP 	image_1: autoDraw = True
46.4550 	EXP 	text_label_1: autoDraw = True
48.8637 	EXP 	image_1: autoDraw = False
48.8637 	EXP 	text_label_1: autoDraw = False
48.8637 	EXP 	text_ans_quest_right: autoDraw = True
48.8637 	EXP 	text_ans_quest_left: autoDraw = True
49.3901 	EXP 	New trial (rep=0, index=11): {'ImageFile': 'img23.png', 'LabelText': 'чайничитто-кошачитто', 'QuestionType': 'Фонологический', 'QuestionText': 'Слово рифмуется с "туманетто"?', 'CorrectAnswer_congr': 'left'}
49.4230 	DATA 	Keypress: right
49.4274 	EXP 	text_ans_quest_right: autoDraw = False
49.4274 	EXP 	text_ans_quest_left: autoDraw = False
49.4274 	EXP 	text: height = 0.05
49.4274 	EXP 	text: height = 0.05
49.4274 	EXP 	text: height = 0.05
49.4274 	EXP 	text: text = 'Слово рифмуется с "туманетто"?'
49.4274 	EXP 	text: autoDraw = True
49.4274 	EXP 	text_2: autoDraw = True
50.1116 	DATA 	Keypress: space
50.2066 	EXP 	text: autoDraw = False
50.2066 	EXP 	text_2: autoDraw = False
50.2066 	EXP 	image_1: image = 'img23.png'
50.2066 	EXP 	text_label_1: height = 0.05
50.2066 	EXP 	text_label_1: height = 0.05
50.2066 	EXP 	text_label_1: height = 0.05
50.2066 	EXP 	text_label_1: text = 'чайничитто-кошачитто'
50.2066 	EXP 	image_1: autoDraw = True
50.2066 	EXP 	text_label_1: autoDraw = True
52.6409 	EXP 	image_1: autoDraw = False
52.6409 	EXP 	text_label_1: autoDraw = False
52.6409 	EXP 	text_ans_quest_right: autoDraw = True
52.6409 	EXP 	text_ans_quest_left: autoDraw = True
52.9793 	EXP 	New trial (rep=0, index=12): {'ImageFile': 'img4.png', 'LabelText': 'ДИВАНИТТО-ТЮЛЕНИТТО', 'QuestionType': 'Перцептивный', 'QuestionText': 'Слово написано большими буквами?', 'CorrectAnswer_congr': 'right'}
53.0058 	DATA 	Keypress: right
53.0104 	EXP 	text_ans_quest_right: autoDraw = False
53.0104 	EXP 	text_ans_quest_left: autoDraw = False
53.0104 	EXP 	text: height = 0.05
53.0104 	EXP 	text: height = 0.05
53.0104 	EXP 	text: height = 0.05
53.0104 	EXP 	text: text = 'Слово написано большими буквами?'
53.0104 	EXP 	text: autoDraw = True
53.0104 	EXP 	text_2: autoDraw = True
53.3662 	DATA 	Keypress: space
53.9773 	DATA 	Keypress: space
53.9847 	EXP 	text: autoDraw = False
53.9847 	EXP 	text_2: autoDraw = False
53.9847 	EXP 	image_1: image = 'img4.png'
53.9847 	EXP 	text_label_1: height = 0.05
53.9847 	EXP 	text_label_1: height = 0.05
53.9847 	EXP 	text_label_1: height = 0.05
53.9847 	EXP 	text_label_1: text = 'ДИВАНИТТО-ТЮЛЕНИТТО'
53.9847 	EXP 	image_1: autoDraw = True
53.9847 	EXP 	text_label_1: autoDraw = True
56.4247 	EXP 	image_1: autoDraw = False
56.4247 	EXP 	text_label_1: autoDraw = False
56.4247 	EXP 	text_ans_quest_right: autoDraw = True
56.4247 	EXP 	text_ans_quest_left: autoDraw = True
56.8226 	DATA 	Keypress: right
56.8324 	EXP 	New trial (rep=0, index=13): {'ImageFile': 'img17.png', 'LabelText': 'пиццерретто-голубетто', 'QuestionType': 'Фонологический', 'QuestionText': 'Слово рифмуется с "облакоро"?', 'CorrectAnswer_congr': 'left'}
56.8665 	EXP 	text_ans_quest_right: autoDraw = False
56.8665 	EXP 	text_ans_quest_left: autoDraw = False
56.8665 	EXP 	text: height = 0.05
56.8665 	EXP 	text: height = 0.05
56.8665 	EXP 	text: height = 0.05
56.8665 	EXP 	text: text = 'Слово рифмуется с "облакоро"?'
56.8665 	EXP 	text: autoDraw = True
56.8665 	EXP 	text_2: autoDraw = True
57.2954 	DATA 	Keypress: space
57.8128 	DATA 	Keypress: space
57.9300 	EXP 	text: autoDraw = False
57.9300 	EXP 	text_2: autoDraw = False
57.9300 	EXP 	image_1: image = 'img17.png'
57.9300 	EXP 	text_label_1: height = 0.05
57.9300 	EXP 	text_label_1: height = 0.05
57.9300 	EXP 	text_label_1: height = 0.05
57.9300 	EXP 	text_label_1: text = 'пиццерретто-голубетто'
57.9300 	EXP 	image_1: autoDraw = True
57.9300 	EXP 	text_label_1: autoDraw = True
60.3428 	EXP 	image_1: autoDraw = False
60.3428 	EXP 	text_label_1: autoDraw = False
60.3428 	EXP 	text_ans_quest_right: autoDraw = True
60.3428 	EXP 	text_ans_quest_left: autoDraw = True
60.6948 	DATA 	Keypress: right
60.7066 	EXP 	New trial (rep=0, index=14): {'ImageFile': 'img21.png', 'LabelText': 'туалетто-кенгуретто', 'QuestionType': 'Самоотнесенный', 'QuestionText': 'Ассоциируете ли Вы себя с этим словом?', 'CorrectAnswer_congr': 'right'}
60.7425 	EXP 	text_ans_quest_right: autoDraw = False
60.7425 	EXP 	text_ans_quest_left: autoDraw = False
60.7425 	EXP 	text: height = 0.05
60.7425 	EXP 	text: height = 0.05
60.7425 	EXP 	text: height = 0.05
60.7425 	EXP 	text: text = 'Ассоциируете ли Вы себя с этим словом?'
60.7425 	EXP 	text: autoDraw = True
60.7425 	EXP 	text_2: autoDraw = True
61.1031 	DATA 	Keypress: space
61.5463 	DATA 	Keypress: space
61.6369 	EXP 	text: autoDraw = False
61.6369 	EXP 	text_2: autoDraw = False
61.6369 	EXP 	image_1: image = 'img21.png'
61.6369 	EXP 	text_label_1: height = 0.05
61.6369 	EXP 	text_label_1: height = 0.05
61.6369 	EXP 	text_label_1: height = 0.05
61.6369 	EXP 	text_label_1: text = 'туалетто-кенгуретто'
61.6369 	EXP 	image_1: autoDraw = True
61.6369 	EXP 	text_label_1: autoDraw = True
64.0748 	EXP 	image_1: autoDraw = False
64.0748 	EXP 	text_label_1: autoDraw = False
64.0748 	EXP 	text_ans_quest_right: autoDraw = True
64.0748 	EXP 	text_ans_quest_left: autoDraw = True
64.4569 	DATA 	Keypress: right
64.4664 	EXP 	New trial (rep=0, index=15): {'ImageFile': 'img8.png', 'LabelText': 'КЛУБНИЧИТТО-ХОМЯЧИТТО', 'QuestionType': 'Фонологический', 'QuestionText': 'Слово рифмуется с  "ветеритто"?', 'CorrectAnswer_congr': 'right'}
64.5009 	EXP 	text_ans_quest_right: autoDraw = False
64.5009 	EXP 	text_ans_quest_left: autoDraw = False
64.5009 	EXP 	text: height = 0.05
64.5009 	EXP 	text: height = 0.05
64.5009 	EXP 	text: height = 0.05
64.5009 	EXP 	text: text = 'Слово рифмуется с  "ветеритто"?'
64.5009 	EXP 	text: autoDraw = True
64.5009 	EXP 	text_2: autoDraw = True
65.6902 	DATA 	Keypress: space
65.8056 	EXP 	text: autoDraw = False
65.8056 	EXP 	text_2: autoDraw = False
65.8056 	EXP 	image_1: image = 'img8.png'
65.8056 	EXP 	text_label_1: height = 0.05
65.8056 	EXP 	text_label_1: height = 0.05
65.8056 	EXP 	text_label_1: height = 0.05
65.8056 	EXP 	text_label_1: text = 'КЛУБНИЧИТТО-ХОМЯЧИТТО'
65.8056 	EXP 	image_1: autoDraw = True
65.8056 	EXP 	text_label_1: autoDraw = True
68.2266 	EXP 	image_1: autoDraw = False
68.2266 	EXP 	text_label_1: autoDraw = False
68.2266 	EXP 	text_ans_quest_right: autoDraw = True
68.2266 	EXP 	text_ans_quest_left: autoDraw = True
68.6109 	EXP 	New trial (rep=0, index=16): {'ImageFile': 'img2.png', 'LabelText': 'БАНАНОРО-ФАЗАНОРО', 'QuestionType': 'Фонологический', 'QuestionText': 'Слово рифмуется с "облакоро"?', 'CorrectAnswer_congr': 'right'}
68.6348 	DATA 	Keypress: right
68.6393 	EXP 	text_ans_quest_right: autoDraw = False
68.6393 	EXP 	text_ans_quest_left: autoDraw = False
68.6393 	EXP 	text: height = 0.05
68.6393 	EXP 	text: height = 0.05
68.6393 	EXP 	text: height = 0.05
68.6393 	EXP 	text: text = 'Слово рифмуется с "облакоро"?'
68.6393 	EXP 	text: autoDraw = True
68.6393 	EXP 	text_2: autoDraw = True
69.6020 	DATA 	Keypress: space
69.6076 	EXP 	text: autoDraw = False
69.6076 	EXP 	text_2: autoDraw = False
69.6076 	EXP 	image_1: image = 'img2.png'
69.6076 	EXP 	text_label_1: height = 0.05
69.6076 	EXP 	text_label_1: height = 0.05
69.6076 	EXP 	text_label_1: height = 0.05
69.6076 	EXP 	text_label_1: text = 'БАНАНОРО-ФАЗАНОРО'
69.6076 	EXP 	image_1: autoDraw = True
69.6076 	EXP 	text_label_1: autoDraw = True
72.0411 	EXP 	image_1: autoDraw = False
72.0411 	EXP 	text_label_1: autoDraw = False
72.0411 	EXP 	text_ans_quest_right: autoDraw = True
72.0411 	EXP 	text_ans_quest_left: autoDraw = True
72.6647 	EXP 	New trial (rep=0, index=17): {'ImageFile': 'img19.png', 'LabelText': 'сахарини-комарини', 'QuestionType': 'Перцептивный', 'QuestionText': 'Слово написано большими буквами?', 'CorrectAnswer_congr': 'left'}
72.6959 	DATA 	Keypress: right
72.7005 	EXP 	text_ans_quest_right: autoDraw = False
72.7005 	EXP 	text_ans_quest_left: autoDraw = False
72.7005 	EXP 	text: height = 0.05
72.7005 	EXP 	text: height = 0.05
72.7005 	EXP 	text: height = 0.05
72.7005 	EXP 	text: text = 'Слово написано большими буквами?'
72.7005 	EXP 	text: autoDraw = True
72.7005 	EXP 	text_2: autoDraw = True
73.3418 	DATA 	Keypress: space
73.3471 	EXP 	text: autoDraw = False
73.3471 	EXP 	text_2: autoDraw = False
73.3471 	EXP 	image_1: image = 'img19.png'
73.3471 	EXP 	text_label_1: height = 0.05
73.3471 	EXP 	text_label_1: height = 0.05
73.3471 	EXP 	text_label_1: height = 0.05
73.3471 	EXP 	text_label_1: text = 'сахарини-комарини'
73.3471 	EXP 	image_1: autoDraw = True
73.3471 	EXP 	text_label_1: autoDraw = True
75.8256 	EXP 	image_1: autoDraw = False
75.8256 	EXP 	text_label_1: autoDraw = False
75.8256 	EXP 	text_ans_quest_right: autoDraw = True
75.8256 	EXP 	text_ans_quest_left: autoDraw = True
76.2198 	DATA 	Keypress: right
76.2316 	EXP 	New trial (rep=0, index=18): {'ImageFile': 'img24.png', 'LabelText': 'ШАМПИНЬОРО-ОСЬМИНОРО', 'QuestionType': 'Самоотнесенный', 'QuestionText': 'Ассоциируете ли Вы себя с этим словом?', 'CorrectAnswer_congr': 'right'}
76.2743 	EXP 	text_ans_quest_right: autoDraw = False
76.2743 	EXP 	text_ans_quest_left: autoDraw = False
76.2743 	EXP 	text: height = 0.05
76.2743 	EXP 	text: height = 0.05
76.2743 	EXP 	text: height = 0.05
76.2743 	EXP 	text: text = 'Ассоциируете ли Вы себя с этим словом?'
76.2743 	EXP 	text: autoDraw = True
76.2743 	EXP 	text_2: autoDraw = True
76.9087 	DATA 	Keypress: space
76.9138 	EXP 	text: autoDraw = False
76.9138 	EXP 	text_2: autoDraw = False
76.9138 	EXP 	image_1: image = 'img24.png'
76.9138 	EXP 	text_label_1: height = 0.05
76.9138 	EXP 	text_label_1: height = 0.05
76.9138 	EXP 	text_label_1: height = 0.05
76.9138 	EXP 	text_label_1: text = 'ШАМПИНЬОРО-ОСЬМИНОРО'
76.9138 	EXP 	image_1: autoDraw = True
76.9138 	EXP 	text_label_1: autoDraw = True
79.4053 	EXP 	image_1: autoDraw = False
79.4053 	EXP 	text_label_1: autoDraw = False
79.4053 	EXP 	text_ans_quest_right: autoDraw = True
79.4053 	EXP 	text_ans_quest_left: autoDraw = True
79.7371 	DATA 	Keypress: right
79.7479 	EXP 	New trial (rep=0, index=19): {'ImageFile': 'img14.png', 'LabelText': 'МОНИТОРО-КАМБАЛОРО', 'QuestionType': 'Фонологический', 'QuestionText': 'Слово рифмуется с "ветеритто"?', 'CorrectAnswer_congr': 'left'}
79.7823 	EXP 	text_ans_quest_right: autoDraw = False
79.7823 	EXP 	text_ans_quest_left: autoDraw = False
79.7823 	EXP 	text: height = 0.05
79.7823 	EXP 	text: height = 0.05
79.7823 	EXP 	text: height = 0.05
79.7823 	EXP 	text: text = 'Слово рифмуется с "ветеритто"?'
79.7823 	EXP 	text: autoDraw = True
79.7823 	EXP 	text_2: autoDraw = True
80.4081 	DATA 	Keypress: space
80.4892 	EXP 	text: autoDraw = False
80.4892 	EXP 	text_2: autoDraw = False
80.4892 	EXP 	image_1: image = 'img14.png'
80.4892 	EXP 	text_label_1: height = 0.05
80.4892 	EXP 	text_label_1: height = 0.05
80.4892 	EXP 	text_label_1: height = 0.05
80.4892 	EXP 	text_label_1: text = 'МОНИТОРО-КАМБАЛОРО'
80.4892 	EXP 	image_1: autoDraw = True
80.4892 	EXP 	text_label_1: autoDraw = True
82.9405 	EXP 	image_1: autoDraw = False
82.9405 	EXP 	text_label_1: autoDraw = False
82.9405 	EXP 	text_ans_quest_right: autoDraw = True
82.9405 	EXP 	text_ans_quest_left: autoDraw = True
83.3351 	DATA 	Keypress: right
83.3463 	EXP 	New trial (rep=0, index=20): {'ImageFile': 'img9.png', 'LabelText': 'кокосело-медузело', 'QuestionType': 'Самоотнесенный', 'QuestionText': 'Ассоциируете ли Вы себя с этим словом?', 'CorrectAnswer_congr': 'right'}
83.3799 	EXP 	text_ans_quest_right: autoDraw = False
83.3799 	EXP 	text_ans_quest_left: autoDraw = False
83.3799 	EXP 	text: height = 0.05
83.3799 	EXP 	text: height = 0.05
83.3799 	EXP 	text: height = 0.05
83.3799 	EXP 	text: text = 'Ассоциируете ли Вы себя с этим словом?'
83.3799 	EXP 	text: autoDraw = True
83.3799 	EXP 	text_2: autoDraw = True
84.0482 	DATA 	Keypress: space
84.1757 	EXP 	text: autoDraw = False
84.1757 	EXP 	text_2: autoDraw = False
84.1757 	EXP 	image_1: image = 'img9.png'
84.1757 	EXP 	text_label_1: height = 0.05
84.1757 	EXP 	text_label_1: height = 0.05
84.1757 	EXP 	text_label_1: height = 0.05
84.1757 	EXP 	text_label_1: text = 'кокосело-медузело'
84.1757 	EXP 	image_1: autoDraw = True
84.1757 	EXP 	text_label_1: autoDraw = True
86.5913 	EXP 	image_1: autoDraw = False
86.5913 	EXP 	text_label_1: autoDraw = False
86.5913 	EXP 	text_ans_quest_right: autoDraw = True
86.5913 	EXP 	text_ans_quest_left: autoDraw = True
87.0317 	EXP 	New trial (rep=0, index=21): {'ImageFile': 'img1.png', 'LabelText': 'арбузоро-гепардоро', 'QuestionType': 'Перцептивный', 'QuestionText': 'Слово написано большими буквами?', 'CorrectAnswer_congr': 'left'}
87.0723 	DATA 	Keypress: right
87.0771 	EXP 	text_ans_quest_right: autoDraw = False
87.0771 	EXP 	text_ans_quest_left: autoDraw = False
87.0771 	EXP 	text: height = 0.05
87.0771 	EXP 	text: height = 0.05
87.0771 	EXP 	text: height = 0.05
87.0771 	EXP 	text: text = 'Слово написано большими буквами?'
87.0771 	EXP 	text: autoDraw = True
87.0771 	EXP 	text_2: autoDraw = True
87.5194 	DATA 	Keypress: space
88.0467 	DATA 	Keypress: space
88.1667 	EXP 	text: autoDraw = False
88.1667 	EXP 	text_2: autoDraw = False
88.1667 	EXP 	image_1: image = 'img1.png'
88.1667 	EXP 	text_label_1: height = 0.05
88.1667 	EXP 	text_label_1: height = 0.05
88.1667 	EXP 	text_label_1: height = 0.05
88.1667 	EXP 	text_label_1: text = 'арбузоро-гепардоро'
88.1667 	EXP 	image_1: autoDraw = True
88.1667 	EXP 	text_label_1: autoDraw = True
90.5915 	EXP 	image_1: autoDraw = False
90.5915 	EXP 	text_label_1: autoDraw = False
90.5915 	EXP 	text_ans_quest_right: autoDraw = True
90.5915 	EXP 	text_ans_quest_left: autoDraw = True
91.1035 	DATA 	Keypress: right
91.1147 	EXP 	New trial (rep=0, index=22): {'ImageFile': 'img15.png', 'LabelText': 'огурцони-акулони', 'QuestionType': 'Самоотнесенный', 'QuestionText': 'Ассоциируете ли Вы себя с этим словом?', 'CorrectAnswer_congr': 'right'}
91.1550 	EXP 	text_ans_quest_right: autoDraw = False
91.1550 	EXP 	text_ans_quest_left: autoDraw = False
91.1550 	EXP 	text: height = 0.05
91.1550 	EXP 	text: height = 0.05
91.1550 	EXP 	text: height = 0.05
91.1550 	EXP 	text: text = 'Ассоциируете ли Вы себя с этим словом?'
91.1550 	EXP 	text: autoDraw = True
91.1550 	EXP 	text_2: autoDraw = True
91.8001 	DATA 	Keypress: space
91.8075 	EXP 	text: autoDraw = False
91.8075 	EXP 	text_2: autoDraw = False
91.8075 	EXP 	image_1: image = 'img15.png'
91.8075 	EXP 	text_label_1: height = 0.05
91.8075 	EXP 	text_label_1: height = 0.05
91.8075 	EXP 	text_label_1: height = 0.05
91.8075 	EXP 	text_label_1: text = 'огурцони-акулони'
91.8075 	EXP 	image_1: autoDraw = True
91.8075 	EXP 	text_label_1: autoDraw = True
94.2267 	EXP 	image_1: autoDraw = False
94.2267 	EXP 	text_label_1: autoDraw = False
94.2267 	EXP 	text_ans_quest_right: autoDraw = True
94.2267 	EXP 	text_ans_quest_left: autoDraw = True
94.6324 	EXP 	New trial (rep=0, index=23): {'ImageFile': 'img6.png', 'LabelText': 'КАРТОШЕЛЛО-КУКУШЕЛЛО', 'QuestionType': 'Самоотнесенный', 'QuestionText': 'Ассоциируете ли Вы себя с этим словом?', 'CorrectAnswer_congr': 'right'}
94.6446 	DATA 	Keypress: right
94.6492 	EXP 	text_ans_quest_right: autoDraw = False
94.6492 	EXP 	text_ans_quest_left: autoDraw = False
94.6492 	EXP 	text: text = 'Ассоциируете ли Вы себя с этим словом?'
94.6492 	EXP 	text: autoDraw = True
94.6492 	EXP 	text_2: autoDraw = True
95.0507 	DATA 	Keypress: space
95.5442 	DATA 	Keypress: space
95.5501 	EXP 	text: autoDraw = False
95.5501 	EXP 	text_2: autoDraw = False
95.5501 	EXP 	image_1: image = 'img6.png'
95.5501 	EXP 	text_label_1: height = 0.05
95.5501 	EXP 	text_label_1: height = 0.05
95.5501 	EXP 	text_label_1: height = 0.05
95.5501 	EXP 	text_label_1: text = 'КАРТОШЕЛЛО-КУКУШЕЛЛО'
95.5501 	EXP 	image_1: autoDraw = True
95.5501 	EXP 	text_label_1: autoDraw = True
97.9893 	EXP 	image_1: autoDraw = False
97.9893 	EXP 	text_label_1: autoDraw = False
97.9893 	EXP 	text_ans_quest_right: autoDraw = True
97.9893 	EXP 	text_ans_quest_left: autoDraw = True
98.4263 	DATA 	Keypress: right
98.4321 	EXP 	text_ans_quest_right: autoDraw = False
98.4321 	EXP 	text_ans_quest_left: autoDraw = False
98.4321 	EXP 	text_3: autoDraw = True
99.3471 	EXP 	Imported all_congr_stim_list.xlsx as conditions, 48 conditions, 3 params
99.3503 	EXP 	Created sequence: random, trialTypes=48, nReps=1, seed=None
99.3509 	EXP 	New trial (rep=0, index=0): {'ImageFile_All_list': 'img15.png', 'LabelText_all': 'огурцони-акулони', 'True_Ans_all': 'right'}
99.3970 	DATA 	Keypress: space
99.4033 	EXP 	text_3: autoDraw = False
99.4033 	EXP 	image_2: image = 'img15.png'
99.4033 	EXP 	text_label_2: height = 0.05
99.4033 	EXP 	text_label_2: height = 0.05
99.4033 	EXP 	text_label_2: height = 0.05
99.4033 	EXP 	text_label_2: text = 'огурцони-акулони'
99.4033 	EXP 	image_2: autoDraw = True
99.4033 	EXP 	text_label_2: autoDraw = True
99.4033 	EXP 	text_instr_3: autoDraw = True
100.0833 	DATA 	Keypress: right
100.0949 	EXP 	New trial (rep=0, index=1): {'ImageFile_All_list': 'img17.png', 'LabelText_all': 'пиццерретто-голубетто', 'True_Ans_all': 'right'}
100.1638 	EXP 	image_2: autoDraw = False
100.1638 	EXP 	text_label_2: autoDraw = False
100.1638 	EXP 	text_instr_3: autoDraw = False
100.1638 	EXP 	image_2: image = 'img17.png'
100.1638 	EXP 	text_label_2: height = 0.05
100.1638 	EXP 	text_label_2: height = 0.05
100.1638 	EXP 	text_label_2: height = 0.05
100.1638 	EXP 	text_label_2: text = 'пиццерретто-голубетто'
100.1638 	EXP 	image_2: autoDraw = True
100.1638 	EXP 	text_label_2: autoDraw = True
100.1638 	EXP 	text_instr_3: autoDraw = True
100.7948 	EXP 	New trial (rep=0, index=2): {'ImageFile_All_list': 'img16.png', 'LabelText_all': 'ПЕЛЬМЕНИНО-ЕЖИНО', 'True_Ans_all': 'right'}
100.8987 	DATA 	Keypress: right
100.9049 	EXP 	image_2: autoDraw = False
100.9049 	EXP 	text_label_2: autoDraw = False
100.9049 	EXP 	text_instr_3: autoDraw = False
100.9049 	EXP 	image_2: image = 'img16.png'
100.9049 	EXP 	text_label_2: height = 0.05
100.9049 	EXP 	text_label_2: height = 0.05
100.9049 	EXP 	text_label_2: height = 0.05
100.9049 	EXP 	text_label_2: text = 'ПЕЛЬМЕНИНО-ЕЖИНО'
100.9049 	EXP 	image_2: autoDraw = True
100.9049 	EXP 	text_label_2: autoDraw = True
100.9049 	EXP 	text_instr_3: autoDraw = True
101.3283 	EXP 	New trial (rep=0, index=3): {'ImageFile_All_list': 'img9.png', 'LabelText_all': 'кокосело-медузело', 'True_Ans_all': 'right'}
101.4276 	DATA 	Keypress: right
101.4333 	EXP 	image_2: autoDraw = False
101.4333 	EXP 	text_label_2: autoDraw = False
101.4333 	EXP 	text_instr_3: autoDraw = False
101.4333 	EXP 	image_2: image = 'img9.png'
101.4333 	EXP 	text_label_2: height = 0.05
101.4333 	EXP 	text_label_2: height = 0.05
101.4333 	EXP 	text_label_2: height = 0.05
101.4333 	EXP 	text_label_2: text = 'кокосело-медузело'
101.4333 	EXP 	image_2: autoDraw = True
101.4333 	EXP 	text_label_2: autoDraw = True
101.4333 	EXP 	text_instr_3: autoDraw = True
101.8323 	DATA 	Keypress: right
101.8442 	EXP 	New trial (rep=0, index=4): {'ImageFile_All_list': 'img3.png', 'LabelText_all': 'барахлоро-коалоро', 'True_Ans_all': 'right'}
101.9617 	EXP 	image_2: autoDraw = False
101.9617 	EXP 	text_label_2: autoDraw = False
101.9617 	EXP 	text_instr_3: autoDraw = False
101.9617 	EXP 	image_2: image = 'img3.png'
101.9617 	EXP 	text_label_2: height = 0.05
101.9617 	EXP 	text_label_2: height = 0.05
101.9617 	EXP 	text_label_2: height = 0.05
101.9617 	EXP 	text_label_2: text = 'барахлоро-коалоро'
101.9617 	EXP 	image_2: autoDraw = True
101.9617 	EXP 	text_label_2: autoDraw = True
101.9617 	EXP 	text_instr_3: autoDraw = True
102.2766 	EXP 	New trial (rep=0, index=5): {'ImageFile_All_list': 'img48.png', 'LabelText_all': 'ЯБЛОЧЕТТО-БАРСУЧЕТТО', 'True_Ans_all': 'left'}
102.3931 	DATA 	Keypress: right
102.4001 	EXP 	image_2: autoDraw = False
102.4001 	EXP 	text_label_2: autoDraw = False
102.4001 	EXP 	text_instr_3: autoDraw = False
102.4001 	EXP 	image_2: image = 'img48.png'
102.4001 	EXP 	text_label_2: height = 0.05
102.4001 	EXP 	text_label_2: height = 0.05
102.4001 	EXP 	text_label_2: height = 0.05
102.4001 	EXP 	text_label_2: text = 'ЯБЛОЧЕТТО-БАРСУЧЕТТО'
102.4001 	EXP 	image_2: autoDraw = True
102.4001 	EXP 	text_label_2: autoDraw = True
102.4001 	EXP 	text_instr_3: autoDraw = True
102.6970 	DATA 	Keypress: right
102.7087 	EXP 	New trial (rep=0, index=6): {'ImageFile_All_list': 'img33.png', 'LabelText_all': 'кузовелло-жирафелло', 'True_Ans_all': 'left'}
102.7630 	EXP 	image_2: autoDraw = False
102.7630 	EXP 	text_label_2: autoDraw = False
102.7630 	EXP 	text_instr_3: autoDraw = False
102.7630 	EXP 	image_2: image = 'img33.png'
102.7630 	EXP 	text_label_2: height = 0.05
102.7630 	EXP 	text_label_2: height = 0.05
102.7630 	EXP 	text_label_2: height = 0.05
102.7630 	EXP 	text_label_2: text = 'кузовелло-жирафелло'
102.7630 	EXP 	image_2: autoDraw = True
102.7630 	EXP 	text_label_2: autoDraw = True
102.7630 	EXP 	text_instr_3: autoDraw = True
103.0956 	DATA 	Keypress: right
103.1096 	EXP 	New trial (rep=0, index=7): {'ImageFile_All_list': 'img42.png', 'LabelText_all': 'ТВОРОЖЕЛЛО-БИЗОНЕЛЛО', 'True_Ans_all': 'left'}
103.1871 	EXP 	image_2: autoDraw = False
103.1871 	EXP 	text_label_2: autoDraw = False
103.1871 	EXP 	text_instr_3: autoDraw = False
103.1871 	EXP 	image_2: image = 'img42.png'
103.1871 	EXP 	text_label_2: height = 0.05
103.1871 	EXP 	text_label_2: height = 0.05
103.1871 	EXP 	text_label_2: height = 0.05
103.1871 	EXP 	text_label_2: text = 'ТВОРОЖЕЛЛО-БИЗОНЕЛЛО'
103.1871 	EXP 	image_2: autoDraw = True
103.1871 	EXP 	text_label_2: autoDraw = True
103.1871 	EXP 	text_instr_3: autoDraw = True
103.5328 	DATA 	Keypress: right
103.5433 	EXP 	New trial (rep=0, index=8): {'ImageFile_All_list': 'img28.png', 'LabelText_all': 'КАПУЧИНО-ПАУЧИНО', 'True_Ans_all': 'left'}
103.6354 	EXP 	image_2: autoDraw = False
103.6354 	EXP 	text_label_2: autoDraw = False
103.6354 	EXP 	text_instr_3: autoDraw = False
103.6354 	EXP 	image_2: image = 'img28.png'
103.6354 	EXP 	text_label_2: height = 0.05
103.6354 	EXP 	text_label_2: height = 0.05
103.6354 	EXP 	text_label_2: height = 0.05
103.6354 	EXP 	text_label_2: text = 'КАПУЧИНО-ПАУЧИНО'
103.6354 	EXP 	image_2: autoDraw = True
103.6354 	EXP 	text_label_2: autoDraw = True
103.6354 	EXP 	text_instr_3: autoDraw = True
103.9300 	DATA 	Keypress: right
103.9416 	EXP 	New trial (rep=0, index=9): {'ImageFile_All_list': 'img21.png', 'LabelText_all': 'туалетто-кенгуретто', 'True_Ans_all': 'right'}
104.0321 	EXP 	image_2: autoDraw = False
104.0321 	EXP 	text_label_2: autoDraw = False
104.0321 	EXP 	text_instr_3: autoDraw = False
104.0321 	EXP 	image_2: image = 'img21.png'
104.0321 	EXP 	text_label_2: height = 0.05
104.0321 	EXP 	text_label_2: height = 0.05
104.0321 	EXP 	text_label_2: height = 0.05
104.0321 	EXP 	text_label_2: text = 'туалетто-кенгуретто'
104.0321 	EXP 	image_2: autoDraw = True
104.0321 	EXP 	text_label_2: autoDraw = True
104.0321 	EXP 	text_instr_3: autoDraw = True
104.3246 	DATA 	Keypress: right
104.3363 	EXP 	New trial (rep=0, index=10): {'ImageFile_All_list': 'img34.png', 'LabelText_all': 'ЛАМПОЧИТТО-ВОРОБЬИТТО', 'True_Ans_all': 'left'}
104.4348 	EXP 	image_2: autoDraw = False
104.4348 	EXP 	text_label_2: autoDraw = False
104.4348 	EXP 	text_instr_3: autoDraw = False
104.4348 	EXP 	image_2: image = 'img34.png'
104.4348 	EXP 	text_label_2: height = 0.05
104.4348 	EXP 	text_label_2: height = 0.05
104.4348 	EXP 	text_label_2: height = 0.05
104.4348 	EXP 	text_label_2: text = 'ЛАМПОЧИТТО-ВОРОБЬИТТО'
104.4348 	EXP 	image_2: autoDraw = True
104.4348 	EXP 	text_label_2: autoDraw = True
104.4348 	EXP 	text_instr_3: autoDraw = True
104.7333 	EXP 	New trial (rep=0, index=11): {'ImageFile_All_list': 'img43.png', 'LabelText_all': 'тюльпанелло-мангустелло', 'True_Ans_all': 'left'}
104.8448 	DATA 	Keypress: right
104.8509 	EXP 	image_2: autoDraw = False
104.8509 	EXP 	text_label_2: autoDraw = False
104.8509 	EXP 	text_instr_3: autoDraw = False
104.8509 	EXP 	image_2: image = 'img43.png'
104.8509 	EXP 	text_label_2: height = 0.05
104.8509 	EXP 	text_label_2: height = 0.05
104.8509 	EXP 	text_label_2: height = 0.05
104.8509 	EXP 	text_label_2: text = 'тюльпанелло-мангустелло'
104.8509 	EXP 	image_2: autoDraw = True
104.8509 	EXP 	text_label_2: autoDraw = True
104.8509 	EXP 	text_instr_3: autoDraw = True
105.1225 	DATA 	Keypress: right
105.1319 	EXP 	New trial (rep=0, index=12): {'ImageFile_All_list': 'img36.png', 'LabelText_all': 'МОЖЖЕВЕЛЛО-КОРОВЕЛЛО', 'True_Ans_all': 'left'}
105.2210 	EXP 	image_2: autoDraw = False
105.2210 	EXP 	text_label_2: autoDraw = False
105.2210 	EXP 	text_instr_3: autoDraw = False
105.2210 	EXP 	image_2: image = 'img36.png'
105.2210 	EXP 	text_label_2: height = 0.05
105.2210 	EXP 	text_label_2: height = 0.05
105.2210 	EXP 	text_label_2: height = 0.05
105.2210 	EXP 	text_label_2: text = 'МОЖЖЕВЕЛЛО-КОРОВЕЛЛО'
105.2210 	EXP 	image_2: autoDraw = True
105.2210 	EXP 	text_label_2: autoDraw = True
105.2210 	EXP 	text_instr_3: autoDraw = True
105.5189 	EXP 	New trial (rep=0, index=13): {'ImageFile_All_list': 'img10.png', 'LabelText_all': 'КУВШИНО-ЛОШАДИНО', 'True_Ans_all': 'right'}
105.5978 	DATA 	Keypress: right
105.6036 	EXP 	image_2: autoDraw = False
105.6036 	EXP 	text_label_2: autoDraw = False
105.6036 	EXP 	text_instr_3: autoDraw = False
105.6036 	EXP 	image_2: image = 'img10.png'
105.6036 	EXP 	text_label_2: height = 0.05
105.6036 	EXP 	text_label_2: height = 0.05
105.6036 	EXP 	text_label_2: height = 0.05
105.6036 	EXP 	text_label_2: text = 'КУВШИНО-ЛОШАДИНО'
105.6036 	EXP 	image_2: autoDraw = True
105.6036 	EXP 	text_label_2: autoDraw = True
105.6036 	EXP 	text_instr_3: autoDraw = True
105.9936 	DATA 	Keypress: right
106.0033 	EXP 	New trial (rep=0, index=14): {'ImageFile_All_list': 'img22.png', 'LabelText_all': 'ФАСТФУДОРО-ВЕРБЛЮДОРО', 'True_Ans_all': 'right'}
106.0834 	EXP 	image_2: autoDraw = False
106.0834 	EXP 	text_label_2: autoDraw = False
106.0834 	EXP 	text_instr_3: autoDraw = False
106.0834 	EXP 	image_2: image = 'img22.png'
106.0834 	EXP 	text_label_2: height = 0.05
106.0834 	EXP 	text_label_2: height = 0.05
106.0834 	EXP 	text_label_2: height = 0.05
106.0834 	EXP 	text_label_2: text = 'ФАСТФУДОРО-ВЕРБЛЮДОРО'
106.0834 	EXP 	image_2: autoDraw = True
106.0834 	EXP 	text_label_2: autoDraw = True
106.0834 	EXP 	text_instr_3: autoDraw = True
106.4671 	DATA 	Keypress: right
106.4793 	EXP 	New trial (rep=0, index=15): {'ImageFile_All_list': 'img46.png', 'LabelText_all': 'ЧЕРЕШОНИ-СТРАУСОНИ', 'True_Ans_all': 'left'}
106.5849 	EXP 	image_2: autoDraw = False
106.5849 	EXP 	text_label_2: autoDraw = False
106.5849 	EXP 	text_instr_3: autoDraw = False
106.5849 	EXP 	image_2: image = 'img46.png'
106.5849 	EXP 	text_label_2: height = 0.05
106.5849 	EXP 	text_label_2: height = 0.05
106.5849 	EXP 	text_label_2: height = 0.05
106.5849 	EXP 	text_label_2: text = 'ЧЕРЕШОНИ-СТРАУСОНИ'
106.5849 	EXP 	image_2: autoDraw = True
106.5849 	EXP 	text_label_2: autoDraw = True
106.5849 	EXP 	text_instr_3: autoDraw = True
106.9061 	DATA 	Keypress: right
106.9165 	EXP 	New trial (rep=0, index=16): {'ImageFile_All_list': 'img7.png', 'LabelText_all': 'кирпичони-саранчони', 'True_Ans_all': 'right'}
106.9918 	EXP 	image_2: autoDraw = False
106.9918 	EXP 	text_label_2: autoDraw = False
106.9918 	EXP 	text_instr_3: autoDraw = False
106.9918 	EXP 	image_2: image = 'img7.png'
106.9918 	EXP 	text_label_2: height = 0.05
106.9918 	EXP 	text_label_2: height = 0.05
106.9918 	EXP 	text_label_2: height = 0.05
106.9918 	EXP 	text_label_2: text = 'кирпичони-саранчони'
106.9918 	EXP 	image_2: autoDraw = True
106.9918 	EXP 	text_label_2: autoDraw = True
106.9918 	EXP 	text_instr_3: autoDraw = True
107.3396 	DATA 	Keypress: right
107.3493 	EXP 	New trial (rep=0, index=17): {'ImageFile_All_list': 'img18.png', 'LabelText_all': 'РУБИНОРО-ДЕЛЬФИНОРО', 'True_Ans_all': 'right'}
107.4195 	EXP 	image_2: autoDraw = False
107.4195 	EXP 	text_label_2: autoDraw = False
107.4195 	EXP 	text_instr_3: autoDraw = False
107.4195 	EXP 	image_2: image = 'img18.png'
107.4195 	EXP 	text_label_2: height = 0.05
107.4195 	EXP 	text_label_2: height = 0.05
107.4195 	EXP 	text_label_2: height = 0.05
107.4195 	EXP 	text_label_2: text = 'РУБИНОРО-ДЕЛЬФИНОРО'
107.4195 	EXP 	image_2: autoDraw = True
107.4195 	EXP 	text_label_2: autoDraw = True
107.4195 	EXP 	text_instr_3: autoDraw = True
107.7482 	EXP 	New trial (rep=0, index=18): {'ImageFile_All_list': 'img23.png', 'LabelText_all': 'чайничитто-кошачитто', 'True_Ans_all': 'right'}
107.8264 	DATA 	Keypress: right
107.8334 	EXP 	image_2: autoDraw = False
107.8334 	EXP 	text_label_2: autoDraw = False
107.8334 	EXP 	text_instr_3: autoDraw = False
107.8334 	EXP 	image_2: image = 'img23.png'
107.8334 	EXP 	text_label_2: height = 0.05
107.8334 	EXP 	text_label_2: height = 0.05
107.8334 	EXP 	text_label_2: height = 0.05
107.8334 	EXP 	text_label_2: text = 'чайничитто-кошачитто'
107.8334 	EXP 	image_2: autoDraw = True
107.8334 	EXP 	text_label_2: autoDraw = True
107.8334 	EXP 	text_instr_3: autoDraw = True
108.1463 	EXP 	New trial (rep=0, index=19): {'ImageFile_All_list': 'img41.png', 'LabelText_all': 'сосисито-лососито', 'True_Ans_all': 'left'}
108.1494 	DEPRECATION 	Couldn't find image img41.png; check path? (tried: C:\Users\Admin\Desktop\сайкопай\brainrotexp\img41.png)
108.3668 	EXP 	window1: mouseVisible = True
