15.2120 	WARNING 	User requested fullscreen with size [1536  864], but screen is actually [1920, 1080]. Using actual size
17.3070 	EXP 	Created window1 = Window(allowGUI=True, allowStencil=False, autoLog=True, backendConf=UNKNOWN, backgroundFit=<method-wrapper '__getattribute__' of attributeSetter object at 0x000002D93494EF70>, backgroundImage=<method-wrapper '__getattribute__' of attributeSetter object at 0x000002D93494EF10>, bitsMode=UNKNOWN, blendMode='avg', bpc=(8, 8, 8), color=array([0, 0, 0]), colorSpace='rgb', depthBits=8, fullscr=<method-wrapper '__getattribute__' of attributeSetter object at 0x000002D93494ED30>, gamma=None, gammaErrorPolicy='raise', lms=UNKNOWN, monitor=<psychopy.monitors.calibTools.Monitor object at 0x000002D934DA5EE0>, multiSample=False, name='window1', numSamples=2, pos=(0, 0), screen=0, size=array([1920, 1080]), stencilBits=0, stereo=False, title='PsychoPy', units='height', useFBO=True, useRetina=False, viewOri=0.0, viewPos=None, viewScale=None, waitBlanking=True, winType='pyglet')
17.3071 	EXP 	window1: mouseVisible = True
17.3071 	EXP 	window1: backgroundImage = ''
17.3071 	EXP 	window1: backgroundFit = 'none'
17.3095 	EXP 	window1: Attempting to measure frame rate of screen (0) ...
17.3095 	EXP 	window1: recordFrameIntervals = False
17.4730 	EXP 	window1: recordFrameIntervals = True
17.6565 	EXP 	Screen (0) actual frame rate measured at 59.99Hz
17.6566 	EXP 	window1: recordFrameIntervals = False
17.6567 	EXP 	window1: mouseVisible = False
21.5366 	EXP 	con_exp: status = STARTED
21.5375 	EXP 	window1: mouseVisible = True
21.7270 	EXP 	Created text_instr_1 = TextStim(__class__=<class 'psychopy.visual.text.TextStim'>, alignHoriz=method-wrapper(...), alignText='center', alignVert=method-wrapper(...), anchorHoriz='center', anchorVert='center', antialias=True, autoDraw=False, autoLog=True, bold=False, color=array([1., 1., 1.]), colorSpace='rgb', contrast=1.0, depth=0.0, draggable=False, flipHoriz=False, flipVert=False, font='Open Sans', fontFiles=[], height=0.05, italic=False, languageStyle='LTR', name='text_instr_1', opacity=1.0, ori=0.0, pos=array([0., 0.]), rgb=UNKNOWN, text=str(...), units='height', win=Window(...), wrapWidth=1)
21.7273 	EXP 	window1: mouseVisible = True
21.7292 	EXP 	Created text = TextStim(__class__=<class 'psychopy.visual.text.TextStim'>, alignHoriz=method-wrapper(...), alignText='center', alignVert=method-wrapper(...), anchorHoriz='center', anchorVert='center', antialias=True, autoDraw=False, autoLog=True, bold=False, color=array([1., 1., 1.]), colorSpace='rgb', contrast=1.0, depth=0.0, draggable=False, flipHoriz=False, flipVert=False, font='Open Sans', fontFiles=[], height=0.05, italic=False, languageStyle='LTR', name='text', opacity=1.0, ori=0.0, pos=array([0., 0.]), rgb=UNKNOWN, text='', units='height', win=Window(...), wrapWidth=1)
21.7294 	EXP 	window1: mouseVisible = True
21.7401 	EXP 	Created text_2 = TextStim(__class__=<class 'psychopy.visual.text.TextStim'>, alignHoriz=method-wrapper(...), alignText='center', alignVert=method-wrapper(...), anchorHoriz='center', anchorVert='center', antialias=True, autoDraw=False, autoLog=True, bold=False, color=array([1., 1., 1.]), colorSpace='rgb', contrast=1.0, depth=-1.0, draggable=False, flipHoriz=False, flipVert=False, font='Open Sans', fontFiles=[], height=0.05, italic=False, languageStyle='LTR', name='text_2', opacity=1.0, ori=0.0, pos=array([ 0. , -0.2]), rgb=UNKNOWN, text=str(...), units='height', win=Window(...), wrapWidth=1)
21.7402 	EXP 	window1: mouseVisible = True
21.7704 	EXP 	Created image_1 = ImageStim(__class__=<class 'psychopy.visual.image.ImageStim'>, anchor=('center', 'center'), autoLog=True, color=array([1., 1., 1.]), colorSpace='rgb', contrast=1.0, depth=0.0, draggable=False, flipHoriz=False, flipVert=False, image='default.png', interpolate=True, mask=None, maskParams=None, name='image_1', opacity=1.0, ori=0.0, pos=array([0., 0.]), size=array([0.4, 0.4]), texRes=128.0, units='height', win=Window(...))
21.7706 	EXP 	window1: mouseVisible = True
21.7723 	EXP 	Created text_label_1 = TextStim(__class__=<class 'psychopy.visual.text.TextStim'>, alignHoriz=method-wrapper(...), alignText='center', alignVert=method-wrapper(...), anchorHoriz='center', anchorVert='center', antialias=True, autoDraw=False, autoLog=True, bold=False, color=array([1., 1., 1.]), colorSpace='rgb', contrast=1.0, depth=-1.0, draggable=False, flipHoriz=False, flipVert=False, font='Open Sans', fontFiles=[], height=0.05, italic=False, languageStyle='LTR', name='text_label_1', opacity=1.0, ori=0.0, pos=array([ 0. , -0.3]), rgb=UNKNOWN, text='', units='height', win=Window(...), wrapWidth=1)
21.7725 	EXP 	window1: mouseVisible = True
21.7918 	EXP 	Created text_ans_quest_right = TextStim(__class__=<class 'psychopy.visual.text.TextStim'>, alignHoriz=method-wrapper(...), alignText='center', alignVert=method-wrapper(...), anchorHoriz='center', anchorVert='center', antialias=True, autoDraw=False, autoLog=True, bold=False, color=array([1., 1., 1.]), colorSpace='rgb', contrast=1.0, depth=0.0, draggable=False, flipHoriz=False, flipVert=False, font='Open Sans', fontFiles=[], height=0.04, italic=False, languageStyle='LTR', name='text_ans_quest_right', opacity=1.0, ori=0.0, pos=array([0.3, 0. ]), rgb=UNKNOWN, text='стрелка вправо - ответ "да"', units='height', win=Window(...), wrapWidth=1)
21.7920 	EXP 	window1: mouseVisible = True
21.7979 	EXP 	Created text_ans_quest_left = TextStim(__class__=<class 'psychopy.visual.text.TextStim'>, alignHoriz=method-wrapper(...), alignText='center', alignVert=method-wrapper(...), anchorHoriz='center', anchorVert='center', antialias=True, autoDraw=False, autoLog=True, bold=False, color=array([1., 1., 1.]), colorSpace='rgb', contrast=1.0, depth=-1.0, draggable=False, flipHoriz=False, flipVert=False, font='Open Sans', fontFiles=[], height=0.04, italic=False, languageStyle='LTR', name='text_ans_quest_left', opacity=1.0, ori=0.0, pos=array([-0.3,  0. ]), rgb=UNKNOWN, text='стрелка влево - ответ "нет"', units='height', win=Window(...), wrapWidth=1)
21.7981 	EXP 	window1: mouseVisible = True
21.8321 	EXP 	Created text_3 = TextStim(__class__=<class 'psychopy.visual.text.TextStim'>, alignHoriz=method-wrapper(...), alignText='center', alignVert=method-wrapper(...), anchorHoriz='center', anchorVert='center', antialias=True, autoDraw=False, autoLog=True, bold=False, color=array([1., 1., 1.]), colorSpace='rgb', contrast=1.0, depth=0.0, draggable=False, flipHoriz=False, flipVert=False, font='Open Sans', fontFiles=[], height=0.05, italic=False, languageStyle='LTR', name='text_3', opacity=1.0, ori=0.0, pos=array([0., 0.]), rgb=UNKNOWN, text=str(...), units='height', win=Window(...), wrapWidth=1)
21.8323 	EXP 	window1: mouseVisible = True
21.8499 	EXP 	Created image_2 = ImageStim(__class__=<class 'psychopy.visual.image.ImageStim'>, anchor=('center', 'center'), autoLog=True, color=array([1., 1., 1.]), colorSpace='rgb', contrast=1.0, depth=0.0, draggable=False, flipHoriz=False, flipVert=False, image='default.png', interpolate=True, mask=None, maskParams=None, name='image_2', opacity=1.0, ori=0.0, pos=array([0., 0.]), size=array([0.4, 0.4]), texRes=128.0, units='height', win=Window(...))
21.8501 	EXP 	window1: mouseVisible = True
21.8519 	EXP 	Created text_label_2 = TextStim(__class__=<class 'psychopy.visual.text.TextStim'>, alignHoriz=method-wrapper(...), alignText='center', alignVert=method-wrapper(...), anchorHoriz='center', anchorVert='center', antialias=True, autoDraw=False, autoLog=True, bold=False, color=array([1., 1., 1.]), colorSpace='rgb', contrast=1.0, depth=-1.0, draggable=False, flipHoriz=False, flipVert=False, font='Open Sans', fontFiles=[], height=0.05, italic=False, languageStyle='LTR', name='text_label_2', opacity=1.0, ori=0.0, pos=array([ 0. , -0.3]), rgb=UNKNOWN, text='', units='height', win=Window(...), wrapWidth=1)
21.8521 	EXP 	window1: mouseVisible = True
21.8768 	EXP 	Created text_instr_3 = TextStim(__class__=<class 'psychopy.visual.text.TextStim'>, alignHoriz=method-wrapper(...), alignText='center', alignVert=method-wrapper(...), anchorHoriz='center', anchorVert='center', antialias=True, autoDraw=False, autoLog=True, bold=False, color=array([1., 1., 1.]), colorSpace='rgb', contrast=1.0, depth=-3.0, draggable=False, flipHoriz=False, flipVert=False, font='Open Sans', fontFiles=[], height=0.02, italic=False, languageStyle='LTR', name='text_instr_3', opacity=1.0, ori=0.0, pos=array([ 0. , -0.4]), rgb=UNKNOWN, text=str(...), units='height', win=Window(...), wrapWidth=1)
21.8770 	EXP 	window1: mouseVisible = True
21.9057 	EXP 	Created text_fin = TextStim(__class__=<class 'psychopy.visual.text.TextStim'>, alignHoriz=method-wrapper(...), alignText='center', alignVert=method-wrapper(...), anchorHoriz='center', anchorVert='center', antialias=True, autoDraw=False, autoLog=True, bold=False, color=array([1., 1., 1.]), colorSpace='rgb', contrast=1.0, depth=0.0, draggable=False, flipHoriz=False, flipVert=False, font='Open Sans', fontFiles=[], height=0.05, italic=False, languageStyle='LTR', name='text_fin', opacity=1.0, ori=0.0, pos=array([0., 0.]), rgb=UNKNOWN, text=str(...), units='height', win=Window(...), wrapWidth=1)
0.0191 	EXP 	text_instr_1: autoDraw = True
13.3523 	EXP 	Imported incon_stim.xlsx as conditions, 24 conditions, 5 params
13.3557 	EXP 	Created sequence: random, trialTypes=24, nReps=1, seed=None
13.3562 	EXP 	New trial (rep=0, index=0): {'ImageFile': 'img22.png', 'LabelText': 'ВАЛЕНОНЕ-МАЛЕНОНЕ', 'QuestionType': 'Перцептивный', 'QuestionText': 'Слово написано большими буквами?', 'CorrectAnswer_congr': 'right'}
13.3701 	DATA 	Keypress: space
13.3749 	EXP 	text_instr_1: autoDraw = False
13.3749 	EXP 	text: height = 0.05
13.3749 	EXP 	text: height = 0.05
13.3749 	EXP 	text: height = 0.05
13.3749 	EXP 	text: text = 'Слово написано большими буквами?'
13.3749 	EXP 	text: autoDraw = True
13.3749 	EXP 	text_2: autoDraw = True
15.3135 	DATA 	Keypress: space
15.3183 	EXP 	text: autoDraw = False
15.3183 	EXP 	text_2: autoDraw = False
15.3183 	EXP 	image_1: image = 'img22.png'
15.3183 	EXP 	text_label_1: height = 0.05
15.3183 	EXP 	text_label_1: height = 0.05
15.3183 	EXP 	text_label_1: height = 0.05
15.3183 	EXP 	text_label_1: text = 'ВАЛЕНОНЕ-МАЛЕНОНЕ'
15.3183 	EXP 	image_1: autoDraw = True
15.3183 	EXP 	text_label_1: autoDraw = True
17.0201 	DATA 	Keypress: right
17.7340 	EXP 	image_1: autoDraw = False
17.7340 	EXP 	text_label_1: autoDraw = False
17.7340 	EXP 	text_ans_quest_right: autoDraw = True
17.7340 	EXP 	text_ans_quest_left: autoDraw = True
19.5026 	EXP 	New trial (rep=0, index=1): {'ImageFile': 'img8.png', 'LabelText': 'ТАРЕМАТТО-КАРЕМАТТО', 'QuestionType': 'Фонологический', 'QuestionText': 'Слово рифмуется с  "ветератто"?', 'CorrectAnswer_congr': 'right'}
19.5128 	DATA 	Keypress: right
19.5186 	EXP 	text_ans_quest_right: autoDraw = False
19.5186 	EXP 	text_ans_quest_left: autoDraw = False
19.5186 	EXP 	text: height = 0.05
19.5186 	EXP 	text: height = 0.05
19.5186 	EXP 	text: height = 0.05
19.5186 	EXP 	text: text = 'Слово рифмуется с  "ветератто"?'
19.5186 	EXP 	text: autoDraw = True
19.5186 	EXP 	text_2: autoDraw = True
20.5123 	DATA 	Keypress: space
20.5167 	EXP 	text: autoDraw = False
20.5167 	EXP 	text_2: autoDraw = False
20.5167 	EXP 	image_1: image = 'img8.png'
20.5167 	EXP 	text_label_1: height = 0.05
20.5167 	EXP 	text_label_1: height = 0.05
20.5167 	EXP 	text_label_1: height = 0.05
20.5167 	EXP 	text_label_1: text = 'ТАРЕМАТТО-КАРЕМАТТО'
20.5167 	EXP 	image_1: autoDraw = True
20.5167 	EXP 	text_label_1: autoDraw = True
23.0007 	EXP 	image_1: autoDraw = False
23.0007 	EXP 	text_label_1: autoDraw = False
23.0007 	EXP 	text_ans_quest_right: autoDraw = True
23.0007 	EXP 	text_ans_quest_left: autoDraw = True
23.9858 	EXP 	New trial (rep=0, index=2): {'ImageFile': 'img15.png', 'LabelText': 'кареттето-мареттето', 'QuestionType': 'Самоотнесенный', 'QuestionText': 'Ассоциируете ли Вы себя с этим словом?', 'CorrectAnswer_congr': 'right'}
23.9977 	DATA 	Keypress: right
24.0030 	EXP 	text_ans_quest_right: autoDraw = False
24.0030 	EXP 	text_ans_quest_left: autoDraw = False
24.0030 	EXP 	text: height = 0.05
24.0030 	EXP 	text: height = 0.05
24.0030 	EXP 	text: height = 0.05
24.0030 	EXP 	text: text = 'Ассоциируете ли Вы себя с этим словом?'
24.0030 	EXP 	text: autoDraw = True
24.0030 	EXP 	text_2: autoDraw = True
25.8750 	DATA 	Keypress: space
25.8816 	EXP 	text: autoDraw = False
25.8816 	EXP 	text_2: autoDraw = False
25.8816 	EXP 	image_1: image = 'img15.png'
25.8816 	EXP 	text_label_1: height = 0.05
25.8816 	EXP 	text_label_1: height = 0.05
25.8816 	EXP 	text_label_1: height = 0.05
25.8816 	EXP 	text_label_1: text = 'кареттето-мареттето'
25.8816 	EXP 	image_1: autoDraw = True
25.8816 	EXP 	text_label_1: autoDraw = True
28.3507 	EXP 	image_1: autoDraw = False
28.3507 	EXP 	text_label_1: autoDraw = False
28.3507 	EXP 	text_ans_quest_right: autoDraw = True
28.3507 	EXP 	text_ans_quest_left: autoDraw = True
28.8693 	EXP 	New trial (rep=0, index=3): {'ImageFile': 'img6.png', 'LabelText': 'КАРОФЕЛЛО-МАРОФЕЛЛО', 'QuestionType': 'Самоотнесенный', 'QuestionText': 'Ассоциируете ли Вы себя с этим словом?', 'CorrectAnswer_congr': 'right'}
28.8724 	DATA 	Keypress: right
28.8841 	EXP 	text_ans_quest_right: autoDraw = False
28.8841 	EXP 	text_ans_quest_left: autoDraw = False
28.8841 	EXP 	text: text = 'Ассоциируете ли Вы себя с этим словом?'
28.8841 	EXP 	text: autoDraw = True
28.8841 	EXP 	text_2: autoDraw = True
30.1128 	DATA 	Keypress: space
30.1177 	EXP 	text: autoDraw = False
30.1177 	EXP 	text_2: autoDraw = False
30.1177 	EXP 	image_1: image = 'img6.png'
30.1177 	EXP 	text_label_1: height = 0.05
30.1177 	EXP 	text_label_1: height = 0.05
30.1177 	EXP 	text_label_1: height = 0.05
30.1177 	EXP 	text_label_1: text = 'КАРОФЕЛЛО-МАРОФЕЛЛО'
30.1177 	EXP 	image_1: autoDraw = True
30.1177 	EXP 	text_label_1: autoDraw = True
32.6007 	EXP 	image_1: autoDraw = False
32.6007 	EXP 	text_label_1: autoDraw = False
32.6007 	EXP 	text_ans_quest_right: autoDraw = True
32.6007 	EXP 	text_ans_quest_left: autoDraw = True
33.3024 	EXP 	New trial (rep=0, index=4): {'ImageFile': 'img4.png', 'LabelText': 'СИЛЬВЕСТЕТТО-ДИЛЬВЕСТЕТТО', 'QuestionType': 'Перцептивный', 'QuestionText': 'Слово написано большими буквами?', 'CorrectAnswer_congr': 'right'}
33.3100 	DATA 	Keypress: right
33.3175 	EXP 	text_ans_quest_right: autoDraw = False
33.3175 	EXP 	text_ans_quest_left: autoDraw = False
33.3175 	EXP 	text: height = 0.05
33.3175 	EXP 	text: height = 0.05
33.3175 	EXP 	text: height = 0.05
33.3175 	EXP 	text: text = 'Слово написано большими буквами?'
33.3175 	EXP 	text: autoDraw = True
33.3175 	EXP 	text_2: autoDraw = True
34.4696 	DATA 	Keypress: space
34.4742 	EXP 	text: autoDraw = False
34.4742 	EXP 	text_2: autoDraw = False
34.4742 	EXP 	image_1: image = 'img4.png'
34.4742 	EXP 	text_label_1: height = 0.05
34.4742 	EXP 	text_label_1: height = 0.05
34.4742 	EXP 	text_label_1: height = 0.05
34.4742 	EXP 	text_label_1: text = 'СИЛЬВЕСТЕТТО-ДИЛЬВЕСТЕТТО'
34.4742 	EXP 	image_1: autoDraw = True
34.4742 	EXP 	text_label_1: autoDraw = True
36.9507 	EXP 	image_1: autoDraw = False
36.9507 	EXP 	text_label_1: autoDraw = False
36.9507 	EXP 	text_ans_quest_right: autoDraw = True
36.9507 	EXP 	text_ans_quest_left: autoDraw = True
37.5859 	EXP 	New trial (rep=0, index=5): {'ImageFile': 'img24.png', 'LabelText': 'ФАРИМОРА-САРИМОРА', 'QuestionType': 'Самоотнесенный', 'QuestionText': 'Ассоциируете ли Вы себя с этим словом?', 'CorrectAnswer_congr': 'right'}
37.5953 	DATA 	Keypress: right
37.6012 	EXP 	text_ans_quest_right: autoDraw = False
37.6012 	EXP 	text_ans_quest_left: autoDraw = False
37.6012 	EXP 	text: height = 0.05
37.6012 	EXP 	text: height = 0.05
37.6012 	EXP 	text: height = 0.05
37.6012 	EXP 	text: text = 'Ассоциируете ли Вы себя с этим словом?'
37.6012 	EXP 	text: autoDraw = True
37.6012 	EXP 	text_2: autoDraw = True
39.0726 	DATA 	Keypress: space
39.0778 	EXP 	text: autoDraw = False
39.0778 	EXP 	text_2: autoDraw = False
39.0778 	EXP 	image_1: image = 'img24.png'
39.0778 	EXP 	text_label_1: height = 0.05
39.0778 	EXP 	text_label_1: height = 0.05
39.0778 	EXP 	text_label_1: height = 0.05
39.0778 	EXP 	text_label_1: text = 'ФАРИМОРА-САРИМОРА'
39.0778 	EXP 	image_1: autoDraw = True
39.0778 	EXP 	text_label_1: autoDraw = True
41.5674 	EXP 	image_1: autoDraw = False
41.5674 	EXP 	text_label_1: autoDraw = False
41.5674 	EXP 	text_ans_quest_right: autoDraw = True
41.5674 	EXP 	text_ans_quest_left: autoDraw = True
42.3528 	EXP 	New trial (rep=0, index=6): {'ImageFile': 'img3.png', 'LabelText': 'бенедетто-фенедетто', 'QuestionType': 'Самоотнесенный', 'QuestionText': 'Ассоциируете ли Вы себя с этим словом?', 'CorrectAnswer_congr': 'right'}
42.3560 	DATA 	Keypress: right
42.3675 	EXP 	text_ans_quest_right: autoDraw = False
42.3675 	EXP 	text_ans_quest_left: autoDraw = False
42.3675 	EXP 	text: text = 'Ассоциируете ли Вы себя с этим словом?'
42.3675 	EXP 	text: autoDraw = True
42.3675 	EXP 	text_2: autoDraw = True
44.1089 	DATA 	Keypress: space
44.1142 	EXP 	text: autoDraw = False
44.1142 	EXP 	text_2: autoDraw = False
44.1142 	EXP 	image_1: image = 'img3.png'
44.1142 	EXP 	text_label_1: height = 0.05
44.1142 	EXP 	text_label_1: height = 0.05
44.1142 	EXP 	text_label_1: height = 0.05
44.1142 	EXP 	text_label_1: text = 'бенедетто-фенедетто'
44.1142 	EXP 	image_1: autoDraw = True
44.1142 	EXP 	text_label_1: autoDraw = True
46.6007 	EXP 	image_1: autoDraw = False
46.6007 	EXP 	text_label_1: autoDraw = False
46.6007 	EXP 	text_ans_quest_right: autoDraw = True
46.6007 	EXP 	text_ans_quest_left: autoDraw = True
47.5028 	EXP 	New trial (rep=0, index=7): {'ImageFile': 'img1.png', 'LabelText': 'валичино-саличино', 'QuestionType': 'Перцептивный', 'QuestionText': 'Слово написано большими буквами?', 'CorrectAnswer_congr': 'left'}
47.5103 	DATA 	Keypress: right
47.5174 	EXP 	text_ans_quest_right: autoDraw = False
47.5174 	EXP 	text_ans_quest_left: autoDraw = False
47.5174 	EXP 	text: height = 0.05
47.5174 	EXP 	text: height = 0.05
47.5174 	EXP 	text: height = 0.05
47.5174 	EXP 	text: text = 'Слово написано большими буквами?'
47.5174 	EXP 	text: autoDraw = True
47.5174 	EXP 	text_2: autoDraw = True
49.7584 	DATA 	Keypress: space
49.7636 	EXP 	text: autoDraw = False
49.7636 	EXP 	text_2: autoDraw = False
49.7636 	EXP 	image_1: image = 'img1.png'
49.7636 	EXP 	text_label_1: height = 0.05
49.7636 	EXP 	text_label_1: height = 0.05
49.7636 	EXP 	text_label_1: height = 0.05
49.7636 	EXP 	text_label_1: text = 'валичино-саличино'
49.7636 	EXP 	image_1: autoDraw = True
49.7636 	EXP 	text_label_1: autoDraw = True
51.8868 	DATA 	Keypress: right
52.2507 	EXP 	image_1: autoDraw = False
52.2507 	EXP 	text_label_1: autoDraw = False
52.2507 	EXP 	text_ans_quest_right: autoDraw = True
52.2507 	EXP 	text_ans_quest_left: autoDraw = True
52.7860 	EXP 	New trial (rep=0, index=8): {'ImageFile': 'img10.png', 'LabelText': 'ТАЛЕРОНЕ-КАРЕЛОНЕ', 'QuestionType': 'Перцептивный', 'QuestionText': 'Слово написано большими буквами?', 'CorrectAnswer_congr': 'right'}
52.7891 	DATA 	Keypress: right
52.8008 	EXP 	text_ans_quest_right: autoDraw = False
52.8008 	EXP 	text_ans_quest_left: autoDraw = False
52.8008 	EXP 	text: text = 'Слово написано большими буквами?'
52.8008 	EXP 	text: autoDraw = True
52.8008 	EXP 	text_2: autoDraw = True
54.4711 	DATA 	Keypress: space
54.5551 	EXP 	text: autoDraw = False
54.5551 	EXP 	text_2: autoDraw = False
54.5551 	EXP 	image_1: image = 'img10.png'
54.5551 	EXP 	text_label_1: height = 0.05
54.5551 	EXP 	text_label_1: height = 0.05
54.5551 	EXP 	text_label_1: height = 0.05
54.5551 	EXP 	text_label_1: text = 'ТАЛЕРОНЕ-КАРЕЛОНЕ'
54.5551 	EXP 	image_1: autoDraw = True
54.5551 	EXP 	text_label_1: autoDraw = True
57.0175 	EXP 	image_1: autoDraw = False
57.0175 	EXP 	text_label_1: autoDraw = False
57.0175 	EXP 	text_ans_quest_right: autoDraw = True
57.0175 	EXP 	text_ans_quest_left: autoDraw = True
57.7193 	EXP 	New trial (rep=0, index=9): {'ImageFile': 'img5.png', 'LabelText': 'ралентелло-палентелло', 'QuestionType': 'Фонологический', 'QuestionText': 'Слово рифмуется с "пейзажини"?', 'CorrectAnswer_congr': 'left'}
57.7271 	DATA 	Keypress: right
57.7341 	EXP 	text_ans_quest_right: autoDraw = False
57.7341 	EXP 	text_ans_quest_left: autoDraw = False
57.7341 	EXP 	text: height = 0.05
57.7341 	EXP 	text: height = 0.05
57.7341 	EXP 	text: height = 0.05
57.7341 	EXP 	text: text = 'Слово рифмуется с "пейзажини"?'
57.7341 	EXP 	text: autoDraw = True
57.7341 	EXP 	text_2: autoDraw = True
58.9602 	DATA 	Keypress: space
58.9658 	EXP 	text: autoDraw = False
58.9658 	EXP 	text_2: autoDraw = False
58.9658 	EXP 	image_1: image = 'img5.png'
58.9658 	EXP 	text_label_1: height = 0.05
58.9658 	EXP 	text_label_1: height = 0.05
58.9658 	EXP 	text_label_1: height = 0.05
58.9658 	EXP 	text_label_1: text = 'ралентелло-палентелло'
58.9658 	EXP 	image_1: autoDraw = True
58.9658 	EXP 	text_label_1: autoDraw = True
61.4507 	EXP 	image_1: autoDraw = False
61.4507 	EXP 	text_label_1: autoDraw = False
61.4507 	EXP 	text_ans_quest_right: autoDraw = True
61.4507 	EXP 	text_ans_quest_left: autoDraw = True
62.1360 	EXP 	New trial (rep=0, index=10): {'ImageFile': 'img11.png', 'LabelText': 'таривора-каривора', 'QuestionType': 'Фонологический', 'QuestionText': 'Слово рифмуется с "туманора"?', 'CorrectAnswer_congr': 'right'}
62.1439 	DATA 	Keypress: right
62.1511 	EXP 	text_ans_quest_right: autoDraw = False
62.1511 	EXP 	text_ans_quest_left: autoDraw = False
62.1511 	EXP 	text: height = 0.05
62.1511 	EXP 	text: height = 0.05
62.1511 	EXP 	text: height = 0.05
62.1511 	EXP 	text: text = 'Слово рифмуется с "туманора"?'
62.1511 	EXP 	text: autoDraw = True
62.1511 	EXP 	text_2: autoDraw = True
63.4290 	DATA 	Keypress: space
63.4344 	EXP 	text: autoDraw = False
63.4344 	EXP 	text_2: autoDraw = False
63.4344 	EXP 	image_1: image = 'img11.png'
63.4344 	EXP 	text_label_1: height = 0.05
63.4344 	EXP 	text_label_1: height = 0.05
63.4344 	EXP 	text_label_1: height = 0.05
63.4344 	EXP 	text_label_1: text = 'таривора-каривора'
63.4344 	EXP 	image_1: autoDraw = True
63.4344 	EXP 	text_label_1: autoDraw = True
65.3866 	DATA 	Keypress: right
65.9008 	EXP 	image_1: autoDraw = False
65.9008 	EXP 	text_label_1: autoDraw = False
65.9008 	EXP 	text_ans_quest_right: autoDraw = True
65.9008 	EXP 	text_ans_quest_left: autoDraw = True
66.4694 	EXP 	New trial (rep=0, index=11): {'ImageFile': 'img23.png', 'LabelText': 'ромасора-комасора', 'QuestionType': 'Фонологический', 'QuestionText': 'Слово рифмуется с "туманетто"?', 'CorrectAnswer_congr': 'left'}
66.4769 	DATA 	Keypress: right
66.4842 	EXP 	text_ans_quest_right: autoDraw = False
66.4842 	EXP 	text_ans_quest_left: autoDraw = False
66.4842 	EXP 	text: height = 0.05
66.4842 	EXP 	text: height = 0.05
66.4842 	EXP 	text: height = 0.05
66.4842 	EXP 	text: text = 'Слово рифмуется с "туманетто"?'
66.4842 	EXP 	text: autoDraw = True
66.4842 	EXP 	text_2: autoDraw = True
68.1544 	DATA 	Keypress: space
68.2144 	EXP 	text: autoDraw = False
68.2144 	EXP 	text_2: autoDraw = False
68.2144 	EXP 	image_1: image = 'img23.png'
68.2144 	EXP 	text_label_1: height = 0.05
68.2144 	EXP 	text_label_1: height = 0.05
68.2144 	EXP 	text_label_1: height = 0.05
68.2144 	EXP 	text_label_1: text = 'ромасора-комасора'
68.2144 	EXP 	image_1: autoDraw = True
68.2144 	EXP 	text_label_1: autoDraw = True
69.8700 	DATA 	Keypress: right
70.7008 	EXP 	image_1: autoDraw = False
70.7008 	EXP 	text_label_1: autoDraw = False
70.7008 	EXP 	text_ans_quest_right: autoDraw = True
70.7008 	EXP 	text_ans_quest_left: autoDraw = True
71.2212 	DATA 	Keypress: right
71.2364 	EXP 	New trial (rep=0, index=12): {'ImageFile': 'img13.png', 'LabelText': 'миралино-киралино', 'QuestionType': 'Перцептивный', 'QuestionText': 'Слово написано большими буквами?', 'CorrectAnswer_congr': 'left'}
71.2509 	EXP 	text_ans_quest_right: autoDraw = False
71.2509 	EXP 	text_ans_quest_left: autoDraw = False
71.2509 	EXP 	text: height = 0.05
71.2509 	EXP 	text: height = 0.05
71.2509 	EXP 	text: height = 0.05
71.2509 	EXP 	text: text = 'Слово написано большими буквами?'
71.2509 	EXP 	text: autoDraw = True
71.2509 	EXP 	text_2: autoDraw = True
73.5923 	DATA 	Keypress: space
73.5975 	EXP 	text: autoDraw = False
73.5975 	EXP 	text_2: autoDraw = False
73.5975 	EXP 	image_1: image = 'img13.png'
73.5975 	EXP 	text_label_1: height = 0.05
73.5975 	EXP 	text_label_1: height = 0.05
73.5975 	EXP 	text_label_1: height = 0.05
73.5975 	EXP 	text_label_1: text = 'миралино-киралино'
73.5975 	EXP 	image_1: autoDraw = True
73.5975 	EXP 	text_label_1: autoDraw = True
76.0678 	EXP 	image_1: autoDraw = False
76.0678 	EXP 	text_label_1: autoDraw = False
76.0678 	EXP 	text_ans_quest_right: autoDraw = True
76.0678 	EXP 	text_ans_quest_left: autoDraw = True
77.0694 	EXP 	New trial (rep=0, index=13): {'ImageFile': 'img16.png', 'LabelText': 'ТЕРАЛЕТТО-МЕРАЛЕТТО', 'QuestionType': 'Перцептивный', 'QuestionText': 'Слово написано большими буквами?', 'CorrectAnswer_congr': 'right'}
77.0725 	DATA 	Keypress: right
77.0841 	EXP 	text_ans_quest_right: autoDraw = False
77.0841 	EXP 	text_ans_quest_left: autoDraw = False
77.0841 	EXP 	text: text = 'Слово написано большими буквами?'
77.0841 	EXP 	text: autoDraw = True
77.0841 	EXP 	text_2: autoDraw = True
78.4198 	DATA 	Keypress: space
78.4252 	EXP 	text: autoDraw = False
78.4252 	EXP 	text_2: autoDraw = False
78.4252 	EXP 	image_1: image = 'img16.png'
78.4252 	EXP 	text_label_1: height = 0.05
78.4252 	EXP 	text_label_1: height = 0.05
78.4252 	EXP 	text_label_1: height = 0.05
78.4252 	EXP 	text_label_1: text = 'ТЕРАЛЕТТО-МЕРАЛЕТТО'
78.4252 	EXP 	image_1: autoDraw = True
78.4252 	EXP 	text_label_1: autoDraw = True
80.8842 	EXP 	image_1: autoDraw = False
80.8842 	EXP 	text_label_1: autoDraw = False
80.8842 	EXP 	text_ans_quest_right: autoDraw = True
80.8842 	EXP 	text_ans_quest_left: autoDraw = True
81.3712 	DATA 	Keypress: right
81.3858 	EXP 	New trial (rep=0, index=14): {'ImageFile': 'img12.png', 'LabelText': 'МАЛИВОРА-БАЛИВОРА', 'QuestionType': 'Самоотнесенный', 'QuestionText': 'Ассоциируете ли Вы себя с этим словом?', 'CorrectAnswer_congr': 'right'}
81.4009 	EXP 	text_ans_quest_right: autoDraw = False
81.4009 	EXP 	text_ans_quest_left: autoDraw = False
81.4009 	EXP 	text: height = 0.05
81.4009 	EXP 	text: height = 0.05
81.4009 	EXP 	text: height = 0.05
81.4009 	EXP 	text: text = 'Ассоциируете ли Вы себя с этим словом?'
81.4009 	EXP 	text: autoDraw = True
81.4009 	EXP 	text_2: autoDraw = True
82.4615 	DATA 	Keypress: space
82.4671 	EXP 	text: autoDraw = False
82.4671 	EXP 	text_2: autoDraw = False
82.4671 	EXP 	image_1: image = 'img12.png'
82.4671 	EXP 	text_label_1: height = 0.05
82.4671 	EXP 	text_label_1: height = 0.05
82.4671 	EXP 	text_label_1: height = 0.05
82.4671 	EXP 	text_label_1: text = 'МАЛИВОРА-БАЛИВОРА'
82.4671 	EXP 	image_1: autoDraw = True
82.4671 	EXP 	text_label_1: autoDraw = True
84.9508 	EXP 	image_1: autoDraw = False
84.9508 	EXP 	text_label_1: autoDraw = False
84.9508 	EXP 	text_ans_quest_right: autoDraw = True
84.9508 	EXP 	text_ans_quest_left: autoDraw = True
85.6377 	DATA 	Keypress: right
85.6525 	EXP 	New trial (rep=0, index=15): {'ImageFile': 'img19.png', 'LabelText': 'фарензитто-дарензитто', 'QuestionType': 'Перцептивный', 'QuestionText': 'Слово написано большими буквами?', 'CorrectAnswer_congr': 'left'}
85.6675 	EXP 	text_ans_quest_right: autoDraw = False
85.6675 	EXP 	text_ans_quest_left: autoDraw = False
85.6675 	EXP 	text: height = 0.05
85.6675 	EXP 	text: height = 0.05
85.6675 	EXP 	text: height = 0.05
85.6675 	EXP 	text: text = 'Слово написано большими буквами?'
85.6675 	EXP 	text: autoDraw = True
85.6675 	EXP 	text_2: autoDraw = True
86.7708 	DATA 	Keypress: space
86.7778 	EXP 	text: autoDraw = False
86.7778 	EXP 	text_2: autoDraw = False
86.7778 	EXP 	image_1: image = 'img19.png'
86.7778 	EXP 	text_label_1: height = 0.05
86.7778 	EXP 	text_label_1: height = 0.05
86.7778 	EXP 	text_label_1: height = 0.05
86.7778 	EXP 	text_label_1: text = 'фарензитто-дарензитто'
86.7778 	EXP 	image_1: autoDraw = True
86.7778 	EXP 	text_label_1: autoDraw = True
89.2676 	EXP 	image_1: autoDraw = False
89.2676 	EXP 	text_label_1: autoDraw = False
89.2676 	EXP 	text_ans_quest_right: autoDraw = True
89.2676 	EXP 	text_ans_quest_left: autoDraw = True
89.9027 	EXP 	New trial (rep=0, index=16): {'ImageFile': 'img21.png', 'LabelText': 'фалероне-далероне', 'QuestionType': 'Самоотнесенный', 'QuestionText': 'Ассоциируете ли Вы себя с этим словом?', 'CorrectAnswer_congr': 'right'}
89.9118 	DATA 	Keypress: right
89.9183 	EXP 	text_ans_quest_right: autoDraw = False
89.9183 	EXP 	text_ans_quest_left: autoDraw = False
89.9183 	EXP 	text: height = 0.05
89.9183 	EXP 	text: height = 0.05
89.9183 	EXP 	text: height = 0.05
89.9183 	EXP 	text: text = 'Ассоциируете ли Вы себя с этим словом?'
89.9183 	EXP 	text: autoDraw = True
89.9183 	EXP 	text_2: autoDraw = True
91.3431 	DATA 	Keypress: space
91.3492 	EXP 	text: autoDraw = False
91.3492 	EXP 	text_2: autoDraw = False
91.3492 	EXP 	image_1: image = 'img21.png'
91.3492 	EXP 	text_label_1: height = 0.05
91.3492 	EXP 	text_label_1: height = 0.05
91.3492 	EXP 	text_label_1: height = 0.05
91.3492 	EXP 	text_label_1: text = 'фалероне-далероне'
91.3492 	EXP 	image_1: autoDraw = True
91.3492 	EXP 	text_label_1: autoDraw = True
93.8341 	EXP 	image_1: autoDraw = False
93.8341 	EXP 	text_label_1: autoDraw = False
93.8341 	EXP 	text_ans_quest_right: autoDraw = True
93.8341 	EXP 	text_ans_quest_left: autoDraw = True
94.2027 	EXP 	New trial (rep=0, index=17): {'ImageFile': 'img17.png', 'LabelText': 'тераделло-мераделло', 'QuestionType': 'Фонологический', 'QuestionText': 'Слово рифмуется с "облакино"?', 'CorrectAnswer_congr': 'left'}
94.2105 	DATA 	Keypress: right
94.2177 	EXP 	text_ans_quest_right: autoDraw = False
94.2177 	EXP 	text_ans_quest_left: autoDraw = False
94.2177 	EXP 	text: height = 0.05
94.2177 	EXP 	text: height = 0.05
94.2177 	EXP 	text: height = 0.05
94.2177 	EXP 	text: text = 'Слово рифмуется с "облакино"?'
94.2177 	EXP 	text: autoDraw = True
94.2177 	EXP 	text_2: autoDraw = True
95.5214 	DATA 	Keypress: space
95.5817 	EXP 	text: autoDraw = False
95.5817 	EXP 	text_2: autoDraw = False
95.5817 	EXP 	image_1: image = 'img17.png'
95.5817 	EXP 	text_label_1: height = 0.05
95.5817 	EXP 	text_label_1: height = 0.05
95.5817 	EXP 	text_label_1: height = 0.05
95.5817 	EXP 	text_label_1: text = 'тераделло-мераделло'
95.5817 	EXP 	image_1: autoDraw = True
95.5817 	EXP 	text_label_1: autoDraw = True
98.0675 	EXP 	image_1: autoDraw = False
98.0675 	EXP 	text_label_1: autoDraw = False
98.0675 	EXP 	text_ans_quest_right: autoDraw = True
98.0675 	EXP 	text_ans_quest_left: autoDraw = True
98.4860 	EXP 	New trial (rep=0, index=18): {'ImageFile': 'img18.png', 'LabelText': 'СУРАНЕЛЛО-ЛУРАНЕЛЛО', 'QuestionType': 'Самоотнесенный', 'QuestionText': 'Ассоциируете ли Вы себя с этим словом?', 'CorrectAnswer_congr': 'right'}
98.4943 	DATA 	Keypress: right
98.5012 	EXP 	text_ans_quest_right: autoDraw = False
98.5012 	EXP 	text_ans_quest_left: autoDraw = False
98.5012 	EXP 	text: height = 0.05
98.5012 	EXP 	text: height = 0.05
98.5012 	EXP 	text: height = 0.05
98.5012 	EXP 	text: text = 'Ассоциируете ли Вы себя с этим словом?'
98.5012 	EXP 	text: autoDraw = True
98.5012 	EXP 	text_2: autoDraw = True
100.1571 	DATA 	Keypress: space
100.1619 	EXP 	text: autoDraw = False
100.1619 	EXP 	text_2: autoDraw = False
100.1619 	EXP 	image_1: image = 'img18.png'
100.1619 	EXP 	text_label_1: height = 0.05
100.1619 	EXP 	text_label_1: height = 0.05
100.1619 	EXP 	text_label_1: height = 0.05
100.1619 	EXP 	text_label_1: text = 'СУРАНЕЛЛО-ЛУРАНЕЛЛО'
100.1619 	EXP 	image_1: autoDraw = True
100.1619 	EXP 	text_label_1: autoDraw = True
102.6508 	EXP 	image_1: autoDraw = False
102.6508 	EXP 	text_label_1: autoDraw = False
102.6508 	EXP 	text_ans_quest_right: autoDraw = True
102.6508 	EXP 	text_ans_quest_left: autoDraw = True
103.3529 	EXP 	New trial (rep=0, index=19): {'ImageFile': 'img14.png', 'LabelText': 'БЕРЕНДИНО-ФЕРЕНДИНО', 'QuestionType': 'Фонологический', 'QuestionText': 'Слово рифмуется с "ветеритто"?', 'CorrectAnswer_congr': 'left'}
103.3606 	DATA 	Keypress: right
103.3678 	EXP 	text_ans_quest_right: autoDraw = False
103.3678 	EXP 	text_ans_quest_left: autoDraw = False
103.3678 	EXP 	text: height = 0.05
103.3678 	EXP 	text: height = 0.05
103.3678 	EXP 	text: height = 0.05
103.3678 	EXP 	text: text = 'Слово рифмуется с "ветеритто"?'
103.3678 	EXP 	text: autoDraw = True
103.3678 	EXP 	text_2: autoDraw = True
104.3837 	DATA 	Keypress: space
104.3891 	EXP 	text: autoDraw = False
104.3891 	EXP 	text_2: autoDraw = False
104.3891 	EXP 	image_1: image = 'img14.png'
104.3891 	EXP 	text_label_1: height = 0.05
104.3891 	EXP 	text_label_1: height = 0.05
104.3891 	EXP 	text_label_1: height = 0.05
104.3891 	EXP 	text_label_1: text = 'БЕРЕНДИНО-ФЕРЕНДИНО'
104.3891 	EXP 	image_1: autoDraw = True
104.3891 	EXP 	text_label_1: autoDraw = True
106.8842 	EXP 	image_1: autoDraw = False
106.8842 	EXP 	text_label_1: autoDraw = False
106.8842 	EXP 	text_ans_quest_right: autoDraw = True
106.8842 	EXP 	text_ans_quest_left: autoDraw = True
107.3692 	EXP 	New trial (rep=0, index=20): {'ImageFile': 'img20.png', 'LabelText': 'ВАЛЕКИТТО-МАЛЕКИТТО', 'QuestionType': 'Фонологический', 'QuestionText': 'Слово рифмуется с "пейзажитто"?', 'CorrectAnswer_congr': 'right'}
107.3771 	DATA 	Keypress: right
107.3844 	EXP 	text_ans_quest_right: autoDraw = False
107.3844 	EXP 	text_ans_quest_left: autoDraw = False
107.3844 	EXP 	text: height = 0.05
107.3844 	EXP 	text: height = 0.05
107.3844 	EXP 	text: height = 0.05
107.3844 	EXP 	text: text = 'Слово рифмуется с "пейзажитто"?'
107.3844 	EXP 	text: autoDraw = True
107.3844 	EXP 	text_2: autoDraw = True
108.3785 	DATA 	Keypress: space
108.3848 	EXP 	text: autoDraw = False
108.3848 	EXP 	text_2: autoDraw = False
108.3848 	EXP 	image_1: image = 'img20.png'
108.3848 	EXP 	text_label_1: height = 0.05
108.3848 	EXP 	text_label_1: height = 0.05
108.3848 	EXP 	text_label_1: height = 0.05
108.3848 	EXP 	text_label_1: text = 'ВАЛЕКИТТО-МАЛЕКИТТО'
108.3848 	EXP 	image_1: autoDraw = True
108.3848 	EXP 	text_label_1: autoDraw = True
110.8509 	EXP 	image_1: autoDraw = False
110.8509 	EXP 	text_label_1: autoDraw = False
110.8509 	EXP 	text_ans_quest_right: autoDraw = True
110.8509 	EXP 	text_ans_quest_left: autoDraw = True
111.4527 	EXP 	New trial (rep=0, index=21): {'ImageFile': 'img9.png', 'LabelText': 'маривоне-саривоне', 'QuestionType': 'Самоотнесенный', 'QuestionText': 'Ассоциируете ли Вы себя с этим словом?', 'CorrectAnswer_congr': 'right'}
111.4618 	DATA 	Keypress: right
111.4679 	EXP 	text_ans_quest_right: autoDraw = False
111.4679 	EXP 	text_ans_quest_left: autoDraw = False
111.4679 	EXP 	text: height = 0.05
111.4679 	EXP 	text: height = 0.05
111.4679 	EXP 	text: height = 0.05
111.4679 	EXP 	text: text = 'Ассоциируете ли Вы себя с этим словом?'
111.4679 	EXP 	text: autoDraw = True
111.4679 	EXP 	text_2: autoDraw = True
113.7636 	DATA 	Keypress: space
113.7695 	EXP 	text: autoDraw = False
113.7695 	EXP 	text_2: autoDraw = False
113.7695 	EXP 	image_1: image = 'img9.png'
113.7695 	EXP 	text_label_1: height = 0.05
113.7695 	EXP 	text_label_1: height = 0.05
113.7695 	EXP 	text_label_1: height = 0.05
113.7695 	EXP 	text_label_1: text = 'маривоне-саривоне'
113.7695 	EXP 	image_1: autoDraw = True
113.7695 	EXP 	text_label_1: autoDraw = True
116.2342 	EXP 	image_1: autoDraw = False
116.2342 	EXP 	text_label_1: autoDraw = False
116.2342 	EXP 	text_ans_quest_right: autoDraw = True
116.2342 	EXP 	text_ans_quest_left: autoDraw = True
116.9025 	EXP 	New trial (rep=0, index=22): {'ImageFile': 'img2.png', 'LabelText': 'ПАЛЕВИНО-ТАЛЕВИНО', 'QuestionType': 'Фонологический', 'QuestionText': 'Слово рифмуется с "облакино"?', 'CorrectAnswer_congr': 'right'}
116.9105 	DATA 	Keypress: right
116.9176 	EXP 	text_ans_quest_right: autoDraw = False
116.9176 	EXP 	text_ans_quest_left: autoDraw = False
116.9176 	EXP 	text: height = 0.05
116.9176 	EXP 	text: height = 0.05
116.9176 	EXP 	text: height = 0.05
116.9176 	EXP 	text: text = 'Слово рифмуется с "облакино"?'
116.9176 	EXP 	text: autoDraw = True
116.9176 	EXP 	text_2: autoDraw = True
118.3143 	DATA 	Keypress: space
118.3193 	EXP 	text: autoDraw = False
118.3193 	EXP 	text_2: autoDraw = False
118.3193 	EXP 	image_1: image = 'img2.png'
118.3193 	EXP 	text_label_1: height = 0.05
118.3193 	EXP 	text_label_1: height = 0.05
118.3193 	EXP 	text_label_1: height = 0.05
118.3193 	EXP 	text_label_1: text = 'ПАЛЕВИНО-ТАЛЕВИНО'
118.3193 	EXP 	image_1: autoDraw = True
118.3193 	EXP 	text_label_1: autoDraw = True
120.8174 	EXP 	image_1: autoDraw = False
120.8174 	EXP 	text_label_1: autoDraw = False
120.8174 	EXP 	text_ans_quest_right: autoDraw = True
120.8174 	EXP 	text_ans_quest_left: autoDraw = True
121.3528 	EXP 	New trial (rep=0, index=23): {'ImageFile': 'img7.png', 'LabelText': 'марилитто-сарилитто', 'QuestionType': 'Перцептивный', 'QuestionText': 'Слово написано большими буквами?', 'CorrectAnswer_congr': 'left'}
121.3607 	DATA 	Keypress: right
121.3677 	EXP 	text_ans_quest_right: autoDraw = False
121.3677 	EXP 	text_ans_quest_left: autoDraw = False
121.3677 	EXP 	text: height = 0.05
121.3677 	EXP 	text: height = 0.05
121.3677 	EXP 	text: height = 0.05
121.3677 	EXP 	text: text = 'Слово написано большими буквами?'
121.3677 	EXP 	text: autoDraw = True
121.3677 	EXP 	text_2: autoDraw = True
123.3231 	DATA 	Keypress: space
123.3287 	EXP 	text: autoDraw = False
123.3287 	EXP 	text_2: autoDraw = False
123.3287 	EXP 	image_1: image = 'img7.png'
123.3287 	EXP 	text_label_1: height = 0.05
123.3287 	EXP 	text_label_1: height = 0.05
123.3287 	EXP 	text_label_1: height = 0.05
123.3287 	EXP 	text_label_1: text = 'марилитто-сарилитто'
123.3287 	EXP 	image_1: autoDraw = True
123.3287 	EXP 	text_label_1: autoDraw = True
125.8176 	EXP 	image_1: autoDraw = False
125.8176 	EXP 	text_label_1: autoDraw = False
125.8176 	EXP 	text_ans_quest_right: autoDraw = True
125.8176 	EXP 	text_ans_quest_left: autoDraw = True
126.3259 	DATA 	Keypress: right
126.3344 	EXP 	text_ans_quest_right: autoDraw = False
126.3344 	EXP 	text_ans_quest_left: autoDraw = False
126.3344 	EXP 	text_3: autoDraw = True
132.4525 	EXP 	Imported all_incongr_stim_list.xlsx as conditions, 48 conditions, 3 params
132.4539 	EXP 	Created sequence: random, trialTypes=48, nReps=1, seed=None
132.4541 	EXP 	New trial (rep=0, index=0): {'ImageFile_All_list': 'img17.png', 'LabelText_all': 'тераделло-мераделло', 'True_Ans_all': 'right'}
132.4908 	DATA 	Keypress: space
132.4968 	EXP 	text_3: autoDraw = False
132.4968 	EXP 	image_2: image = 'img17.png'
132.4968 	EXP 	text_label_2: height = 0.05
132.4968 	EXP 	text_label_2: height = 0.05
132.4968 	EXP 	text_label_2: height = 0.05
132.4968 	EXP 	text_label_2: text = 'тераделло-мераделло'
132.4968 	EXP 	image_2: autoDraw = True
132.4968 	EXP 	text_label_2: autoDraw = True
132.4968 	EXP 	text_instr_3: autoDraw = True
135.3529 	EXP 	New trial (rep=0, index=1): {'ImageFile_All_list': 'img43.png', 'LabelText_all': 'симаритто-римаритто', 'True_Ans_all': 'left'}
135.4025 	DATA 	Keypress: right
135.4081 	EXP 	image_2: autoDraw = False
135.4081 	EXP 	text_label_2: autoDraw = False
135.4081 	EXP 	text_instr_3: autoDraw = False
135.4081 	EXP 	image_2: image = 'img43.png'
135.4081 	EXP 	text_label_2: height = 0.05
135.4081 	EXP 	text_label_2: height = 0.05
135.4081 	EXP 	text_label_2: height = 0.05
135.4081 	EXP 	text_label_2: text = 'симаритто-римаритто'
135.4081 	EXP 	image_2: autoDraw = True
135.4081 	EXP 	text_label_2: autoDraw = True
135.4081 	EXP 	text_instr_3: autoDraw = True
136.5863 	EXP 	New trial (rep=0, index=2): {'ImageFile_All_list': 'img39.png', 'LabelText_all': 'гередетто-баридетто', 'True_Ans_all': 'left'}
136.6290 	DATA 	Keypress: right
136.6346 	EXP 	image_2: autoDraw = False
136.6346 	EXP 	text_label_2: autoDraw = False
136.6346 	EXP 	text_instr_3: autoDraw = False
136.6346 	EXP 	image_2: image = 'img39.png'
136.6346 	EXP 	text_label_2: height = 0.05
136.6346 	EXP 	text_label_2: height = 0.05
136.6346 	EXP 	text_label_2: height = 0.05
136.6346 	EXP 	text_label_2: text = 'гередетто-баридетто'
136.6346 	EXP 	image_2: autoDraw = True
136.6346 	EXP 	text_label_2: autoDraw = True
136.6346 	EXP 	text_instr_3: autoDraw = True
137.8192 	EXP 	New trial (rep=0, index=3): {'ImageFile_All_list': 'img7.png', 'LabelText_all': 'марилитто-сарилитто', 'True_Ans_all': 'right'}
137.8475 	DATA 	Keypress: right
137.8521 	EXP 	image_2: autoDraw = False
137.8521 	EXP 	text_label_2: autoDraw = False
137.8521 	EXP 	text_instr_3: autoDraw = False
137.8521 	EXP 	image_2: image = 'img7.png'
137.8521 	EXP 	text_label_2: height = 0.05
137.8521 	EXP 	text_label_2: height = 0.05
137.8521 	EXP 	text_label_2: height = 0.05
137.8521 	EXP 	text_label_2: text = 'марилитто-сарилитто'
137.8521 	EXP 	image_2: autoDraw = True
137.8521 	EXP 	text_label_2: autoDraw = True
137.8521 	EXP 	text_instr_3: autoDraw = True
138.7049 	DATA 	Keypress: right
138.7192 	EXP 	New trial (rep=0, index=4): {'ImageFile_All_list': 'img21.png', 'LabelText_all': 'фалероне-далероне', 'True_Ans_all': 'right'}
138.7513 	EXP 	image_2: autoDraw = False
138.7513 	EXP 	text_label_2: autoDraw = False
138.7513 	EXP 	text_instr_3: autoDraw = False
138.7513 	EXP 	image_2: image = 'img21.png'
138.7513 	EXP 	text_label_2: height = 0.05
138.7513 	EXP 	text_label_2: height = 0.05
138.7513 	EXP 	text_label_2: height = 0.05
138.7513 	EXP 	text_label_2: text = 'фалероне-далероне'
138.7513 	EXP 	image_2: autoDraw = True
138.7513 	EXP 	text_label_2: autoDraw = True
138.7513 	EXP 	text_instr_3: autoDraw = True
139.7028 	EXP 	New trial (rep=0, index=5): {'ImageFile_All_list': 'img46.png', 'LabelText_all': 'КАЛЕРОНЕ-ВАЛЕРОНЕ', 'True_Ans_all': 'left'}
139.7410 	DATA 	Keypress: right
139.7466 	EXP 	image_2: autoDraw = False
139.7466 	EXP 	text_label_2: autoDraw = False
139.7466 	EXP 	text_instr_3: autoDraw = False
139.7466 	EXP 	image_2: image = 'img46.png'
139.7466 	EXP 	text_label_2: height = 0.05
139.7466 	EXP 	text_label_2: height = 0.05
139.7466 	EXP 	text_label_2: height = 0.05
139.7466 	EXP 	text_label_2: text = 'КАЛЕРОНЕ-ВАЛЕРОНЕ'
139.7466 	EXP 	image_2: autoDraw = True
139.7466 	EXP 	text_label_2: autoDraw = True
139.7466 	EXP 	text_instr_3: autoDraw = True
140.7359 	EXP 	New trial (rep=0, index=6): {'ImageFile_All_list': 'img36.png', 'LabelText_all': 'ДАРИМОРА-ПАРИМОРА', 'True_Ans_all': 'left'}
140.7831 	DATA 	Keypress: right
140.7888 	EXP 	image_2: autoDraw = False
140.7888 	EXP 	text_label_2: autoDraw = False
140.7888 	EXP 	text_instr_3: autoDraw = False
140.7888 	EXP 	image_2: image = 'img36.png'
140.7888 	EXP 	text_label_2: height = 0.05
140.7888 	EXP 	text_label_2: height = 0.05
140.7888 	EXP 	text_label_2: height = 0.05
140.7888 	EXP 	text_label_2: text = 'ДАРИМОРА-ПАРИМОРА'
140.7888 	EXP 	image_2: autoDraw = True
140.7888 	EXP 	text_label_2: autoDraw = True
140.7888 	EXP 	text_instr_3: autoDraw = True
141.6029 	EXP 	New trial (rep=0, index=7): {'ImageFile_All_list': 'img23.png', 'LabelText_all': 'ромасора-комасора', 'True_Ans_all': 'right'}
141.6301 	DATA 	Keypress: right
141.6360 	EXP 	image_2: autoDraw = False
141.6360 	EXP 	text_label_2: autoDraw = False
141.6360 	EXP 	text_instr_3: autoDraw = False
141.6360 	EXP 	image_2: image = 'img23.png'
141.6360 	EXP 	text_label_2: height = 0.05
141.6360 	EXP 	text_label_2: height = 0.05
141.6360 	EXP 	text_label_2: height = 0.05
141.6360 	EXP 	text_label_2: text = 'ромасора-комасора'
141.6360 	EXP 	image_2: autoDraw = True
141.6360 	EXP 	text_label_2: autoDraw = True
141.6360 	EXP 	text_instr_3: autoDraw = True
142.5859 	EXP 	New trial (rep=0, index=8): {'ImageFile_All_list': 'img6.png', 'LabelText_all': 'КАРОФЕЛЛО-МАРОФЕЛЛО', 'True_Ans_all': 'right'}
142.6145 	DATA 	Keypress: right
142.6203 	EXP 	image_2: autoDraw = False
142.6203 	EXP 	text_label_2: autoDraw = False
142.6203 	EXP 	text_instr_3: autoDraw = False
142.6203 	EXP 	image_2: image = 'img6.png'
142.6203 	EXP 	text_label_2: height = 0.05
142.6203 	EXP 	text_label_2: height = 0.05
142.6203 	EXP 	text_label_2: height = 0.05
142.6203 	EXP 	text_label_2: text = 'КАРОФЕЛЛО-МАРОФЕЛЛО'
142.6203 	EXP 	image_2: autoDraw = True
142.6203 	EXP 	text_label_2: autoDraw = True
142.6203 	EXP 	text_instr_3: autoDraw = True
143.4861 	EXP 	New trial (rep=0, index=9): {'ImageFile_All_list': 'img19.png', 'LabelText_all': 'фарензитто-дарензитто', 'True_Ans_all': 'right'}
143.5135 	DATA 	Keypress: right
143.5187 	EXP 	image_2: autoDraw = False
143.5187 	EXP 	text_label_2: autoDraw = False
143.5187 	EXP 	text_instr_3: autoDraw = False
143.5187 	EXP 	image_2: image = 'img19.png'
143.5187 	EXP 	text_label_2: height = 0.05
143.5187 	EXP 	text_label_2: height = 0.05
143.5187 	EXP 	text_label_2: height = 0.05
143.5187 	EXP 	text_label_2: text = 'фарензитто-дарензитто'
143.5187 	EXP 	image_2: autoDraw = True
143.5187 	EXP 	text_label_2: autoDraw = True
143.5187 	EXP 	text_instr_3: autoDraw = True
144.4527 	EXP 	New trial (rep=0, index=10): {'ImageFile_All_list': 'img22.png', 'LabelText_all': 'ВАЛЕНОНЕ-МАЛЕНОНЕ', 'True_Ans_all': 'right'}
144.4769 	DATA 	Keypress: right
144.4827 	EXP 	image_2: autoDraw = False
144.4827 	EXP 	text_label_2: autoDraw = False
144.4827 	EXP 	text_instr_3: autoDraw = False
144.4827 	EXP 	image_2: image = 'img22.png'
144.4827 	EXP 	text_label_2: height = 0.05
144.4827 	EXP 	text_label_2: height = 0.05
144.4827 	EXP 	text_label_2: height = 0.05
144.4827 	EXP 	text_label_2: text = 'ВАЛЕНОНЕ-МАЛЕНОНЕ'
144.4827 	EXP 	image_2: autoDraw = True
144.4827 	EXP 	text_label_2: autoDraw = True
144.4827 	EXP 	text_instr_3: autoDraw = True
145.3530 	EXP 	New trial (rep=0, index=11): {'ImageFile_All_list': 'img13.png', 'LabelText_all': 'миралино-киралино', 'True_Ans_all': 'right'}
145.4009 	DATA 	Keypress: right
145.4077 	EXP 	image_2: autoDraw = False
145.4077 	EXP 	text_label_2: autoDraw = False
145.4077 	EXP 	text_instr_3: autoDraw = False
145.4077 	EXP 	image_2: image = 'img13.png'
145.4077 	EXP 	text_label_2: height = 0.05
145.4077 	EXP 	text_label_2: height = 0.05
145.4077 	EXP 	text_label_2: height = 0.05
145.4077 	EXP 	text_label_2: text = 'миралино-киралино'
145.4077 	EXP 	image_2: autoDraw = True
145.4077 	EXP 	text_label_2: autoDraw = True
145.4077 	EXP 	text_instr_3: autoDraw = True
146.2361 	EXP 	New trial (rep=0, index=12): {'ImageFile_All_list': 'img14.png', 'LabelText_all': 'БЕРЕНДИНО-ФЕРЕНДИНО', 'True_Ans_all': 'right'}
146.2595 	DATA 	Keypress: right
146.2668 	EXP 	image_2: autoDraw = False
146.2668 	EXP 	text_label_2: autoDraw = False
146.2668 	EXP 	text_instr_3: autoDraw = False
146.2668 	EXP 	image_2: image = 'img14.png'
146.2668 	EXP 	text_label_2: height = 0.05
146.2668 	EXP 	text_label_2: height = 0.05
146.2668 	EXP 	text_label_2: height = 0.05
146.2668 	EXP 	text_label_2: text = 'БЕРЕНДИНО-ФЕРЕНДИНО'
146.2668 	EXP 	image_2: autoDraw = True
146.2668 	EXP 	text_label_2: autoDraw = True
146.2668 	EXP 	text_instr_3: autoDraw = True
147.2694 	EXP 	New trial (rep=0, index=13): {'ImageFile_All_list': 'img37.png', 'LabelText_all': 'фелентино-мелентино', 'True_Ans_all': 'left'}
147.3123 	DATA 	Keypress: right
147.3189 	EXP 	image_2: autoDraw = False
147.3189 	EXP 	text_label_2: autoDraw = False
147.3189 	EXP 	text_instr_3: autoDraw = False
147.3189 	EXP 	image_2: image = 'img37.png'
147.3189 	EXP 	text_label_2: height = 0.05
147.3189 	EXP 	text_label_2: height = 0.05
147.3189 	EXP 	text_label_2: height = 0.05
147.3189 	EXP 	text_label_2: text = 'фелентино-мелентино'
147.3189 	EXP 	image_2: autoDraw = True
147.3189 	EXP 	text_label_2: autoDraw = True
147.3189 	EXP 	text_instr_3: autoDraw = True
148.2860 	EXP 	New trial (rep=0, index=14): {'ImageFile_All_list': 'img29.png', 'LabelText_all': 'палеттелло-талеттело', 'True_Ans_all': 'left'}
148.3249 	DATA 	Keypress: right
148.3320 	EXP 	image_2: autoDraw = False
148.3320 	EXP 	text_label_2: autoDraw = False
148.3320 	EXP 	text_instr_3: autoDraw = False
148.3320 	EXP 	image_2: image = 'img29.png'
148.3320 	EXP 	text_label_2: height = 0.05
148.3320 	EXP 	text_label_2: height = 0.05
148.3320 	EXP 	text_label_2: height = 0.05
148.3320 	EXP 	text_label_2: text = 'палеттелло-талеттело'
148.3320 	EXP 	image_2: autoDraw = True
148.3320 	EXP 	text_label_2: autoDraw = True
148.3320 	EXP 	text_instr_3: autoDraw = True
149.2860 	EXP 	New trial (rep=0, index=15): {'ImageFile_All_list': 'img15.png', 'LabelText_all': 'кареттето-мареттето', 'True_Ans_all': 'right'}
149.3122 	DATA 	Keypress: right
149.3184 	EXP 	image_2: autoDraw = False
149.3184 	EXP 	text_label_2: autoDraw = False
149.3184 	EXP 	text_instr_3: autoDraw = False
149.3184 	EXP 	image_2: image = 'img15.png'
149.3184 	EXP 	text_label_2: height = 0.05
149.3184 	EXP 	text_label_2: height = 0.05
149.3184 	EXP 	text_label_2: height = 0.05
149.3184 	EXP 	text_label_2: text = 'кареттето-мареттето'
149.3184 	EXP 	image_2: autoDraw = True
149.3184 	EXP 	text_label_2: autoDraw = True
149.3184 	EXP 	text_instr_3: autoDraw = True
150.2383 	DATA 	Keypress: right
150.2526 	EXP 	New trial (rep=0, index=16): {'ImageFile_All_list': 'img11.png', 'LabelText_all': 'таривора-каривора', 'True_Ans_all': 'right'}
150.3024 	EXP 	image_2: autoDraw = False
150.3024 	EXP 	text_label_2: autoDraw = False
150.3024 	EXP 	text_instr_3: autoDraw = False
150.3024 	EXP 	image_2: image = 'img11.png'
150.3024 	EXP 	text_label_2: height = 0.05
150.3024 	EXP 	text_label_2: height = 0.05
150.3024 	EXP 	text_label_2: height = 0.05
150.3024 	EXP 	text_label_2: text = 'таривора-каривора'
150.3024 	EXP 	image_2: autoDraw = True
150.3024 	EXP 	text_label_2: autoDraw = True
150.3024 	EXP 	text_instr_3: autoDraw = True
151.2026 	EXP 	New trial (rep=0, index=17): {'ImageFile_All_list': 'img38.png', 'LabelText_all': 'ЛАРИЧИНО-МАРИЧИНО', 'True_Ans_all': 'left'}
151.2433 	DATA 	Keypress: right
151.2482 	EXP 	image_2: autoDraw = False
151.2482 	EXP 	text_label_2: autoDraw = False
151.2482 	EXP 	text_instr_3: autoDraw = False
151.2482 	EXP 	image_2: image = 'img38.png'
151.2482 	EXP 	text_label_2: height = 0.05
151.2482 	EXP 	text_label_2: height = 0.05
151.2482 	EXP 	text_label_2: height = 0.05
151.2482 	EXP 	text_label_2: text = 'ЛАРИЧИНО-МАРИЧИНО'
151.2482 	EXP 	image_2: autoDraw = True
151.2482 	EXP 	text_label_2: autoDraw = True
151.2482 	EXP 	text_instr_3: autoDraw = True
152.2194 	EXP 	New trial (rep=0, index=18): {'ImageFile_All_list': 'img44.png', 'LabelText_all': 'КАЛЕМИТТО-РАМЕЛИТТО', 'True_Ans_all': 'left'}
152.2621 	DATA 	Keypress: right
152.2685 	EXP 	image_2: autoDraw = False
152.2685 	EXP 	text_label_2: autoDraw = False
152.2685 	EXP 	text_instr_3: autoDraw = False
152.2685 	EXP 	image_2: image = 'img44.png'
152.2685 	EXP 	text_label_2: height = 0.05
152.2685 	EXP 	text_label_2: height = 0.05
152.2685 	EXP 	text_label_2: height = 0.05
152.2685 	EXP 	text_label_2: text = 'КАЛЕМИТТО-РАМЕЛИТТО'
152.2685 	EXP 	image_2: autoDraw = True
152.2685 	EXP 	text_label_2: autoDraw = True
152.2685 	EXP 	text_instr_3: autoDraw = True
153.1549 	DATA 	Keypress: right
153.1692 	EXP 	New trial (rep=0, index=19): {'ImageFile_All_list': 'img25.png', 'LabelText_all': 'ромалино-комалино', 'True_Ans_all': 'left'}
153.2160 	EXP 	image_2: autoDraw = False
153.2160 	EXP 	text_label_2: autoDraw = False
153.2160 	EXP 	text_instr_3: autoDraw = False
153.2160 	EXP 	image_2: image = 'img25.png'
153.2160 	EXP 	text_label_2: height = 0.05
153.2160 	EXP 	text_label_2: height = 0.05
153.2160 	EXP 	text_label_2: height = 0.05
153.2160 	EXP 	text_label_2: text = 'ромалино-комалино'
153.2160 	EXP 	image_2: autoDraw = True
153.2160 	EXP 	text_label_2: autoDraw = True
153.2160 	EXP 	text_instr_3: autoDraw = True
154.1194 	EXP 	New trial (rep=0, index=20): {'ImageFile_All_list': 'img5.png', 'LabelText_all': 'ралентелло-палентелло', 'True_Ans_all': 'right'}
154.1456 	DATA 	Keypress: right
154.1511 	EXP 	image_2: autoDraw = False
154.1511 	EXP 	text_label_2: autoDraw = False
154.1511 	EXP 	text_instr_3: autoDraw = False
154.1511 	EXP 	image_2: image = 'img5.png'
154.1511 	EXP 	text_label_2: height = 0.05
154.1511 	EXP 	text_label_2: height = 0.05
154.1511 	EXP 	text_label_2: height = 0.05
154.1511 	EXP 	text_label_2: text = 'ралентелло-палентелло'
154.1511 	EXP 	image_2: autoDraw = True
154.1511 	EXP 	text_label_2: autoDraw = True
154.1511 	EXP 	text_instr_3: autoDraw = True
155.0196 	EXP 	New trial (rep=0, index=21): {'ImageFile_All_list': 'img10.png', 'LabelText_all': 'ТАЛЕРОНЕ-КАРЕЛОНЕ', 'True_Ans_all': 'right'}
155.0589 	DATA 	Keypress: right
155.0643 	EXP 	image_2: autoDraw = False
155.0643 	EXP 	text_label_2: autoDraw = False
155.0643 	EXP 	text_instr_3: autoDraw = False
155.0643 	EXP 	image_2: image = 'img10.png'
155.0643 	EXP 	text_label_2: height = 0.05
155.0643 	EXP 	text_label_2: height = 0.05
155.0643 	EXP 	text_label_2: height = 0.05
155.0643 	EXP 	text_label_2: text = 'ТАЛЕРОНЕ-КАРЕЛОНЕ'
155.0643 	EXP 	image_2: autoDraw = True
155.0643 	EXP 	text_label_2: autoDraw = True
155.0643 	EXP 	text_instr_3: autoDraw = True
155.8025 	EXP 	New trial (rep=0, index=22): {'ImageFile_All_list': 'img35.png', 'LabelText_all': 'ларимвора-маривора', 'True_Ans_all': 'left'}
155.8452 	DATA 	Keypress: right
155.8511 	EXP 	image_2: autoDraw = False
155.8511 	EXP 	text_label_2: autoDraw = False
155.8511 	EXP 	text_instr_3: autoDraw = False
155.8511 	EXP 	image_2: image = 'img35.png'
155.8511 	EXP 	text_label_2: height = 0.05
155.8511 	EXP 	text_label_2: height = 0.05
155.8511 	EXP 	text_label_2: height = 0.05
155.8511 	EXP 	text_label_2: text = 'ларимвора-маривора'
155.8511 	EXP 	image_2: autoDraw = True
155.8511 	EXP 	text_label_2: autoDraw = True
155.8511 	EXP 	text_instr_3: autoDraw = True
156.8027 	EXP 	New trial (rep=0, index=23): {'ImageFile_All_list': 'img12.png', 'LabelText_all': 'МАЛИВОРА-БАЛИВОРА', 'True_Ans_all': 'right'}
156.8312 	DATA 	Keypress: right
156.8369 	EXP 	image_2: autoDraw = False
156.8369 	EXP 	text_label_2: autoDraw = False
156.8369 	EXP 	text_instr_3: autoDraw = False
156.8369 	EXP 	image_2: image = 'img12.png'
156.8369 	EXP 	text_label_2: height = 0.05
156.8369 	EXP 	text_label_2: height = 0.05
156.8369 	EXP 	text_label_2: height = 0.05
156.8369 	EXP 	text_label_2: text = 'МАЛИВОРА-БАЛИВОРА'
156.8369 	EXP 	image_2: autoDraw = True
156.8369 	EXP 	text_label_2: autoDraw = True
156.8369 	EXP 	text_instr_3: autoDraw = True
157.8198 	EXP 	New trial (rep=0, index=24): {'ImageFile_All_list': 'img4.png', 'LabelText_all': 'СИЛЬВЕСТЕТТО-ДИЛЬВЕСТЕТТО', 'True_Ans_all': 'right'}
157.8414 	DATA 	Keypress: right
157.8486 	EXP 	image_2: autoDraw = False
157.8486 	EXP 	text_label_2: autoDraw = False
157.8486 	EXP 	text_instr_3: autoDraw = False
157.8486 	EXP 	image_2: image = 'img4.png'
157.8486 	EXP 	text_label_2: height = 0.05
157.8486 	EXP 	text_label_2: height = 0.05
157.8486 	EXP 	text_label_2: height = 0.05
157.8486 	EXP 	text_label_2: text = 'СИЛЬВЕСТЕТТО-ДИЛЬВЕСТЕТТО'
157.8486 	EXP 	image_2: autoDraw = True
157.8486 	EXP 	text_label_2: autoDraw = True
157.8486 	EXP 	text_instr_3: autoDraw = True
158.6213 	DATA 	Keypress: right
158.6360 	EXP 	New trial (rep=0, index=25): {'ImageFile_All_list': 'img48.png', 'LabelText_all': 'БАРИЛОРА-ПАЛИЛОРА', 'True_Ans_all': 'left'}
158.6830 	EXP 	image_2: autoDraw = False
158.6830 	EXP 	text_label_2: autoDraw = False
158.6830 	EXP 	text_instr_3: autoDraw = False
158.6830 	EXP 	image_2: image = 'img48.png'
158.6830 	EXP 	text_label_2: height = 0.05
158.6830 	EXP 	text_label_2: height = 0.05
158.6830 	EXP 	text_label_2: height = 0.05
158.6830 	EXP 	text_label_2: text = 'БАРИЛОРА-ПАЛИЛОРА'
158.6830 	EXP 	image_2: autoDraw = True
158.6830 	EXP 	text_label_2: autoDraw = True
158.6830 	EXP 	text_instr_3: autoDraw = True
159.4695 	EXP 	New trial (rep=0, index=26): {'ImageFile_All_list': 'img33.png', 'LabelText_all': 'гамароне-памороне', 'True_Ans_all': 'left'}
159.5087 	DATA 	Keypress: right
159.5141 	EXP 	image_2: autoDraw = False
159.5141 	EXP 	text_label_2: autoDraw = False
159.5141 	EXP 	text_instr_3: autoDraw = False
159.5141 	EXP 	image_2: image = 'img33.png'
159.5141 	EXP 	text_label_2: height = 0.05
159.5141 	EXP 	text_label_2: height = 0.05
159.5141 	EXP 	text_label_2: height = 0.05
159.5141 	EXP 	text_label_2: text = 'гамароне-памороне'
159.5141 	EXP 	image_2: autoDraw = True
159.5141 	EXP 	text_label_2: autoDraw = True
159.5141 	EXP 	text_instr_3: autoDraw = True
160.8528 	EXP 	New trial (rep=0, index=27): {'ImageFile_All_list': 'img45.png', 'LabelText_all': 'лоремоне-форемоне', 'True_Ans_all': 'left'}
160.8922 	DATA 	Keypress: right
160.8994 	EXP 	image_2: autoDraw = False
160.8994 	EXP 	text_label_2: autoDraw = False
160.8994 	EXP 	text_instr_3: autoDraw = False
160.8994 	EXP 	image_2: image = 'img45.png'
160.8994 	EXP 	text_label_2: height = 0.05
160.8994 	EXP 	text_label_2: height = 0.05
160.8994 	EXP 	text_label_2: height = 0.05
160.8994 	EXP 	text_label_2: text = 'лоремоне-форемоне'
160.8994 	EXP 	image_2: autoDraw = True
160.8994 	EXP 	text_label_2: autoDraw = True
160.8994 	EXP 	text_instr_3: autoDraw = True
161.7194 	EXP 	New trial (rep=0, index=28): {'ImageFile_All_list': 'img8.png', 'LabelText_all': 'ТАРЕМАТТО-КАРЕМАТТО', 'True_Ans_all': 'right'}
161.7422 	DATA 	Keypress: right
161.7470 	EXP 	image_2: autoDraw = False
161.7470 	EXP 	text_label_2: autoDraw = False
161.7470 	EXP 	text_instr_3: autoDraw = False
161.7470 	EXP 	image_2: image = 'img8.png'
161.7470 	EXP 	text_label_2: height = 0.05
161.7470 	EXP 	text_label_2: height = 0.05
161.7470 	EXP 	text_label_2: height = 0.05
161.7470 	EXP 	text_label_2: text = 'ТАРЕМАТТО-КАРЕМАТТО'
161.7470 	EXP 	image_2: autoDraw = True
161.7470 	EXP 	text_label_2: autoDraw = True
161.7470 	EXP 	text_instr_3: autoDraw = True
162.4862 	EXP 	New trial (rep=0, index=29): {'ImageFile_All_list': 'img47.png', 'LabelText_all': 'телевора-малевора', 'True_Ans_all': 'left'}
162.5289 	DATA 	Keypress: right
162.5352 	EXP 	image_2: autoDraw = False
162.5352 	EXP 	text_label_2: autoDraw = False
162.5352 	EXP 	text_instr_3: autoDraw = False
162.5352 	EXP 	image_2: image = 'img47.png'
162.5352 	EXP 	text_label_2: height = 0.05
162.5352 	EXP 	text_label_2: height = 0.05
162.5352 	EXP 	text_label_2: height = 0.05
162.5352 	EXP 	text_label_2: text = 'телевора-малевора'
162.5352 	EXP 	image_2: autoDraw = True
162.5352 	EXP 	text_label_2: autoDraw = True
162.5352 	EXP 	text_instr_3: autoDraw = True
163.2527 	EXP 	New trial (rep=0, index=30): {'ImageFile_All_list': 'img1.png', 'LabelText_all': 'валичино-саличино', 'True_Ans_all': 'right'}
163.2782 	DATA 	Keypress: right
163.2852 	EXP 	image_2: autoDraw = False
163.2852 	EXP 	text_label_2: autoDraw = False
163.2852 	EXP 	text_instr_3: autoDraw = False
163.2852 	EXP 	image_2: image = 'img1.png'
163.2852 	EXP 	text_label_2: height = 0.05
163.2852 	EXP 	text_label_2: height = 0.05
163.2852 	EXP 	text_label_2: height = 0.05
163.2852 	EXP 	text_label_2: text = 'валичино-саличино'
163.2852 	EXP 	image_2: autoDraw = True
163.2852 	EXP 	text_label_2: autoDraw = True
163.2852 	EXP 	text_instr_3: autoDraw = True
163.9694 	EXP 	New trial (rep=0, index=31): {'ImageFile_All_list': 'img16.png', 'LabelText_all': 'ТЕРАЛЕТТО-МЕРАЛЕТТО', 'True_Ans_all': 'right'}
164.0111 	DATA 	Keypress: right
164.0174 	EXP 	image_2: autoDraw = False
164.0174 	EXP 	text_label_2: autoDraw = False
164.0174 	EXP 	text_instr_3: autoDraw = False
164.0174 	EXP 	image_2: image = 'img16.png'
164.0174 	EXP 	text_label_2: height = 0.05
164.0174 	EXP 	text_label_2: height = 0.05
164.0174 	EXP 	text_label_2: height = 0.05
164.0174 	EXP 	text_label_2: text = 'ТЕРАЛЕТТО-МЕРАЛЕТТО'
164.0174 	EXP 	image_2: autoDraw = True
164.0174 	EXP 	text_label_2: autoDraw = True
164.0174 	EXP 	text_instr_3: autoDraw = True
164.8361 	EXP 	New trial (rep=0, index=32): {'ImageFile_All_list': 'img40.png', 'LabelText_all': 'ГЕРОТЕТТО-ЛЕРОТЕТТО', 'True_Ans_all': 'left'}
164.8817 	DATA 	Keypress: right
164.8872 	EXP 	image_2: autoDraw = False
164.8872 	EXP 	text_label_2: autoDraw = False
164.8872 	EXP 	text_instr_3: autoDraw = False
164.8872 	EXP 	image_2: image = 'img40.png'
164.8872 	EXP 	text_label_2: height = 0.05
164.8872 	EXP 	text_label_2: height = 0.05
164.8872 	EXP 	text_label_2: height = 0.05
164.8872 	EXP 	text_label_2: text = 'ГЕРОТЕТТО-ЛЕРОТЕТТО'
164.8872 	EXP 	image_2: autoDraw = True
164.8872 	EXP 	text_label_2: autoDraw = True
164.8872 	EXP 	text_instr_3: autoDraw = True
165.7860 	EXP 	New trial (rep=0, index=33): {'ImageFile_All_list': 'img34.png', 'LabelText_all': 'СИМАДОНЕ-РИМАДОНЕ', 'True_Ans_all': 'left'}
165.8271 	DATA 	Keypress: right
165.8328 	EXP 	image_2: autoDraw = False
165.8328 	EXP 	text_label_2: autoDraw = False
165.8328 	EXP 	text_instr_3: autoDraw = False
165.8328 	EXP 	image_2: image = 'img34.png'
165.8328 	EXP 	text_label_2: height = 0.05
165.8328 	EXP 	text_label_2: height = 0.05
165.8328 	EXP 	text_label_2: height = 0.05
165.8328 	EXP 	text_label_2: text = 'СИМАДОНЕ-РИМАДОНЕ'
165.8328 	EXP 	image_2: autoDraw = True
165.8328 	EXP 	text_label_2: autoDraw = True
165.8328 	EXP 	text_instr_3: autoDraw = True
166.5861 	EXP 	New trial (rep=0, index=34): {'ImageFile_All_list': 'img3.png', 'LabelText_all': 'бенедетто-фенедетто', 'True_Ans_all': 'right'}
166.6123 	DATA 	Keypress: right
166.6193 	EXP 	image_2: autoDraw = False
166.6193 	EXP 	text_label_2: autoDraw = False
166.6193 	EXP 	text_instr_3: autoDraw = False
166.6193 	EXP 	image_2: image = 'img3.png'
166.6193 	EXP 	text_label_2: height = 0.05
166.6193 	EXP 	text_label_2: height = 0.05
166.6193 	EXP 	text_label_2: height = 0.05
166.6193 	EXP 	text_label_2: text = 'бенедетто-фенедетто'
166.6193 	EXP 	image_2: autoDraw = True
166.6193 	EXP 	text_label_2: autoDraw = True
166.6193 	EXP 	text_instr_3: autoDraw = True
167.4193 	EXP 	New trial (rep=0, index=35): {'ImageFile_All_list': 'img31.png', 'LabelText_all': 'лорематто-форематто', 'True_Ans_all': 'left'}
167.4517 	DATA 	Keypress: right
167.4572 	EXP 	image_2: autoDraw = False
167.4572 	EXP 	text_label_2: autoDraw = False
167.4572 	EXP 	text_instr_3: autoDraw = False
167.4572 	EXP 	image_2: image = 'img31.png'
167.4572 	EXP 	text_label_2: height = 0.05
167.4572 	EXP 	text_label_2: height = 0.05
167.4572 	EXP 	text_label_2: height = 0.05
167.4572 	EXP 	text_label_2: text = 'лорематто-форематто'
167.4572 	EXP 	image_2: autoDraw = True
167.4572 	EXP 	text_label_2: autoDraw = True
167.4572 	EXP 	text_instr_3: autoDraw = True
168.2383 	DATA 	Keypress: right
168.2529 	EXP 	New trial (rep=0, index=36): {'ImageFile_All_list': 'img18.png', 'LabelText_all': 'СУРАНЕЛЛО-ЛУРАНЕЛЛО', 'True_Ans_all': 'right'}
168.2789 	EXP 	image_2: autoDraw = False
168.2789 	EXP 	text_label_2: autoDraw = False
168.2789 	EXP 	text_instr_3: autoDraw = False
168.2789 	EXP 	image_2: image = 'img18.png'
168.2789 	EXP 	text_label_2: height = 0.05
168.2789 	EXP 	text_label_2: height = 0.05
168.2789 	EXP 	text_label_2: height = 0.05
168.2789 	EXP 	text_label_2: text = 'СУРАНЕЛЛО-ЛУРАНЕЛЛО'
168.2789 	EXP 	image_2: autoDraw = True
168.2789 	EXP 	text_label_2: autoDraw = True
168.2789 	EXP 	text_instr_3: autoDraw = True
169.0361 	EXP 	New trial (rep=0, index=37): {'ImageFile_All_list': 'img9.png', 'LabelText_all': 'маривоне-саривоне', 'True_Ans_all': 'right'}
169.0799 	DATA 	Keypress: right
169.0858 	EXP 	image_2: autoDraw = False
169.0858 	EXP 	text_label_2: autoDraw = False
169.0858 	EXP 	text_instr_3: autoDraw = False
169.0858 	EXP 	image_2: image = 'img9.png'
169.0858 	EXP 	text_label_2: height = 0.05
169.0858 	EXP 	text_label_2: height = 0.05
169.0858 	EXP 	text_label_2: height = 0.05
169.0858 	EXP 	text_label_2: text = 'маривоне-саривоне'
169.0858 	EXP 	image_2: autoDraw = True
169.0858 	EXP 	text_label_2: autoDraw = True
169.0858 	EXP 	text_instr_3: autoDraw = True
169.9862 	EXP 	New trial (rep=0, index=38): {'ImageFile_All_list': 'img2.png', 'LabelText_all': 'ПАЛЕВИНО-ТАЛЕВИНО', 'True_Ans_all': 'right'}
170.0100 	DATA 	Keypress: right
170.0173 	EXP 	image_2: autoDraw = False
170.0173 	EXP 	text_label_2: autoDraw = False
170.0173 	EXP 	text_instr_3: autoDraw = False
170.0173 	EXP 	image_2: image = 'img2.png'
170.0173 	EXP 	text_label_2: height = 0.05
170.0173 	EXP 	text_label_2: height = 0.05
170.0173 	EXP 	text_label_2: height = 0.05
170.0173 	EXP 	text_label_2: text = 'ПАЛЕВИНО-ТАЛЕВИНО'
170.0173 	EXP 	image_2: autoDraw = True
170.0173 	EXP 	text_label_2: autoDraw = True
170.0173 	EXP 	text_instr_3: autoDraw = True
171.1195 	EXP 	New trial (rep=0, index=39): {'ImageFile_All_list': 'img20.png', 'LabelText_all': 'ВАЛЕКИТТО-МАЛЕКИТТО', 'True_Ans_all': 'right'}
171.1623 	DATA 	Keypress: right
171.1686 	EXP 	image_2: autoDraw = False
171.1686 	EXP 	text_label_2: autoDraw = False
171.1686 	EXP 	text_instr_3: autoDraw = False
171.1686 	EXP 	image_2: image = 'img20.png'
171.1686 	EXP 	text_label_2: height = 0.05
171.1686 	EXP 	text_label_2: height = 0.05
171.1686 	EXP 	text_label_2: height = 0.05
171.1686 	EXP 	text_label_2: text = 'ВАЛЕКИТТО-МАЛЕКИТТО'
171.1686 	EXP 	image_2: autoDraw = True
171.1686 	EXP 	text_label_2: autoDraw = True
171.1686 	EXP 	text_instr_3: autoDraw = True
172.2859 	EXP 	New trial (rep=0, index=40): {'ImageFile_All_list': 'img28.png', 'LabelText_all': 'ВАЛЕНТЕТТО-МАЛЕНТЕТТО', 'True_Ans_all': 'left'}
172.3209 	DATA 	Keypress: right
172.3281 	EXP 	image_2: autoDraw = False
172.3281 	EXP 	text_label_2: autoDraw = False
172.3281 	EXP 	text_instr_3: autoDraw = False
172.3281 	EXP 	image_2: image = 'img28.png'
172.3281 	EXP 	text_label_2: height = 0.05
172.3281 	EXP 	text_label_2: height = 0.05
172.3281 	EXP 	text_label_2: height = 0.05
172.3281 	EXP 	text_label_2: text = 'ВАЛЕНТЕТТО-МАЛЕНТЕТТО'
172.3281 	EXP 	image_2: autoDraw = True
172.3281 	EXP 	text_label_2: autoDraw = True
172.3281 	EXP 	text_instr_3: autoDraw = True
173.1529 	EXP 	New trial (rep=0, index=41): {'ImageFile_All_list': 'img26.png', 'LabelText_all': 'ДАЛЕТИНО-ПАЛЕТИНО', 'True_Ans_all': 'left'}
173.1959 	DATA 	Keypress: right
173.2023 	EXP 	image_2: autoDraw = False
173.2023 	EXP 	text_label_2: autoDraw = False
173.2023 	EXP 	text_instr_3: autoDraw = False
173.2023 	EXP 	image_2: image = 'img26.png'
173.2023 	EXP 	text_label_2: height = 0.05
173.2023 	EXP 	text_label_2: height = 0.05
173.2023 	EXP 	text_label_2: height = 0.05
173.2023 	EXP 	text_label_2: text = 'ДАЛЕТИНО-ПАЛЕТИНО'
173.2023 	EXP 	image_2: autoDraw = True
173.2023 	EXP 	text_label_2: autoDraw = True
173.2023 	EXP 	text_instr_3: autoDraw = True
174.2196 	EXP 	New trial (rep=0, index=42): {'ImageFile_All_list': 'img27.png', 'LabelText_all': 'рембебетто-пемферетто', 'True_Ans_all': 'left'}
174.2615 	DATA 	Keypress: right
174.2672 	EXP 	image_2: autoDraw = False
174.2672 	EXP 	text_label_2: autoDraw = False
174.2672 	EXP 	text_instr_3: autoDraw = False
174.2672 	EXP 	image_2: image = 'img27.png'
174.2672 	EXP 	text_label_2: height = 0.05
174.2672 	EXP 	text_label_2: height = 0.05
174.2672 	EXP 	text_label_2: height = 0.05
174.2672 	EXP 	text_label_2: text = 'рембебетто-пемферетто'
174.2672 	EXP 	image_2: autoDraw = True
174.2672 	EXP 	text_label_2: autoDraw = True
174.2672 	EXP 	text_instr_3: autoDraw = True
175.2296 	DATA 	Keypress: right
175.2413 	EXP 	New trial (rep=0, index=43): {'ImageFile_All_list': 'img30.png', 'LabelText_all': 'ФЕЛЛИДЕЛЛО-МЕЛЛИДЕЛЛО', 'True_Ans_all': 'left'}
175.2932 	EXP 	image_2: autoDraw = False
175.2932 	EXP 	text_label_2: autoDraw = False
175.2932 	EXP 	text_instr_3: autoDraw = False
175.2932 	EXP 	image_2: image = 'img30.png'
175.2932 	EXP 	text_label_2: height = 0.05
175.2932 	EXP 	text_label_2: height = 0.05
175.2932 	EXP 	text_label_2: height = 0.05
175.2932 	EXP 	text_label_2: text = 'ФЕЛЛИДЕЛЛО-МЕЛЛИДЕЛЛО'
175.2932 	EXP 	image_2: autoDraw = True
175.2932 	EXP 	text_label_2: autoDraw = True
175.2932 	EXP 	text_instr_3: autoDraw = True
176.2030 	EXP 	New trial (rep=0, index=44): {'ImageFile_All_list': 'img32.png', 'LabelText_all': 'ГАЛЕРДИТТО-ПАЛЕРДИТТО', 'True_Ans_all': 'left'}
176.2399 	DATA 	Keypress: right
176.2468 	EXP 	image_2: autoDraw = False
176.2468 	EXP 	text_label_2: autoDraw = False
176.2468 	EXP 	text_instr_3: autoDraw = False
176.2468 	EXP 	image_2: image = 'img32.png'
176.2468 	EXP 	text_label_2: height = 0.05
176.2468 	EXP 	text_label_2: height = 0.05
176.2468 	EXP 	text_label_2: height = 0.05
176.2468 	EXP 	text_label_2: text = 'ГАЛЕРДИТТО-ПАЛЕРДИТТО'
176.2468 	EXP 	image_2: autoDraw = True
176.2468 	EXP 	text_label_2: autoDraw = True
176.2468 	EXP 	text_instr_3: autoDraw = True
177.2029 	EXP 	New trial (rep=0, index=45): {'ImageFile_All_list': 'img41.png', 'LabelText_all': 'данирелло-ланирелло', 'True_Ans_all': 'left'}
177.2416 	DATA 	Keypress: right
177.2473 	EXP 	image_2: autoDraw = False
177.2473 	EXP 	text_label_2: autoDraw = False
177.2473 	EXP 	text_instr_3: autoDraw = False
177.2473 	EXP 	image_2: image = 'img41.png'
177.2473 	EXP 	text_label_2: height = 0.05
177.2473 	EXP 	text_label_2: height = 0.05
177.2473 	EXP 	text_label_2: height = 0.05
177.2473 	EXP 	text_label_2: text = 'данирелло-ланирелло'
177.2473 	EXP 	image_2: autoDraw = True
177.2473 	EXP 	text_label_2: autoDraw = True
177.2473 	EXP 	text_instr_3: autoDraw = True
178.0695 	EXP 	New trial (rep=0, index=46): {'ImageFile_All_list': 'img42.png', 'LabelText_all': 'БАРОТЕЛЛО-ПАРОТЕЛЛО', 'True_Ans_all': 'left'}
178.1123 	DATA 	Keypress: right
178.1191 	EXP 	image_2: autoDraw = False
178.1191 	EXP 	text_label_2: autoDraw = False
178.1191 	EXP 	text_instr_3: autoDraw = False
178.1191 	EXP 	image_2: image = 'img42.png'
178.1191 	EXP 	text_label_2: height = 0.05
178.1191 	EXP 	text_label_2: height = 0.05
178.1191 	EXP 	text_label_2: height = 0.05
178.1191 	EXP 	text_label_2: text = 'БАРОТЕЛЛО-ПАРОТЕЛЛО'
178.1191 	EXP 	image_2: autoDraw = True
178.1191 	EXP 	text_label_2: autoDraw = True
178.1191 	EXP 	text_instr_3: autoDraw = True
179.0716 	DATA 	Keypress: right
179.0859 	EXP 	New trial (rep=0, index=47): {'ImageFile_All_list': 'img24.png', 'LabelText_all': 'ФАРИМОРА-САРИМОРА', 'True_Ans_all': 'right'}
179.1160 	EXP 	image_2: autoDraw = False
179.1160 	EXP 	text_label_2: autoDraw = False
179.1160 	EXP 	text_instr_3: autoDraw = False
179.1160 	EXP 	image_2: image = 'img24.png'
179.1160 	EXP 	text_label_2: height = 0.05
179.1160 	EXP 	text_label_2: height = 0.05
179.1160 	EXP 	text_label_2: height = 0.05
179.1160 	EXP 	text_label_2: text = 'ФАРИМОРА-САРИМОРА'
179.1160 	EXP 	image_2: autoDraw = True
179.1160 	EXP 	text_label_2: autoDraw = True
179.1160 	EXP 	text_instr_3: autoDraw = True
180.0550 	DATA 	Keypress: right
180.0676 	EXP 	image_2: autoDraw = False
180.0676 	EXP 	text_label_2: autoDraw = False
180.0676 	EXP 	text_instr_3: autoDraw = False
180.0676 	EXP 	text_fin: autoDraw = True
182.0677 	EXP 	text_fin: autoDraw = False
182.0677 	EXP 	text_fin: autoDraw = False
182.0678 	EXP 	con_exp: status = STOPPED
182.1805 	EXP 	window1: mouseVisible = True
